[2024-02-01 13:25:23,245] {taskinstance.py:1159} INFO - Dependencies all met for <TaskInstance: etl_postgresql.import_file_to_mysql manual__2024-02-01T13:25:22.301955+00:00 [queued]>
[2024-02-01 13:25:23,252] {taskinstance.py:1159} INFO - Dependencies all met for <TaskInstance: etl_postgresql.import_file_to_mysql manual__2024-02-01T13:25:22.301955+00:00 [queued]>
[2024-02-01 13:25:23,252] {taskinstance.py:1356} INFO - 
--------------------------------------------------------------------------------
[2024-02-01 13:25:23,252] {taskinstance.py:1357} INFO - Starting attempt 1 of 2
[2024-02-01 13:25:23,253] {taskinstance.py:1358} INFO - 
--------------------------------------------------------------------------------
[2024-02-01 13:25:23,262] {taskinstance.py:1377} INFO - Executing <Task(PythonOperator): import_file_to_mysql> on 2024-02-01 13:25:22.301955+00:00
[2024-02-01 13:25:23,266] {standard_task_runner.py:52} INFO - Started process 3064 to run task
[2024-02-01 13:25:23,269] {standard_task_runner.py:79} INFO - Running: ['***', 'tasks', 'run', 'etl_postgresql', 'import_file_to_mysql', 'manual__2024-02-01T13:25:22.301955+00:00', '--job-id', '248', '--raw', '--subdir', 'DAGS_FOLDER/etl_dag.py', '--cfg-path', '/tmp/tmp7t1ixe0g', '--error-file', '/tmp/tmppt6js0f6']
[2024-02-01 13:25:23,270] {standard_task_runner.py:80} INFO - Job 248: Subtask import_file_to_mysql
[2024-02-01 13:25:23,339] {task_command.py:369} INFO - Running <TaskInstance: etl_postgresql.import_file_to_mysql manual__2024-02-01T13:25:22.301955+00:00 [running]> on host 0cb2a3b23a40
[2024-02-01 13:25:23,453] {taskinstance.py:1571} INFO - Exporting the following env vars:
AIRFLOW_CTX_DAG_OWNER=***
AIRFLOW_CTX_DAG_ID=etl_postgresql
AIRFLOW_CTX_TASK_ID=import_file_to_mysql
AIRFLOW_CTX_EXECUTION_DATE=2024-02-01T13:25:22.301955+00:00
AIRFLOW_CTX_TRY_NUMBER=1
AIRFLOW_CTX_DAG_RUN_ID=manual__2024-02-01T13:25:22.301955+00:00
[2024-02-01 13:25:26,509] {logging_mixin.py:115} INFO - Successfully install pandas
[2024-02-01 13:25:29,832] {logging_mixin.py:115} INFO - Successfully install sqlalchemy
[2024-02-01 13:25:32,708] {logging_mixin.py:115} INFO - Successfully install pymysql
[2024-02-01 13:25:32,833] {python.py:173} INFO - Done. Returned value was: import to mysql
[2024-02-01 13:25:32,851] {taskinstance.py:1400} INFO - Marking task as SUCCESS. dag_id=etl_postgresql, task_id=import_file_to_mysql, execution_date=20240201T132522, start_date=20240201T132523, end_date=20240201T132532
[2024-02-01 13:25:32,895] {local_task_job.py:156} INFO - Task exited with return code 0
[2024-02-01 13:25:32,915] {local_task_job.py:273} INFO - 0 downstream tasks scheduled from follow-on schedule check
