[2024-02-02 04:04:53,082] {taskinstance.py:1159} INFO - Dependencies all met for <TaskInstance: etl_postgresql.aggregate_province_yearly scheduled__2024-02-01T00:05:00+00:00 [queued]>
[2024-02-02 04:04:53,088] {taskinstance.py:1159} INFO - Dependencies all met for <TaskInstance: etl_postgresql.aggregate_province_yearly scheduled__2024-02-01T00:05:00+00:00 [queued]>
[2024-02-02 04:04:53,088] {taskinstance.py:1356} INFO - 
--------------------------------------------------------------------------------
[2024-02-02 04:04:53,089] {taskinstance.py:1357} INFO - Starting attempt 1 of 2
[2024-02-02 04:04:53,089] {taskinstance.py:1358} INFO - 
--------------------------------------------------------------------------------
[2024-02-02 04:04:53,097] {taskinstance.py:1377} INFO - Executing <Task(PythonOperator): aggregate_province_yearly> on 2024-02-01 00:05:00+00:00
[2024-02-02 04:04:53,101] {standard_task_runner.py:52} INFO - Started process 419 to run task
[2024-02-02 04:04:53,112] {standard_task_runner.py:79} INFO - Running: ['***', 'tasks', 'run', 'etl_postgresql', 'aggregate_province_yearly', 'scheduled__2024-02-01T00:05:00+00:00', '--job-id', '301', '--raw', '--subdir', 'DAGS_FOLDER/etl_dag.py', '--cfg-path', '/tmp/tmpih2hk3lg', '--error-file', '/tmp/tmpzx7syq34']
[2024-02-02 04:04:53,115] {standard_task_runner.py:80} INFO - Job 301: Subtask aggregate_province_yearly
[2024-02-02 04:04:53,166] {task_command.py:369} INFO - Running <TaskInstance: etl_postgresql.aggregate_province_yearly scheduled__2024-02-01T00:05:00+00:00 [running]> on host c3bb523480bf
[2024-02-02 04:04:53,235] {taskinstance.py:1571} INFO - Exporting the following env vars:
AIRFLOW_CTX_DAG_OWNER=***
AIRFLOW_CTX_DAG_ID=etl_postgresql
AIRFLOW_CTX_TASK_ID=aggregate_province_yearly
AIRFLOW_CTX_EXECUTION_DATE=2024-02-01T00:05:00+00:00
AIRFLOW_CTX_TRY_NUMBER=1
AIRFLOW_CTX_DAG_RUN_ID=scheduled__2024-02-01T00:05:00+00:00
[2024-02-02 04:04:55,971] {logging_mixin.py:115} INFO - Successfully install pandas
[2024-02-02 04:04:58,920] {logging_mixin.py:115} INFO - Successfully install sqlalchemy
[2024-02-02 04:05:01,365] {logging_mixin.py:115} INFO - Successfully install pymysql
[2024-02-02 04:05:03,798] {logging_mixin.py:115} INFO - Successfully install sqlalchemy
[2024-02-02 04:05:03,895] {python.py:173} INFO - Done. Returned value was: aggregate_province_yearly
[2024-02-02 04:05:03,918] {taskinstance.py:1400} INFO - Marking task as SUCCESS. dag_id=etl_postgresql, task_id=aggregate_province_yearly, execution_date=20240201T000500, start_date=20240202T040453, end_date=20240202T040503
[2024-02-02 04:05:03,970] {local_task_job.py:156} INFO - Task exited with return code 0
[2024-02-02 04:05:03,987] {local_task_job.py:273} INFO - 1 downstream tasks scheduled from follow-on schedule check
