[2024-02-01 13:25:23,297] {taskinstance.py:1159} INFO - Dependencies all met for <TaskInstance: etl_postgresql.aggregate_province_daily manual__2024-02-01T13:25:22.301955+00:00 [queued]>
[2024-02-01 13:25:23,312] {taskinstance.py:1159} INFO - Dependencies all met for <TaskInstance: etl_postgresql.aggregate_province_daily manual__2024-02-01T13:25:22.301955+00:00 [queued]>
[2024-02-01 13:25:23,312] {taskinstance.py:1356} INFO - 
--------------------------------------------------------------------------------
[2024-02-01 13:25:23,313] {taskinstance.py:1357} INFO - Starting attempt 1 of 2
[2024-02-01 13:25:23,315] {taskinstance.py:1358} INFO - 
--------------------------------------------------------------------------------
[2024-02-01 13:25:23,334] {taskinstance.py:1377} INFO - Executing <Task(PythonOperator): aggregate_province_daily> on 2024-02-01 13:25:22.301955+00:00
[2024-02-01 13:25:23,339] {standard_task_runner.py:52} INFO - Started process 3066 to run task
[2024-02-01 13:25:23,345] {standard_task_runner.py:79} INFO - Running: ['***', 'tasks', 'run', 'etl_postgresql', 'aggregate_province_daily', 'manual__2024-02-01T13:25:22.301955+00:00', '--job-id', '251', '--raw', '--subdir', 'DAGS_FOLDER/etl_dag.py', '--cfg-path', '/tmp/tmpf_mk0ws0', '--error-file', '/tmp/tmp3sqm9vse']
[2024-02-01 13:25:23,347] {standard_task_runner.py:80} INFO - Job 251: Subtask aggregate_province_daily
[2024-02-01 13:25:23,434] {task_command.py:369} INFO - Running <TaskInstance: etl_postgresql.aggregate_province_daily manual__2024-02-01T13:25:22.301955+00:00 [running]> on host 0cb2a3b23a40
[2024-02-01 13:25:23,511] {taskinstance.py:1571} INFO - Exporting the following env vars:
AIRFLOW_CTX_DAG_OWNER=***
AIRFLOW_CTX_DAG_ID=etl_postgresql
AIRFLOW_CTX_TASK_ID=aggregate_province_daily
AIRFLOW_CTX_EXECUTION_DATE=2024-02-01T13:25:22.301955+00:00
AIRFLOW_CTX_TRY_NUMBER=1
AIRFLOW_CTX_DAG_RUN_ID=manual__2024-02-01T13:25:22.301955+00:00
[2024-02-01 13:25:26,588] {logging_mixin.py:115} INFO - Successfully install sqlalchemy
[2024-02-01 13:25:29,604] {logging_mixin.py:115} INFO - Successfully install pandas
[2024-02-01 13:25:32,712] {logging_mixin.py:115} INFO - Successfully install sqlalchemy
[2024-02-01 13:25:35,666] {logging_mixin.py:115} INFO - Successfully install pymysql
[2024-02-01 13:25:38,697] {logging_mixin.py:115} INFO - Successfully install sqlalchemy
[2024-02-01 13:25:38,789] {python.py:173} INFO - Done. Returned value was: aggregate_province_daily
[2024-02-01 13:25:38,807] {taskinstance.py:1400} INFO - Marking task as SUCCESS. dag_id=etl_postgresql, task_id=aggregate_province_daily, execution_date=20240201T132522, start_date=20240201T132523, end_date=20240201T132538
[2024-02-01 13:25:38,866] {local_task_job.py:156} INFO - Task exited with return code 0
[2024-02-01 13:25:38,889] {local_task_job.py:273} INFO - 1 downstream tasks scheduled from follow-on schedule check
