[2024-02-02 04:04:37,159] {taskinstance.py:1159} INFO - Dependencies all met for <TaskInstance: etl_postgresql.create_ddl_postgres scheduled__2024-02-01T00:05:00+00:00 [queued]>
[2024-02-02 04:04:37,164] {taskinstance.py:1159} INFO - Dependencies all met for <TaskInstance: etl_postgresql.create_ddl_postgres scheduled__2024-02-01T00:05:00+00:00 [queued]>
[2024-02-02 04:04:37,164] {taskinstance.py:1356} INFO - 
--------------------------------------------------------------------------------
[2024-02-02 04:04:37,165] {taskinstance.py:1357} INFO - Starting attempt 2 of 2
[2024-02-02 04:04:37,165] {taskinstance.py:1358} INFO - 
--------------------------------------------------------------------------------
[2024-02-02 04:04:37,172] {taskinstance.py:1377} INFO - Executing <Task(PythonOperator): create_ddl_postgres> on 2024-02-01 00:05:00+00:00
[2024-02-02 04:04:37,176] {standard_task_runner.py:52} INFO - Started process 354 to run task
[2024-02-02 04:04:37,179] {standard_task_runner.py:79} INFO - Running: ['***', 'tasks', 'run', 'etl_postgresql', 'create_ddl_postgres', 'scheduled__2024-02-01T00:05:00+00:00', '--job-id', '294', '--raw', '--subdir', 'DAGS_FOLDER/etl_dag.py', '--cfg-path', '/tmp/tmpwlxk2jem', '--error-file', '/tmp/tmpgr0hmdft']
[2024-02-02 04:04:37,180] {standard_task_runner.py:80} INFO - Job 294: Subtask create_ddl_postgres
[2024-02-02 04:04:37,213] {task_command.py:369} INFO - Running <TaskInstance: etl_postgresql.create_ddl_postgres scheduled__2024-02-01T00:05:00+00:00 [running]> on host c3bb523480bf
[2024-02-02 04:04:37,255] {taskinstance.py:1571} INFO - Exporting the following env vars:
AIRFLOW_CTX_DAG_OWNER=***
AIRFLOW_CTX_DAG_ID=etl_postgresql
AIRFLOW_CTX_TASK_ID=create_ddl_postgres
AIRFLOW_CTX_EXECUTION_DATE=2024-02-01T00:05:00+00:00
AIRFLOW_CTX_TRY_NUMBER=2
AIRFLOW_CTX_DAG_RUN_ID=scheduled__2024-02-01T00:05:00+00:00
[2024-02-02 04:04:39,594] {logging_mixin.py:115} INFO - Successfully install sqlalchemy
[2024-02-02 04:04:41,961] {logging_mixin.py:115} INFO - Successfully install sqlalchemy
[2024-02-02 04:04:41,990] {logging_mixin.py:115} INFO - success migrate table
[2024-02-02 04:04:41,991] {python.py:173} INFO - Done. Returned value was: None
[2024-02-02 04:04:41,999] {taskinstance.py:1400} INFO - Marking task as SUCCESS. dag_id=etl_postgresql, task_id=create_ddl_postgres, execution_date=20240201T000500, start_date=20240202T040437, end_date=20240202T040441
[2024-02-02 04:04:42,043] {local_task_job.py:156} INFO - Task exited with return code 0
[2024-02-02 04:04:42,068] {local_task_job.py:273} INFO - 1 downstream tasks scheduled from follow-on schedule check
