[2024-01-31 11:28:26,782] {taskinstance.py:1159} INFO - Dependencies all met for <TaskInstance: etl_postgresql.import_file_to_mysql manual__2024-01-31T11:28:21.085845+00:00 [queued]>
[2024-01-31 11:28:26,789] {taskinstance.py:1159} INFO - Dependencies all met for <TaskInstance: etl_postgresql.import_file_to_mysql manual__2024-01-31T11:28:21.085845+00:00 [queued]>
[2024-01-31 11:28:26,789] {taskinstance.py:1356} INFO - 
--------------------------------------------------------------------------------
[2024-01-31 11:28:26,789] {taskinstance.py:1357} INFO - Starting attempt 1 of 2
[2024-01-31 11:28:26,789] {taskinstance.py:1358} INFO - 
--------------------------------------------------------------------------------
[2024-01-31 11:28:26,798] {taskinstance.py:1377} INFO - Executing <Task(PythonOperator): import_file_to_mysql> on 2024-01-31 11:28:21.085845+00:00
[2024-01-31 11:28:26,801] {standard_task_runner.py:52} INFO - Started process 3927 to run task
[2024-01-31 11:28:26,804] {standard_task_runner.py:79} INFO - Running: ['***', 'tasks', 'run', 'etl_postgresql', 'import_file_to_mysql', 'manual__2024-01-31T11:28:21.085845+00:00', '--job-id', '98', '--raw', '--subdir', 'DAGS_FOLDER/etl_dag.py', '--cfg-path', '/tmp/tmpli5hfohy', '--error-file', '/tmp/tmpwpqhox6k']
[2024-01-31 11:28:26,805] {standard_task_runner.py:80} INFO - Job 98: Subtask import_file_to_mysql
[2024-01-31 11:28:26,843] {task_command.py:369} INFO - Running <TaskInstance: etl_postgresql.import_file_to_mysql manual__2024-01-31T11:28:21.085845+00:00 [running]> on host d99f9e65d396
[2024-01-31 11:28:26,893] {taskinstance.py:1571} INFO - Exporting the following env vars:
AIRFLOW_CTX_DAG_OWNER=***
AIRFLOW_CTX_DAG_ID=etl_postgresql
AIRFLOW_CTX_TASK_ID=import_file_to_mysql
AIRFLOW_CTX_EXECUTION_DATE=2024-01-31T11:28:21.085845+00:00
AIRFLOW_CTX_TRY_NUMBER=1
AIRFLOW_CTX_DAG_RUN_ID=manual__2024-01-31T11:28:21.085845+00:00
[2024-01-31 11:28:27,342] {logging_mixin.py:115} INFO - Error install json
[2024-01-31 11:28:30,419] {logging_mixin.py:115} INFO - Successfully install pandas
[2024-01-31 11:28:33,400] {logging_mixin.py:115} INFO - Successfully install pymysql
[2024-01-31 11:28:33,734] {logging_mixin.py:115} INFO - An error occurred: (pymysql.err.OperationalError) (2003, "Can't connect to MySQL server on '172.23.0.2' ([Errno 111] Connection refused)")
(Background on this error at: http://sqlalche.me/e/14/e3q8)
[2024-01-31 11:28:33,734] {python.py:173} INFO - Done. Returned value was: end
[2024-01-31 11:28:33,754] {taskinstance.py:1400} INFO - Marking task as SUCCESS. dag_id=etl_postgresql, task_id=import_file_to_mysql, execution_date=20240131T112821, start_date=20240131T112826, end_date=20240131T112833
[2024-01-31 11:28:33,814] {local_task_job.py:156} INFO - Task exited with return code 0
[2024-01-31 11:28:33,837] {local_task_job.py:273} INFO - 1 downstream tasks scheduled from follow-on schedule check
