[2024-02-01 11:35:51,771] {taskinstance.py:1159} INFO - Dependencies all met for <TaskInstance: etl_postgresql.get_data_covid scheduled__2024-01-30T23:00:00+00:00 [queued]>
[2024-02-01 11:35:51,778] {taskinstance.py:1159} INFO - Dependencies all met for <TaskInstance: etl_postgresql.get_data_covid scheduled__2024-01-30T23:00:00+00:00 [queued]>
[2024-02-01 11:35:51,778] {taskinstance.py:1356} INFO - 
--------------------------------------------------------------------------------
[2024-02-01 11:35:51,778] {taskinstance.py:1357} INFO - Starting attempt 1 of 2
[2024-02-01 11:35:51,778] {taskinstance.py:1358} INFO - 
--------------------------------------------------------------------------------
[2024-02-01 11:35:51,788] {taskinstance.py:1377} INFO - Executing <Task(PythonOperator): get_data_covid> on 2024-01-30 23:00:00+00:00
[2024-02-01 11:35:51,791] {standard_task_runner.py:52} INFO - Started process 207 to run task
[2024-02-01 11:35:51,793] {standard_task_runner.py:79} INFO - Running: ['***', 'tasks', 'run', 'etl_postgresql', 'get_data_covid', 'scheduled__2024-01-30T23:00:00+00:00', '--job-id', '214', '--raw', '--subdir', 'DAGS_FOLDER/etl_dag.py', '--cfg-path', '/tmp/tmpwy2om6h5', '--error-file', '/tmp/tmpa3vocbdq']
[2024-02-01 11:35:51,795] {standard_task_runner.py:80} INFO - Job 214: Subtask get_data_covid
[2024-02-01 11:35:51,839] {task_command.py:369} INFO - Running <TaskInstance: etl_postgresql.get_data_covid scheduled__2024-01-30T23:00:00+00:00 [running]> on host 0cb2a3b23a40
[2024-02-01 11:35:51,894] {taskinstance.py:1571} INFO - Exporting the following env vars:
AIRFLOW_CTX_DAG_OWNER=***
AIRFLOW_CTX_DAG_ID=etl_postgresql
AIRFLOW_CTX_TASK_ID=get_data_covid
AIRFLOW_CTX_EXECUTION_DATE=2024-01-30T23:00:00+00:00
AIRFLOW_CTX_TRY_NUMBER=1
AIRFLOW_CTX_DAG_RUN_ID=scheduled__2024-01-30T23:00:00+00:00
[2024-02-01 11:35:55,733] {logging_mixin.py:115} INFO - Successfully install requests
[2024-02-01 11:35:55,850] {python.py:173} INFO - Done. Returned value was: get_data_covid
[2024-02-01 11:35:55,865] {taskinstance.py:1400} INFO - Marking task as SUCCESS. dag_id=etl_postgresql, task_id=get_data_covid, execution_date=20240130T230000, start_date=20240201T113551, end_date=20240201T113555
[2024-02-01 11:35:55,901] {local_task_job.py:156} INFO - Task exited with return code 0
[2024-02-01 11:35:55,930] {local_task_job.py:273} INFO - 1 downstream tasks scheduled from follow-on schedule check
