[2024-01-31 15:43:15,726] {taskinstance.py:1159} INFO - Dependencies all met for <TaskInstance: etl_postgresql.aggregate_dim_table manual__2024-01-31T15:42:51.004140+00:00 [queued]>
[2024-01-31 15:43:15,733] {taskinstance.py:1159} INFO - Dependencies all met for <TaskInstance: etl_postgresql.aggregate_dim_table manual__2024-01-31T15:42:51.004140+00:00 [queued]>
[2024-01-31 15:43:15,733] {taskinstance.py:1356} INFO - 
--------------------------------------------------------------------------------
[2024-01-31 15:43:15,733] {taskinstance.py:1357} INFO - Starting attempt 1 of 2
[2024-01-31 15:43:15,733] {taskinstance.py:1358} INFO - 
--------------------------------------------------------------------------------
[2024-01-31 15:43:15,741] {taskinstance.py:1377} INFO - Executing <Task(PythonOperator): aggregate_dim_table> on 2024-01-31 15:42:51.004140+00:00
[2024-01-31 15:43:15,744] {standard_task_runner.py:52} INFO - Started process 10755 to run task
[2024-01-31 15:43:15,747] {standard_task_runner.py:79} INFO - Running: ['***', 'tasks', 'run', 'etl_postgresql', 'aggregate_dim_table', 'manual__2024-01-31T15:42:51.004140+00:00', '--job-id', '208', '--raw', '--subdir', 'DAGS_FOLDER/etl_dag.py', '--cfg-path', '/tmp/tmprc49npaa', '--error-file', '/tmp/tmpelnb0qiw']
[2024-01-31 15:43:15,748] {standard_task_runner.py:80} INFO - Job 208: Subtask aggregate_dim_table
[2024-01-31 15:43:15,782] {task_command.py:369} INFO - Running <TaskInstance: etl_postgresql.aggregate_dim_table manual__2024-01-31T15:42:51.004140+00:00 [running]> on host d99f9e65d396
[2024-01-31 15:43:15,830] {taskinstance.py:1571} INFO - Exporting the following env vars:
AIRFLOW_CTX_DAG_OWNER=***
AIRFLOW_CTX_DAG_ID=etl_postgresql
AIRFLOW_CTX_TASK_ID=aggregate_dim_table
AIRFLOW_CTX_EXECUTION_DATE=2024-01-31T15:42:51.004140+00:00
AIRFLOW_CTX_TRY_NUMBER=1
AIRFLOW_CTX_DAG_RUN_ID=manual__2024-01-31T15:42:51.004140+00:00
[2024-01-31 15:43:18,705] {logging_mixin.py:115} INFO - Successfully install sqlalchemy
[2024-01-31 15:43:21,562] {logging_mixin.py:115} INFO - Successfully install sqlalchemy
[2024-01-31 15:43:24,403] {logging_mixin.py:115} INFO - Successfully install pymysql
[2024-01-31 15:43:27,276] {logging_mixin.py:115} INFO - Successfully install sqlalchemy
[2024-01-31 15:43:27,355] {python.py:173} INFO - Done. Returned value was: insert dim table
[2024-01-31 15:43:27,373] {taskinstance.py:1400} INFO - Marking task as SUCCESS. dag_id=etl_postgresql, task_id=aggregate_dim_table, execution_date=20240131T154251, start_date=20240131T154315, end_date=20240131T154327
[2024-01-31 15:43:27,410] {local_task_job.py:156} INFO - Task exited with return code 0
[2024-01-31 15:43:27,430] {local_task_job.py:273} INFO - 1 downstream tasks scheduled from follow-on schedule check
