[2024-02-02 04:27:34,769] {taskinstance.py:1159} INFO - Dependencies all met for <TaskInstance: etl_postgresql.aggregate_province_daily manual__2024-02-02T04:27:05.973041+00:00 [queued]>
[2024-02-02 04:27:34,775] {taskinstance.py:1159} INFO - Dependencies all met for <TaskInstance: etl_postgresql.aggregate_province_daily manual__2024-02-02T04:27:05.973041+00:00 [queued]>
[2024-02-02 04:27:34,775] {taskinstance.py:1356} INFO - 
--------------------------------------------------------------------------------
[2024-02-02 04:27:34,775] {taskinstance.py:1357} INFO - Starting attempt 1 of 2
[2024-02-02 04:27:34,776] {taskinstance.py:1358} INFO - 
--------------------------------------------------------------------------------
[2024-02-02 04:27:34,783] {taskinstance.py:1377} INFO - Executing <Task(PythonOperator): aggregate_province_daily> on 2024-02-02 04:27:05.973041+00:00
[2024-02-02 04:27:34,787] {standard_task_runner.py:52} INFO - Started process 1973 to run task
[2024-02-02 04:27:34,789] {standard_task_runner.py:79} INFO - Running: ['***', 'tasks', 'run', 'etl_postgresql', 'aggregate_province_daily', 'manual__2024-02-02T04:27:05.973041+00:00', '--job-id', '350', '--raw', '--subdir', 'DAGS_FOLDER/etl_dag.py', '--cfg-path', '/tmp/tmp2_912zcd', '--error-file', '/tmp/tmpnvti14iz']
[2024-02-02 04:27:34,790] {standard_task_runner.py:80} INFO - Job 350: Subtask aggregate_province_daily
[2024-02-02 04:27:34,831] {task_command.py:369} INFO - Running <TaskInstance: etl_postgresql.aggregate_province_daily manual__2024-02-02T04:27:05.973041+00:00 [running]> on host c3bb523480bf
[2024-02-02 04:27:34,887] {taskinstance.py:1571} INFO - Exporting the following env vars:
AIRFLOW_CTX_DAG_OWNER=***
AIRFLOW_CTX_DAG_ID=etl_postgresql
AIRFLOW_CTX_TASK_ID=aggregate_province_daily
AIRFLOW_CTX_EXECUTION_DATE=2024-02-02T04:27:05.973041+00:00
AIRFLOW_CTX_TRY_NUMBER=1
AIRFLOW_CTX_DAG_RUN_ID=manual__2024-02-02T04:27:05.973041+00:00
[2024-02-02 04:27:37,571] {logging_mixin.py:115} INFO - Successfully install pandas
[2024-02-02 04:27:40,532] {logging_mixin.py:115} INFO - Successfully install sqlalchemy
[2024-02-02 04:27:43,009] {logging_mixin.py:115} INFO - Successfully install pymysql
[2024-02-02 04:27:45,545] {logging_mixin.py:115} INFO - Successfully install sqlalchemy
[2024-02-02 04:27:45,681] {python.py:173} INFO - Done. Returned value was: aggregate_province_daily
[2024-02-02 04:27:45,703] {taskinstance.py:1400} INFO - Marking task as SUCCESS. dag_id=etl_postgresql, task_id=aggregate_province_daily, execution_date=20240202T042705, start_date=20240202T042734, end_date=20240202T042745
[2024-02-02 04:27:45,755] {local_task_job.py:156} INFO - Task exited with return code 0
[2024-02-02 04:27:45,774] {local_task_job.py:273} INFO - 0 downstream tasks scheduled from follow-on schedule check
