[2024-02-01 13:26:48,005] {taskinstance.py:1159} INFO - Dependencies all met for <TaskInstance: etl_postgresql.aggregate_province_daily manual__2024-02-01T13:26:47.310511+00:00 [queued]>
[2024-02-01 13:26:48,013] {taskinstance.py:1159} INFO - Dependencies all met for <TaskInstance: etl_postgresql.aggregate_province_daily manual__2024-02-01T13:26:47.310511+00:00 [queued]>
[2024-02-01 13:26:48,013] {taskinstance.py:1356} INFO - 
--------------------------------------------------------------------------------
[2024-02-01 13:26:48,013] {taskinstance.py:1357} INFO - Starting attempt 1 of 2
[2024-02-01 13:26:48,014] {taskinstance.py:1358} INFO - 
--------------------------------------------------------------------------------
[2024-02-01 13:26:48,024] {taskinstance.py:1377} INFO - Executing <Task(PythonOperator): aggregate_province_daily> on 2024-02-01 13:26:47.310511+00:00
[2024-02-01 13:26:48,029] {standard_task_runner.py:52} INFO - Started process 3193 to run task
[2024-02-01 13:26:48,033] {standard_task_runner.py:79} INFO - Running: ['***', 'tasks', 'run', 'etl_postgresql', 'aggregate_province_daily', 'manual__2024-02-01T13:26:47.310511+00:00', '--job-id', '256', '--raw', '--subdir', 'DAGS_FOLDER/etl_dag.py', '--cfg-path', '/tmp/tmppcxugbwj', '--error-file', '/tmp/tmpoeiil814']
[2024-02-01 13:26:48,035] {standard_task_runner.py:80} INFO - Job 256: Subtask aggregate_province_daily
[2024-02-01 13:26:48,092] {task_command.py:369} INFO - Running <TaskInstance: etl_postgresql.aggregate_province_daily manual__2024-02-01T13:26:47.310511+00:00 [running]> on host 0cb2a3b23a40
[2024-02-01 13:26:48,150] {taskinstance.py:1571} INFO - Exporting the following env vars:
AIRFLOW_CTX_DAG_OWNER=***
AIRFLOW_CTX_DAG_ID=etl_postgresql
AIRFLOW_CTX_TASK_ID=aggregate_province_daily
AIRFLOW_CTX_EXECUTION_DATE=2024-02-01T13:26:47.310511+00:00
AIRFLOW_CTX_TRY_NUMBER=1
AIRFLOW_CTX_DAG_RUN_ID=manual__2024-02-01T13:26:47.310511+00:00
[2024-02-01 13:26:51,204] {logging_mixin.py:115} INFO - Successfully install sqlalchemy
[2024-02-01 13:26:54,144] {logging_mixin.py:115} INFO - Successfully install pandas
[2024-02-01 13:26:57,292] {logging_mixin.py:115} INFO - Successfully install sqlalchemy
[2024-02-01 13:27:00,174] {logging_mixin.py:115} INFO - Successfully install pymysql
[2024-02-01 13:27:03,054] {logging_mixin.py:115} INFO - Successfully install sqlalchemy
[2024-02-01 13:27:03,136] {python.py:173} INFO - Done. Returned value was: aggregate_province_daily
[2024-02-01 13:27:03,154] {taskinstance.py:1400} INFO - Marking task as SUCCESS. dag_id=etl_postgresql, task_id=aggregate_province_daily, execution_date=20240201T132647, start_date=20240201T132648, end_date=20240201T132703
[2024-02-01 13:27:03,170] {local_task_job.py:156} INFO - Task exited with return code 0
[2024-02-01 13:27:03,191] {local_task_job.py:273} INFO - 1 downstream tasks scheduled from follow-on schedule check
