[2024-02-01 14:14:27,236] {taskinstance.py:1159} INFO - Dependencies all met for <TaskInstance: etl_postgresql.aggregate_dim_table manual__2024-02-01T14:14:06.218797+00:00 [queued]>
[2024-02-01 14:14:27,245] {taskinstance.py:1159} INFO - Dependencies all met for <TaskInstance: etl_postgresql.aggregate_dim_table manual__2024-02-01T14:14:06.218797+00:00 [queued]>
[2024-02-01 14:14:27,246] {taskinstance.py:1356} INFO - 
--------------------------------------------------------------------------------
[2024-02-01 14:14:27,246] {taskinstance.py:1357} INFO - Starting attempt 1 of 2
[2024-02-01 14:14:27,246] {taskinstance.py:1358} INFO - 
--------------------------------------------------------------------------------
[2024-02-01 14:14:27,259] {taskinstance.py:1377} INFO - Executing <Task(PythonOperator): aggregate_dim_table> on 2024-02-01 14:14:06.218797+00:00
[2024-02-01 14:14:27,263] {standard_task_runner.py:52} INFO - Started process 5189 to run task
[2024-02-01 14:14:27,266] {standard_task_runner.py:79} INFO - Running: ['***', 'tasks', 'run', 'etl_postgresql', 'aggregate_dim_table', 'manual__2024-02-01T14:14:06.218797+00:00', '--job-id', '284', '--raw', '--subdir', 'DAGS_FOLDER/etl_dag.py', '--cfg-path', '/tmp/tmpm9fe8h1d', '--error-file', '/tmp/tmpwg_d2hke']
[2024-02-01 14:14:27,267] {standard_task_runner.py:80} INFO - Job 284: Subtask aggregate_dim_table
[2024-02-01 14:14:27,308] {task_command.py:369} INFO - Running <TaskInstance: etl_postgresql.aggregate_dim_table manual__2024-02-01T14:14:06.218797+00:00 [running]> on host 0cb2a3b23a40
[2024-02-01 14:14:27,363] {taskinstance.py:1571} INFO - Exporting the following env vars:
AIRFLOW_CTX_DAG_OWNER=***
AIRFLOW_CTX_DAG_ID=etl_postgresql
AIRFLOW_CTX_TASK_ID=aggregate_dim_table
AIRFLOW_CTX_EXECUTION_DATE=2024-02-01T14:14:06.218797+00:00
AIRFLOW_CTX_TRY_NUMBER=1
AIRFLOW_CTX_DAG_RUN_ID=manual__2024-02-01T14:14:06.218797+00:00
[2024-02-01 14:14:30,353] {logging_mixin.py:115} INFO - Successfully install sqlalchemy
[2024-02-01 14:14:33,218] {logging_mixin.py:115} INFO - Successfully install sqlalchemy
[2024-02-01 14:14:36,107] {logging_mixin.py:115} INFO - Successfully install pymysql
[2024-02-01 14:14:39,189] {logging_mixin.py:115} INFO - Successfully install sqlalchemy
[2024-02-01 14:14:39,266] {python.py:173} INFO - Done. Returned value was: insert dim table
[2024-02-01 14:14:39,285] {taskinstance.py:1400} INFO - Marking task as SUCCESS. dag_id=etl_postgresql, task_id=aggregate_dim_table, execution_date=20240201T141406, start_date=20240201T141427, end_date=20240201T141439
[2024-02-01 14:14:39,311] {local_task_job.py:156} INFO - Task exited with return code 0
[2024-02-01 14:14:39,338] {local_task_job.py:273} INFO - 5 downstream tasks scheduled from follow-on schedule check
