[2024-02-01 13:48:24,155] {taskinstance.py:1159} INFO - Dependencies all met for <TaskInstance: etl_postgresql.aggregate_dim_table manual__2024-02-01T13:48:23.614829+00:00 [queued]>
[2024-02-01 13:48:24,163] {taskinstance.py:1159} INFO - Dependencies all met for <TaskInstance: etl_postgresql.aggregate_dim_table manual__2024-02-01T13:48:23.614829+00:00 [queued]>
[2024-02-01 13:48:24,164] {taskinstance.py:1356} INFO - 
--------------------------------------------------------------------------------
[2024-02-01 13:48:24,164] {taskinstance.py:1357} INFO - Starting attempt 1 of 2
[2024-02-01 13:48:24,164] {taskinstance.py:1358} INFO - 
--------------------------------------------------------------------------------
[2024-02-01 13:48:24,175] {taskinstance.py:1377} INFO - Executing <Task(PythonOperator): aggregate_dim_table> on 2024-02-01 13:48:23.614829+00:00
[2024-02-01 13:48:24,179] {standard_task_runner.py:52} INFO - Started process 4019 to run task
[2024-02-01 13:48:24,183] {standard_task_runner.py:79} INFO - Running: ['***', 'tasks', 'run', 'etl_postgresql', 'aggregate_dim_table', 'manual__2024-02-01T13:48:23.614829+00:00', '--job-id', '270', '--raw', '--subdir', 'DAGS_FOLDER/etl_dag.py', '--cfg-path', '/tmp/tmp2gnhol_c', '--error-file', '/tmp/tmp_wmh17b0']
[2024-02-01 13:48:24,184] {standard_task_runner.py:80} INFO - Job 270: Subtask aggregate_dim_table
[2024-02-01 13:48:24,257] {task_command.py:369} INFO - Running <TaskInstance: etl_postgresql.aggregate_dim_table manual__2024-02-01T13:48:23.614829+00:00 [running]> on host 0cb2a3b23a40
[2024-02-01 13:48:24,354] {taskinstance.py:1571} INFO - Exporting the following env vars:
AIRFLOW_CTX_DAG_OWNER=***
AIRFLOW_CTX_DAG_ID=etl_postgresql
AIRFLOW_CTX_TASK_ID=aggregate_dim_table
AIRFLOW_CTX_EXECUTION_DATE=2024-02-01T13:48:23.614829+00:00
AIRFLOW_CTX_TRY_NUMBER=1
AIRFLOW_CTX_DAG_RUN_ID=manual__2024-02-01T13:48:23.614829+00:00
[2024-02-01 13:48:27,917] {logging_mixin.py:115} INFO - Successfully install sqlalchemy
[2024-02-01 13:48:31,420] {logging_mixin.py:115} INFO - Successfully install sqlalchemy
[2024-02-01 13:48:34,360] {logging_mixin.py:115} INFO - Successfully install pymysql
[2024-02-01 13:48:37,450] {logging_mixin.py:115} INFO - Successfully install sqlalchemy
[2024-02-01 13:48:37,521] {python.py:173} INFO - Done. Returned value was: insert dim table
[2024-02-01 13:48:37,540] {taskinstance.py:1400} INFO - Marking task as SUCCESS. dag_id=etl_postgresql, task_id=aggregate_dim_table, execution_date=20240201T134823, start_date=20240201T134824, end_date=20240201T134837
[2024-02-01 13:48:37,581] {local_task_job.py:156} INFO - Task exited with return code 0
[2024-02-01 13:48:37,599] {local_task_job.py:273} INFO - 0 downstream tasks scheduled from follow-on schedule check
