[2024-01-31 11:29:12,512] {taskinstance.py:1159} INFO - Dependencies all met for <TaskInstance: etl_postgresql.import_file_to_mysql manual__2024-01-31T11:29:07.218545+00:00 [queued]>
[2024-01-31 11:29:12,518] {taskinstance.py:1159} INFO - Dependencies all met for <TaskInstance: etl_postgresql.import_file_to_mysql manual__2024-01-31T11:29:07.218545+00:00 [queued]>
[2024-01-31 11:29:12,518] {taskinstance.py:1356} INFO - 
--------------------------------------------------------------------------------
[2024-01-31 11:29:12,519] {taskinstance.py:1357} INFO - Starting attempt 1 of 2
[2024-01-31 11:29:12,519] {taskinstance.py:1358} INFO - 
--------------------------------------------------------------------------------
[2024-01-31 11:29:12,527] {taskinstance.py:1377} INFO - Executing <Task(PythonOperator): import_file_to_mysql> on 2024-01-31 11:29:07.218545+00:00
[2024-01-31 11:29:12,531] {standard_task_runner.py:52} INFO - Started process 3972 to run task
[2024-01-31 11:29:12,533] {standard_task_runner.py:79} INFO - Running: ['***', 'tasks', 'run', 'etl_postgresql', 'import_file_to_mysql', 'manual__2024-01-31T11:29:07.218545+00:00', '--job-id', '100', '--raw', '--subdir', 'DAGS_FOLDER/etl_dag.py', '--cfg-path', '/tmp/tmp1ipeip5t', '--error-file', '/tmp/tmpsgvq8iw1']
[2024-01-31 11:29:12,534] {standard_task_runner.py:80} INFO - Job 100: Subtask import_file_to_mysql
[2024-01-31 11:29:12,568] {task_command.py:369} INFO - Running <TaskInstance: etl_postgresql.import_file_to_mysql manual__2024-01-31T11:29:07.218545+00:00 [running]> on host d99f9e65d396
[2024-01-31 11:29:12,613] {taskinstance.py:1571} INFO - Exporting the following env vars:
AIRFLOW_CTX_DAG_OWNER=***
AIRFLOW_CTX_DAG_ID=etl_postgresql
AIRFLOW_CTX_TASK_ID=import_file_to_mysql
AIRFLOW_CTX_EXECUTION_DATE=2024-01-31T11:29:07.218545+00:00
AIRFLOW_CTX_TRY_NUMBER=1
AIRFLOW_CTX_DAG_RUN_ID=manual__2024-01-31T11:29:07.218545+00:00
[2024-01-31 11:29:13,350] {logging_mixin.py:115} INFO - Error install json
[2024-01-31 11:29:16,173] {logging_mixin.py:115} INFO - Successfully install pandas
[2024-01-31 11:29:18,961] {logging_mixin.py:115} INFO - Successfully install pymysql
[2024-01-31 11:29:19,264] {python.py:173} INFO - Done. Returned value was: import to mysql
[2024-01-31 11:29:19,283] {taskinstance.py:1400} INFO - Marking task as SUCCESS. dag_id=etl_postgresql, task_id=import_file_to_mysql, execution_date=20240131T112907, start_date=20240131T112912, end_date=20240131T112919
[2024-01-31 11:29:19,331] {local_task_job.py:156} INFO - Task exited with return code 0
[2024-01-31 11:29:19,348] {local_task_job.py:273} INFO - 0 downstream tasks scheduled from follow-on schedule check
