[2024-02-02 04:16:50,664] {taskinstance.py:1159} INFO - Dependencies all met for <TaskInstance: etl_postgresql.create_ddl_postgres manual__2024-02-02T04:16:36.778282+00:00 [queued]>
[2024-02-02 04:16:50,670] {taskinstance.py:1159} INFO - Dependencies all met for <TaskInstance: etl_postgresql.create_ddl_postgres manual__2024-02-02T04:16:36.778282+00:00 [queued]>
[2024-02-02 04:16:50,670] {taskinstance.py:1356} INFO - 
--------------------------------------------------------------------------------
[2024-02-02 04:16:50,670] {taskinstance.py:1357} INFO - Starting attempt 1 of 2
[2024-02-02 04:16:50,670] {taskinstance.py:1358} INFO - 
--------------------------------------------------------------------------------
[2024-02-02 04:16:50,677] {taskinstance.py:1377} INFO - Executing <Task(PythonOperator): create_ddl_postgres> on 2024-02-02 04:16:36.778282+00:00
[2024-02-02 04:16:50,680] {standard_task_runner.py:52} INFO - Started process 1156 to run task
[2024-02-02 04:16:50,683] {standard_task_runner.py:79} INFO - Running: ['***', 'tasks', 'run', 'etl_postgresql', 'create_ddl_postgres', 'manual__2024-02-02T04:16:36.778282+00:00', '--job-id', '321', '--raw', '--subdir', 'DAGS_FOLDER/etl_dag.py', '--cfg-path', '/tmp/tmpj2_mmrbt', '--error-file', '/tmp/tmp3mdniy_d']
[2024-02-02 04:16:50,683] {standard_task_runner.py:80} INFO - Job 321: Subtask create_ddl_postgres
[2024-02-02 04:16:50,714] {task_command.py:369} INFO - Running <TaskInstance: etl_postgresql.create_ddl_postgres manual__2024-02-02T04:16:36.778282+00:00 [running]> on host c3bb523480bf
[2024-02-02 04:16:50,753] {taskinstance.py:1571} INFO - Exporting the following env vars:
AIRFLOW_CTX_DAG_OWNER=***
AIRFLOW_CTX_DAG_ID=etl_postgresql
AIRFLOW_CTX_TASK_ID=create_ddl_postgres
AIRFLOW_CTX_EXECUTION_DATE=2024-02-02T04:16:36.778282+00:00
AIRFLOW_CTX_TRY_NUMBER=1
AIRFLOW_CTX_DAG_RUN_ID=manual__2024-02-02T04:16:36.778282+00:00
[2024-02-02 04:16:52,950] {logging_mixin.py:115} INFO - Successfully install sqlalchemy
[2024-02-02 04:16:55,210] {logging_mixin.py:115} INFO - Successfully install sqlalchemy
[2024-02-02 04:16:55,240] {logging_mixin.py:115} INFO - success migrate table
[2024-02-02 04:16:55,240] {python.py:173} INFO - Done. Returned value was: None
[2024-02-02 04:16:55,249] {taskinstance.py:1400} INFO - Marking task as SUCCESS. dag_id=etl_postgresql, task_id=create_ddl_postgres, execution_date=20240202T041636, start_date=20240202T041650, end_date=20240202T041655
[2024-02-02 04:16:55,293] {local_task_job.py:156} INFO - Task exited with return code 0
[2024-02-02 04:16:55,318] {local_task_job.py:273} INFO - 1 downstream tasks scheduled from follow-on schedule check
