[2024-01-31 15:22:47,428] {taskinstance.py:1159} INFO - Dependencies all met for <TaskInstance: etl_postgresql.create_ddl_postgres manual__2024-01-31T15:22:29.400693+00:00 [queued]>
[2024-01-31 15:22:47,435] {taskinstance.py:1159} INFO - Dependencies all met for <TaskInstance: etl_postgresql.create_ddl_postgres manual__2024-01-31T15:22:29.400693+00:00 [queued]>
[2024-01-31 15:22:47,435] {taskinstance.py:1356} INFO - 
--------------------------------------------------------------------------------
[2024-01-31 15:22:47,435] {taskinstance.py:1357} INFO - Starting attempt 1 of 2
[2024-01-31 15:22:47,436] {taskinstance.py:1358} INFO - 
--------------------------------------------------------------------------------
[2024-01-31 15:22:47,444] {taskinstance.py:1377} INFO - Executing <Task(PythonOperator): create_ddl_postgres> on 2024-01-31 15:22:29.400693+00:00
[2024-01-31 15:22:47,447] {standard_task_runner.py:52} INFO - Started process 9709 to run task
[2024-01-31 15:22:47,450] {standard_task_runner.py:79} INFO - Running: ['***', 'tasks', 'run', 'etl_postgresql', 'create_ddl_postgres', 'manual__2024-01-31T15:22:29.400693+00:00', '--job-id', '183', '--raw', '--subdir', 'DAGS_FOLDER/etl_dag.py', '--cfg-path', '/tmp/tmp6nlgsq7c', '--error-file', '/tmp/tmppkdg7_4v']
[2024-01-31 15:22:47,451] {standard_task_runner.py:80} INFO - Job 183: Subtask create_ddl_postgres
[2024-01-31 15:22:47,487] {task_command.py:369} INFO - Running <TaskInstance: etl_postgresql.create_ddl_postgres manual__2024-01-31T15:22:29.400693+00:00 [running]> on host d99f9e65d396
[2024-01-31 15:22:47,534] {taskinstance.py:1571} INFO - Exporting the following env vars:
AIRFLOW_CTX_DAG_OWNER=***
AIRFLOW_CTX_DAG_ID=etl_postgresql
AIRFLOW_CTX_TASK_ID=create_ddl_postgres
AIRFLOW_CTX_EXECUTION_DATE=2024-01-31T15:22:29.400693+00:00
AIRFLOW_CTX_TRY_NUMBER=1
AIRFLOW_CTX_DAG_RUN_ID=manual__2024-01-31T15:22:29.400693+00:00
[2024-01-31 15:22:50,390] {logging_mixin.py:115} INFO - Successfully install sqlalchemy
[2024-01-31 15:22:53,285] {logging_mixin.py:115} INFO - Successfully install sqlalchemy
[2024-01-31 15:22:53,318] {logging_mixin.py:115} INFO - success migrate table
[2024-01-31 15:22:53,318] {python.py:173} INFO - Done. Returned value was: None
[2024-01-31 15:22:53,328] {taskinstance.py:1400} INFO - Marking task as SUCCESS. dag_id=etl_postgresql, task_id=create_ddl_postgres, execution_date=20240131T152229, start_date=20240131T152247, end_date=20240131T152253
[2024-01-31 15:22:53,355] {local_task_job.py:156} INFO - Task exited with return code 0
[2024-01-31 15:22:53,377] {local_task_job.py:273} INFO - 1 downstream tasks scheduled from follow-on schedule check
