[2024-02-02 03:58:50,619] {processor.py:153} INFO - Started process (PID=197) to work on /opt/airflow/dags/sample_dag.py
[2024-02-02 03:58:50,620] {processor.py:641} INFO - Processing file /opt/airflow/dags/sample_dag.py for tasks to queue
[2024-02-02 03:58:50,620] {logging_mixin.py:115} INFO - [2024-02-02 03:58:50,620] {dagbag.py:507} INFO - Filling up the DagBag from /opt/airflow/dags/sample_dag.py
[2024-02-02 03:58:50,627] {processor.py:651} INFO - DAG(s) dict_keys(['first_sample_dag']) retrieved from /opt/airflow/dags/sample_dag.py
[2024-02-02 03:58:50,649] {logging_mixin.py:115} INFO - [2024-02-02 03:58:50,649] {dag.py:2371} INFO - Sync 1 DAGs
[2024-02-02 03:58:50,662] {logging_mixin.py:115} INFO - [2024-02-02 03:58:50,662] {dag.py:2919} INFO - Setting next_dagrun for first_sample_dag to 2024-01-31T23:00:00+00:00, run_after=2024-02-01T23:00:00+00:00
[2024-02-02 03:58:50,668] {processor.py:161} INFO - Processing /opt/airflow/dags/sample_dag.py took 0.051 seconds
[2024-02-02 03:59:20,837] {processor.py:153} INFO - Started process (PID=245) to work on /opt/airflow/dags/sample_dag.py
[2024-02-02 03:59:20,838] {processor.py:641} INFO - Processing file /opt/airflow/dags/sample_dag.py for tasks to queue
[2024-02-02 03:59:20,839] {logging_mixin.py:115} INFO - [2024-02-02 03:59:20,839] {dagbag.py:507} INFO - Filling up the DagBag from /opt/airflow/dags/sample_dag.py
[2024-02-02 03:59:20,849] {processor.py:651} INFO - DAG(s) dict_keys(['first_sample_dag']) retrieved from /opt/airflow/dags/sample_dag.py
[2024-02-02 03:59:20,867] {logging_mixin.py:115} INFO - [2024-02-02 03:59:20,867] {dag.py:2371} INFO - Sync 1 DAGs
[2024-02-02 03:59:20,879] {logging_mixin.py:115} INFO - [2024-02-02 03:59:20,878] {dag.py:2919} INFO - Setting next_dagrun for first_sample_dag to 2024-01-31T23:00:00+00:00, run_after=2024-02-01T23:00:00+00:00
[2024-02-02 03:59:20,884] {processor.py:161} INFO - Processing /opt/airflow/dags/sample_dag.py took 0.051 seconds
[2024-02-02 03:59:51,191] {processor.py:153} INFO - Started process (PID=255) to work on /opt/airflow/dags/sample_dag.py
[2024-02-02 03:59:51,192] {processor.py:641} INFO - Processing file /opt/airflow/dags/sample_dag.py for tasks to queue
[2024-02-02 03:59:51,193] {logging_mixin.py:115} INFO - [2024-02-02 03:59:51,193] {dagbag.py:507} INFO - Filling up the DagBag from /opt/airflow/dags/sample_dag.py
[2024-02-02 03:59:51,211] {processor.py:651} INFO - DAG(s) dict_keys(['first_sample_dag']) retrieved from /opt/airflow/dags/sample_dag.py
[2024-02-02 03:59:51,231] {logging_mixin.py:115} INFO - [2024-02-02 03:59:51,231] {dag.py:2371} INFO - Sync 1 DAGs
[2024-02-02 03:59:51,245] {logging_mixin.py:115} INFO - [2024-02-02 03:59:51,245] {dag.py:2919} INFO - Setting next_dagrun for first_sample_dag to 2024-01-31T23:00:00+00:00, run_after=2024-02-01T23:00:00+00:00
[2024-02-02 03:59:51,251] {processor.py:161} INFO - Processing /opt/airflow/dags/sample_dag.py took 0.065 seconds
[2024-02-02 04:00:21,417] {processor.py:153} INFO - Started process (PID=266) to work on /opt/airflow/dags/sample_dag.py
[2024-02-02 04:00:21,418] {processor.py:641} INFO - Processing file /opt/airflow/dags/sample_dag.py for tasks to queue
[2024-02-02 04:00:21,419] {logging_mixin.py:115} INFO - [2024-02-02 04:00:21,419] {dagbag.py:507} INFO - Filling up the DagBag from /opt/airflow/dags/sample_dag.py
[2024-02-02 04:00:21,435] {processor.py:651} INFO - DAG(s) dict_keys(['first_sample_dag']) retrieved from /opt/airflow/dags/sample_dag.py
[2024-02-02 04:00:21,458] {logging_mixin.py:115} INFO - [2024-02-02 04:00:21,458] {dag.py:2371} INFO - Sync 1 DAGs
[2024-02-02 04:00:21,472] {logging_mixin.py:115} INFO - [2024-02-02 04:00:21,472] {dag.py:2919} INFO - Setting next_dagrun for first_sample_dag to 2024-01-31T23:00:00+00:00, run_after=2024-02-01T23:00:00+00:00
[2024-02-02 04:00:21,480] {processor.py:161} INFO - Processing /opt/airflow/dags/sample_dag.py took 0.067 seconds
[2024-02-02 04:00:51,689] {processor.py:153} INFO - Started process (PID=275) to work on /opt/airflow/dags/sample_dag.py
[2024-02-02 04:00:51,689] {processor.py:641} INFO - Processing file /opt/airflow/dags/sample_dag.py for tasks to queue
[2024-02-02 04:00:51,690] {logging_mixin.py:115} INFO - [2024-02-02 04:00:51,690] {dagbag.py:507} INFO - Filling up the DagBag from /opt/airflow/dags/sample_dag.py
[2024-02-02 04:00:51,702] {processor.py:651} INFO - DAG(s) dict_keys(['first_sample_dag']) retrieved from /opt/airflow/dags/sample_dag.py
[2024-02-02 04:00:51,726] {logging_mixin.py:115} INFO - [2024-02-02 04:00:51,726] {dag.py:2371} INFO - Sync 1 DAGs
[2024-02-02 04:00:51,742] {logging_mixin.py:115} INFO - [2024-02-02 04:00:51,742] {dag.py:2919} INFO - Setting next_dagrun for first_sample_dag to 2024-01-31T23:00:00+00:00, run_after=2024-02-01T23:00:00+00:00
[2024-02-02 04:00:51,750] {processor.py:161} INFO - Processing /opt/airflow/dags/sample_dag.py took 0.064 seconds
[2024-02-02 04:01:21,956] {processor.py:153} INFO - Started process (PID=286) to work on /opt/airflow/dags/sample_dag.py
[2024-02-02 04:01:21,957] {processor.py:641} INFO - Processing file /opt/airflow/dags/sample_dag.py for tasks to queue
[2024-02-02 04:01:21,958] {logging_mixin.py:115} INFO - [2024-02-02 04:01:21,958] {dagbag.py:507} INFO - Filling up the DagBag from /opt/airflow/dags/sample_dag.py
[2024-02-02 04:01:21,974] {processor.py:651} INFO - DAG(s) dict_keys(['first_sample_dag']) retrieved from /opt/airflow/dags/sample_dag.py
[2024-02-02 04:01:21,997] {logging_mixin.py:115} INFO - [2024-02-02 04:01:21,997] {dag.py:2371} INFO - Sync 1 DAGs
[2024-02-02 04:01:22,011] {logging_mixin.py:115} INFO - [2024-02-02 04:01:22,011] {dag.py:2919} INFO - Setting next_dagrun for first_sample_dag to 2024-01-31T23:00:00+00:00, run_after=2024-02-01T23:00:00+00:00
[2024-02-02 04:01:22,017] {processor.py:161} INFO - Processing /opt/airflow/dags/sample_dag.py took 0.065 seconds
[2024-02-02 04:01:52,300] {processor.py:153} INFO - Started process (PID=295) to work on /opt/airflow/dags/sample_dag.py
[2024-02-02 04:01:52,301] {processor.py:641} INFO - Processing file /opt/airflow/dags/sample_dag.py for tasks to queue
[2024-02-02 04:01:52,302] {logging_mixin.py:115} INFO - [2024-02-02 04:01:52,302] {dagbag.py:507} INFO - Filling up the DagBag from /opt/airflow/dags/sample_dag.py
[2024-02-02 04:01:52,327] {processor.py:651} INFO - DAG(s) dict_keys(['first_sample_dag']) retrieved from /opt/airflow/dags/sample_dag.py
[2024-02-02 04:01:52,352] {logging_mixin.py:115} INFO - [2024-02-02 04:01:52,352] {dag.py:2371} INFO - Sync 1 DAGs
[2024-02-02 04:01:52,368] {logging_mixin.py:115} INFO - [2024-02-02 04:01:52,368] {dag.py:2919} INFO - Setting next_dagrun for first_sample_dag to 2024-01-31T23:00:00+00:00, run_after=2024-02-01T23:00:00+00:00
[2024-02-02 04:01:52,374] {processor.py:161} INFO - Processing /opt/airflow/dags/sample_dag.py took 0.082 seconds
[2024-02-02 04:02:22,653] {processor.py:153} INFO - Started process (PID=306) to work on /opt/airflow/dags/sample_dag.py
[2024-02-02 04:02:22,654] {processor.py:641} INFO - Processing file /opt/airflow/dags/sample_dag.py for tasks to queue
[2024-02-02 04:02:22,655] {logging_mixin.py:115} INFO - [2024-02-02 04:02:22,654] {dagbag.py:507} INFO - Filling up the DagBag from /opt/airflow/dags/sample_dag.py
[2024-02-02 04:02:22,672] {processor.py:651} INFO - DAG(s) dict_keys(['first_sample_dag']) retrieved from /opt/airflow/dags/sample_dag.py
[2024-02-02 04:02:22,694] {logging_mixin.py:115} INFO - [2024-02-02 04:02:22,694] {dag.py:2371} INFO - Sync 1 DAGs
[2024-02-02 04:02:22,708] {logging_mixin.py:115} INFO - [2024-02-02 04:02:22,708] {dag.py:2919} INFO - Setting next_dagrun for first_sample_dag to 2024-01-31T23:00:00+00:00, run_after=2024-02-01T23:00:00+00:00
[2024-02-02 04:02:22,715] {processor.py:161} INFO - Processing /opt/airflow/dags/sample_dag.py took 0.067 seconds
[2024-02-02 04:02:52,908] {processor.py:153} INFO - Started process (PID=316) to work on /opt/airflow/dags/sample_dag.py
[2024-02-02 04:02:52,909] {processor.py:641} INFO - Processing file /opt/airflow/dags/sample_dag.py for tasks to queue
[2024-02-02 04:02:52,909] {logging_mixin.py:115} INFO - [2024-02-02 04:02:52,909] {dagbag.py:507} INFO - Filling up the DagBag from /opt/airflow/dags/sample_dag.py
[2024-02-02 04:02:52,924] {processor.py:651} INFO - DAG(s) dict_keys(['first_sample_dag']) retrieved from /opt/airflow/dags/sample_dag.py
[2024-02-02 04:02:52,944] {logging_mixin.py:115} INFO - [2024-02-02 04:02:52,944] {dag.py:2371} INFO - Sync 1 DAGs
[2024-02-02 04:02:52,957] {logging_mixin.py:115} INFO - [2024-02-02 04:02:52,957] {dag.py:2919} INFO - Setting next_dagrun for first_sample_dag to 2024-01-31T23:00:00+00:00, run_after=2024-02-01T23:00:00+00:00
[2024-02-02 04:02:52,963] {processor.py:161} INFO - Processing /opt/airflow/dags/sample_dag.py took 0.059 seconds
[2024-02-02 04:03:23,191] {processor.py:153} INFO - Started process (PID=326) to work on /opt/airflow/dags/sample_dag.py
[2024-02-02 04:03:23,192] {processor.py:641} INFO - Processing file /opt/airflow/dags/sample_dag.py for tasks to queue
[2024-02-02 04:03:23,193] {logging_mixin.py:115} INFO - [2024-02-02 04:03:23,193] {dagbag.py:507} INFO - Filling up the DagBag from /opt/airflow/dags/sample_dag.py
[2024-02-02 04:03:23,213] {processor.py:651} INFO - DAG(s) dict_keys(['first_sample_dag']) retrieved from /opt/airflow/dags/sample_dag.py
[2024-02-02 04:03:23,236] {logging_mixin.py:115} INFO - [2024-02-02 04:03:23,236] {dag.py:2371} INFO - Sync 1 DAGs
[2024-02-02 04:03:23,252] {logging_mixin.py:115} INFO - [2024-02-02 04:03:23,252] {dag.py:2919} INFO - Setting next_dagrun for first_sample_dag to 2024-01-31T23:00:00+00:00, run_after=2024-02-01T23:00:00+00:00
[2024-02-02 04:03:23,258] {processor.py:161} INFO - Processing /opt/airflow/dags/sample_dag.py took 0.071 seconds
[2024-02-02 04:03:53,561] {processor.py:153} INFO - Started process (PID=336) to work on /opt/airflow/dags/sample_dag.py
[2024-02-02 04:03:53,562] {processor.py:641} INFO - Processing file /opt/airflow/dags/sample_dag.py for tasks to queue
[2024-02-02 04:03:53,563] {logging_mixin.py:115} INFO - [2024-02-02 04:03:53,562] {dagbag.py:507} INFO - Filling up the DagBag from /opt/airflow/dags/sample_dag.py
[2024-02-02 04:03:53,576] {processor.py:651} INFO - DAG(s) dict_keys(['first_sample_dag']) retrieved from /opt/airflow/dags/sample_dag.py
[2024-02-02 04:03:53,595] {logging_mixin.py:115} INFO - [2024-02-02 04:03:53,594] {dag.py:2371} INFO - Sync 1 DAGs
[2024-02-02 04:03:53,608] {logging_mixin.py:115} INFO - [2024-02-02 04:03:53,607] {dag.py:2919} INFO - Setting next_dagrun for first_sample_dag to 2024-01-31T23:00:00+00:00, run_after=2024-02-01T23:00:00+00:00
[2024-02-02 04:03:53,613] {processor.py:161} INFO - Processing /opt/airflow/dags/sample_dag.py took 0.056 seconds
[2024-02-02 04:04:23,845] {processor.py:153} INFO - Started process (PID=346) to work on /opt/airflow/dags/sample_dag.py
[2024-02-02 04:04:23,845] {processor.py:641} INFO - Processing file /opt/airflow/dags/sample_dag.py for tasks to queue
[2024-02-02 04:04:23,846] {logging_mixin.py:115} INFO - [2024-02-02 04:04:23,846] {dagbag.py:507} INFO - Filling up the DagBag from /opt/airflow/dags/sample_dag.py
[2024-02-02 04:04:23,856] {processor.py:651} INFO - DAG(s) dict_keys(['first_sample_dag']) retrieved from /opt/airflow/dags/sample_dag.py
[2024-02-02 04:04:23,874] {logging_mixin.py:115} INFO - [2024-02-02 04:04:23,874] {dag.py:2371} INFO - Sync 1 DAGs
[2024-02-02 04:04:23,886] {logging_mixin.py:115} INFO - [2024-02-02 04:04:23,886] {dag.py:2919} INFO - Setting next_dagrun for first_sample_dag to 2024-01-31T23:00:00+00:00, run_after=2024-02-01T23:00:00+00:00
[2024-02-02 04:04:23,891] {processor.py:161} INFO - Processing /opt/airflow/dags/sample_dag.py took 0.050 seconds
[2024-02-02 04:04:54,094] {processor.py:153} INFO - Started process (PID=449) to work on /opt/airflow/dags/sample_dag.py
[2024-02-02 04:04:54,106] {processor.py:641} INFO - Processing file /opt/airflow/dags/sample_dag.py for tasks to queue
[2024-02-02 04:04:54,107] {logging_mixin.py:115} INFO - [2024-02-02 04:04:54,107] {dagbag.py:507} INFO - Filling up the DagBag from /opt/airflow/dags/sample_dag.py
[2024-02-02 04:04:54,128] {processor.py:651} INFO - DAG(s) dict_keys(['first_sample_dag']) retrieved from /opt/airflow/dags/sample_dag.py
[2024-02-02 04:04:54,157] {logging_mixin.py:115} INFO - [2024-02-02 04:04:54,157] {dag.py:2371} INFO - Sync 1 DAGs
[2024-02-02 04:04:54,172] {logging_mixin.py:115} INFO - [2024-02-02 04:04:54,172] {dag.py:2919} INFO - Setting next_dagrun for first_sample_dag to 2024-01-31T23:00:00+00:00, run_after=2024-02-01T23:00:00+00:00
[2024-02-02 04:04:54,191] {processor.py:161} INFO - Processing /opt/airflow/dags/sample_dag.py took 0.100 seconds
[2024-02-02 04:05:24,387] {processor.py:153} INFO - Started process (PID=688) to work on /opt/airflow/dags/sample_dag.py
[2024-02-02 04:05:24,388] {processor.py:641} INFO - Processing file /opt/airflow/dags/sample_dag.py for tasks to queue
[2024-02-02 04:05:24,389] {logging_mixin.py:115} INFO - [2024-02-02 04:05:24,389] {dagbag.py:507} INFO - Filling up the DagBag from /opt/airflow/dags/sample_dag.py
[2024-02-02 04:05:24,407] {processor.py:651} INFO - DAG(s) dict_keys(['first_sample_dag']) retrieved from /opt/airflow/dags/sample_dag.py
[2024-02-02 04:05:24,428] {logging_mixin.py:115} INFO - [2024-02-02 04:05:24,428] {dag.py:2371} INFO - Sync 1 DAGs
[2024-02-02 04:05:24,441] {logging_mixin.py:115} INFO - [2024-02-02 04:05:24,441] {dag.py:2919} INFO - Setting next_dagrun for first_sample_dag to 2024-01-31T23:00:00+00:00, run_after=2024-02-01T23:00:00+00:00
[2024-02-02 04:05:24,447] {processor.py:161} INFO - Processing /opt/airflow/dags/sample_dag.py took 0.065 seconds
[2024-02-02 04:05:54,670] {processor.py:153} INFO - Started process (PID=698) to work on /opt/airflow/dags/sample_dag.py
[2024-02-02 04:05:54,671] {processor.py:641} INFO - Processing file /opt/airflow/dags/sample_dag.py for tasks to queue
[2024-02-02 04:05:54,672] {logging_mixin.py:115} INFO - [2024-02-02 04:05:54,672] {dagbag.py:507} INFO - Filling up the DagBag from /opt/airflow/dags/sample_dag.py
[2024-02-02 04:05:54,688] {processor.py:651} INFO - DAG(s) dict_keys(['first_sample_dag']) retrieved from /opt/airflow/dags/sample_dag.py
[2024-02-02 04:05:54,706] {logging_mixin.py:115} INFO - [2024-02-02 04:05:54,706] {dag.py:2371} INFO - Sync 1 DAGs
[2024-02-02 04:05:54,720] {logging_mixin.py:115} INFO - [2024-02-02 04:05:54,720] {dag.py:2919} INFO - Setting next_dagrun for first_sample_dag to 2024-01-31T23:00:00+00:00, run_after=2024-02-01T23:00:00+00:00
[2024-02-02 04:05:54,725] {processor.py:161} INFO - Processing /opt/airflow/dags/sample_dag.py took 0.060 seconds
[2024-02-02 04:06:25,014] {processor.py:153} INFO - Started process (PID=708) to work on /opt/airflow/dags/sample_dag.py
[2024-02-02 04:06:25,015] {processor.py:641} INFO - Processing file /opt/airflow/dags/sample_dag.py for tasks to queue
[2024-02-02 04:06:25,016] {logging_mixin.py:115} INFO - [2024-02-02 04:06:25,016] {dagbag.py:507} INFO - Filling up the DagBag from /opt/airflow/dags/sample_dag.py
[2024-02-02 04:06:25,033] {processor.py:651} INFO - DAG(s) dict_keys(['first_sample_dag']) retrieved from /opt/airflow/dags/sample_dag.py
[2024-02-02 04:06:25,064] {logging_mixin.py:115} INFO - [2024-02-02 04:06:25,064] {dag.py:2371} INFO - Sync 1 DAGs
[2024-02-02 04:06:25,081] {logging_mixin.py:115} INFO - [2024-02-02 04:06:25,080] {dag.py:2919} INFO - Setting next_dagrun for first_sample_dag to 2024-01-31T23:00:00+00:00, run_after=2024-02-01T23:00:00+00:00
[2024-02-02 04:06:25,087] {processor.py:161} INFO - Processing /opt/airflow/dags/sample_dag.py took 0.080 seconds
[2024-02-02 04:06:55,244] {processor.py:153} INFO - Started process (PID=718) to work on /opt/airflow/dags/sample_dag.py
[2024-02-02 04:06:55,245] {processor.py:641} INFO - Processing file /opt/airflow/dags/sample_dag.py for tasks to queue
[2024-02-02 04:06:55,245] {logging_mixin.py:115} INFO - [2024-02-02 04:06:55,245] {dagbag.py:507} INFO - Filling up the DagBag from /opt/airflow/dags/sample_dag.py
[2024-02-02 04:06:55,254] {processor.py:651} INFO - DAG(s) dict_keys(['first_sample_dag']) retrieved from /opt/airflow/dags/sample_dag.py
[2024-02-02 04:06:55,270] {logging_mixin.py:115} INFO - [2024-02-02 04:06:55,270] {dag.py:2371} INFO - Sync 1 DAGs
[2024-02-02 04:06:55,283] {logging_mixin.py:115} INFO - [2024-02-02 04:06:55,283] {dag.py:2919} INFO - Setting next_dagrun for first_sample_dag to 2024-01-31T23:00:00+00:00, run_after=2024-02-01T23:00:00+00:00
[2024-02-02 04:06:55,288] {processor.py:161} INFO - Processing /opt/airflow/dags/sample_dag.py took 0.047 seconds
[2024-02-02 04:07:25,550] {processor.py:153} INFO - Started process (PID=728) to work on /opt/airflow/dags/sample_dag.py
[2024-02-02 04:07:25,552] {processor.py:641} INFO - Processing file /opt/airflow/dags/sample_dag.py for tasks to queue
[2024-02-02 04:07:25,553] {logging_mixin.py:115} INFO - [2024-02-02 04:07:25,553] {dagbag.py:507} INFO - Filling up the DagBag from /opt/airflow/dags/sample_dag.py
[2024-02-02 04:07:25,574] {processor.py:651} INFO - DAG(s) dict_keys(['first_sample_dag']) retrieved from /opt/airflow/dags/sample_dag.py
[2024-02-02 04:07:25,603] {logging_mixin.py:115} INFO - [2024-02-02 04:07:25,603] {dag.py:2371} INFO - Sync 1 DAGs
[2024-02-02 04:07:25,619] {logging_mixin.py:115} INFO - [2024-02-02 04:07:25,619] {dag.py:2919} INFO - Setting next_dagrun for first_sample_dag to 2024-01-31T23:00:00+00:00, run_after=2024-02-01T23:00:00+00:00
[2024-02-02 04:07:25,625] {processor.py:161} INFO - Processing /opt/airflow/dags/sample_dag.py took 0.084 seconds
[2024-02-02 04:07:55,815] {processor.py:153} INFO - Started process (PID=739) to work on /opt/airflow/dags/sample_dag.py
[2024-02-02 04:07:55,816] {processor.py:641} INFO - Processing file /opt/airflow/dags/sample_dag.py for tasks to queue
[2024-02-02 04:07:55,817] {logging_mixin.py:115} INFO - [2024-02-02 04:07:55,817] {dagbag.py:507} INFO - Filling up the DagBag from /opt/airflow/dags/sample_dag.py
[2024-02-02 04:07:55,835] {processor.py:651} INFO - DAG(s) dict_keys(['first_sample_dag']) retrieved from /opt/airflow/dags/sample_dag.py
[2024-02-02 04:07:55,854] {logging_mixin.py:115} INFO - [2024-02-02 04:07:55,854] {dag.py:2371} INFO - Sync 1 DAGs
[2024-02-02 04:07:55,866] {logging_mixin.py:115} INFO - [2024-02-02 04:07:55,866] {dag.py:2919} INFO - Setting next_dagrun for first_sample_dag to 2024-01-31T23:00:00+00:00, run_after=2024-02-01T23:00:00+00:00
[2024-02-02 04:07:55,872] {processor.py:161} INFO - Processing /opt/airflow/dags/sample_dag.py took 0.063 seconds
[2024-02-02 04:08:26,147] {processor.py:153} INFO - Started process (PID=749) to work on /opt/airflow/dags/sample_dag.py
[2024-02-02 04:08:26,148] {processor.py:641} INFO - Processing file /opt/airflow/dags/sample_dag.py for tasks to queue
[2024-02-02 04:08:26,149] {logging_mixin.py:115} INFO - [2024-02-02 04:08:26,149] {dagbag.py:507} INFO - Filling up the DagBag from /opt/airflow/dags/sample_dag.py
[2024-02-02 04:08:26,164] {processor.py:651} INFO - DAG(s) dict_keys(['first_sample_dag']) retrieved from /opt/airflow/dags/sample_dag.py
[2024-02-02 04:08:26,183] {logging_mixin.py:115} INFO - [2024-02-02 04:08:26,183] {dag.py:2371} INFO - Sync 1 DAGs
[2024-02-02 04:08:26,196] {logging_mixin.py:115} INFO - [2024-02-02 04:08:26,196] {dag.py:2919} INFO - Setting next_dagrun for first_sample_dag to 2024-01-31T23:00:00+00:00, run_after=2024-02-01T23:00:00+00:00
[2024-02-02 04:08:26,202] {processor.py:161} INFO - Processing /opt/airflow/dags/sample_dag.py took 0.059 seconds
[2024-02-02 04:08:56,434] {processor.py:153} INFO - Started process (PID=759) to work on /opt/airflow/dags/sample_dag.py
[2024-02-02 04:08:56,435] {processor.py:641} INFO - Processing file /opt/airflow/dags/sample_dag.py for tasks to queue
[2024-02-02 04:08:56,436] {logging_mixin.py:115} INFO - [2024-02-02 04:08:56,436] {dagbag.py:507} INFO - Filling up the DagBag from /opt/airflow/dags/sample_dag.py
[2024-02-02 04:08:56,444] {processor.py:651} INFO - DAG(s) dict_keys(['first_sample_dag']) retrieved from /opt/airflow/dags/sample_dag.py
[2024-02-02 04:08:56,464] {logging_mixin.py:115} INFO - [2024-02-02 04:08:56,464] {dag.py:2371} INFO - Sync 1 DAGs
[2024-02-02 04:08:56,477] {logging_mixin.py:115} INFO - [2024-02-02 04:08:56,477] {dag.py:2919} INFO - Setting next_dagrun for first_sample_dag to 2024-01-31T23:00:00+00:00, run_after=2024-02-01T23:00:00+00:00
[2024-02-02 04:08:56,483] {processor.py:161} INFO - Processing /opt/airflow/dags/sample_dag.py took 0.059 seconds
[2024-02-02 04:09:26,800] {processor.py:153} INFO - Started process (PID=768) to work on /opt/airflow/dags/sample_dag.py
[2024-02-02 04:09:26,801] {processor.py:641} INFO - Processing file /opt/airflow/dags/sample_dag.py for tasks to queue
[2024-02-02 04:09:26,802] {logging_mixin.py:115} INFO - [2024-02-02 04:09:26,802] {dagbag.py:507} INFO - Filling up the DagBag from /opt/airflow/dags/sample_dag.py
[2024-02-02 04:09:26,816] {processor.py:651} INFO - DAG(s) dict_keys(['first_sample_dag']) retrieved from /opt/airflow/dags/sample_dag.py
[2024-02-02 04:09:26,838] {logging_mixin.py:115} INFO - [2024-02-02 04:09:26,838] {dag.py:2371} INFO - Sync 1 DAGs
[2024-02-02 04:09:26,852] {logging_mixin.py:115} INFO - [2024-02-02 04:09:26,852] {dag.py:2919} INFO - Setting next_dagrun for first_sample_dag to 2024-01-31T23:00:00+00:00, run_after=2024-02-01T23:00:00+00:00
[2024-02-02 04:09:26,859] {processor.py:161} INFO - Processing /opt/airflow/dags/sample_dag.py took 0.081 seconds
[2024-02-02 04:09:57,151] {processor.py:153} INFO - Started process (PID=779) to work on /opt/airflow/dags/sample_dag.py
[2024-02-02 04:09:57,152] {processor.py:641} INFO - Processing file /opt/airflow/dags/sample_dag.py for tasks to queue
[2024-02-02 04:09:57,152] {logging_mixin.py:115} INFO - [2024-02-02 04:09:57,152] {dagbag.py:507} INFO - Filling up the DagBag from /opt/airflow/dags/sample_dag.py
[2024-02-02 04:09:57,162] {processor.py:651} INFO - DAG(s) dict_keys(['first_sample_dag']) retrieved from /opt/airflow/dags/sample_dag.py
[2024-02-02 04:09:57,182] {logging_mixin.py:115} INFO - [2024-02-02 04:09:57,182] {dag.py:2371} INFO - Sync 1 DAGs
[2024-02-02 04:09:57,195] {logging_mixin.py:115} INFO - [2024-02-02 04:09:57,195] {dag.py:2919} INFO - Setting next_dagrun for first_sample_dag to 2024-01-31T23:00:00+00:00, run_after=2024-02-01T23:00:00+00:00
[2024-02-02 04:09:57,201] {processor.py:161} INFO - Processing /opt/airflow/dags/sample_dag.py took 0.060 seconds
[2024-02-02 04:10:27,394] {processor.py:153} INFO - Started process (PID=789) to work on /opt/airflow/dags/sample_dag.py
[2024-02-02 04:10:27,395] {processor.py:641} INFO - Processing file /opt/airflow/dags/sample_dag.py for tasks to queue
[2024-02-02 04:10:27,396] {logging_mixin.py:115} INFO - [2024-02-02 04:10:27,396] {dagbag.py:507} INFO - Filling up the DagBag from /opt/airflow/dags/sample_dag.py
[2024-02-02 04:10:27,407] {processor.py:651} INFO - DAG(s) dict_keys(['first_sample_dag']) retrieved from /opt/airflow/dags/sample_dag.py
[2024-02-02 04:10:27,427] {logging_mixin.py:115} INFO - [2024-02-02 04:10:27,427] {dag.py:2371} INFO - Sync 1 DAGs
[2024-02-02 04:10:27,440] {logging_mixin.py:115} INFO - [2024-02-02 04:10:27,440] {dag.py:2919} INFO - Setting next_dagrun for first_sample_dag to 2024-01-31T23:00:00+00:00, run_after=2024-02-01T23:00:00+00:00
[2024-02-02 04:10:27,446] {processor.py:161} INFO - Processing /opt/airflow/dags/sample_dag.py took 0.061 seconds
[2024-02-02 04:10:57,742] {processor.py:153} INFO - Started process (PID=799) to work on /opt/airflow/dags/sample_dag.py
[2024-02-02 04:10:57,743] {processor.py:641} INFO - Processing file /opt/airflow/dags/sample_dag.py for tasks to queue
[2024-02-02 04:10:57,744] {logging_mixin.py:115} INFO - [2024-02-02 04:10:57,744] {dagbag.py:507} INFO - Filling up the DagBag from /opt/airflow/dags/sample_dag.py
[2024-02-02 04:10:57,753] {processor.py:651} INFO - DAG(s) dict_keys(['first_sample_dag']) retrieved from /opt/airflow/dags/sample_dag.py
[2024-02-02 04:10:57,772] {logging_mixin.py:115} INFO - [2024-02-02 04:10:57,772] {dag.py:2371} INFO - Sync 1 DAGs
[2024-02-02 04:10:57,785] {logging_mixin.py:115} INFO - [2024-02-02 04:10:57,785] {dag.py:2919} INFO - Setting next_dagrun for first_sample_dag to 2024-01-31T23:00:00+00:00, run_after=2024-02-01T23:00:00+00:00
[2024-02-02 04:10:57,790] {processor.py:161} INFO - Processing /opt/airflow/dags/sample_dag.py took 0.056 seconds
[2024-02-02 04:11:28,066] {processor.py:153} INFO - Started process (PID=808) to work on /opt/airflow/dags/sample_dag.py
[2024-02-02 04:11:28,067] {processor.py:641} INFO - Processing file /opt/airflow/dags/sample_dag.py for tasks to queue
[2024-02-02 04:11:28,067] {logging_mixin.py:115} INFO - [2024-02-02 04:11:28,067] {dagbag.py:507} INFO - Filling up the DagBag from /opt/airflow/dags/sample_dag.py
[2024-02-02 04:11:28,073] {processor.py:651} INFO - DAG(s) dict_keys(['first_sample_dag']) retrieved from /opt/airflow/dags/sample_dag.py
[2024-02-02 04:11:28,089] {logging_mixin.py:115} INFO - [2024-02-02 04:11:28,089] {dag.py:2371} INFO - Sync 1 DAGs
[2024-02-02 04:11:28,101] {logging_mixin.py:115} INFO - [2024-02-02 04:11:28,101] {dag.py:2919} INFO - Setting next_dagrun for first_sample_dag to 2024-01-31T23:00:00+00:00, run_after=2024-02-01T23:00:00+00:00
[2024-02-02 04:11:28,106] {processor.py:161} INFO - Processing /opt/airflow/dags/sample_dag.py took 0.045 seconds
[2024-02-02 04:11:58,344] {processor.py:153} INFO - Started process (PID=818) to work on /opt/airflow/dags/sample_dag.py
[2024-02-02 04:11:58,346] {processor.py:641} INFO - Processing file /opt/airflow/dags/sample_dag.py for tasks to queue
[2024-02-02 04:11:58,347] {logging_mixin.py:115} INFO - [2024-02-02 04:11:58,347] {dagbag.py:507} INFO - Filling up the DagBag from /opt/airflow/dags/sample_dag.py
[2024-02-02 04:11:58,359] {processor.py:651} INFO - DAG(s) dict_keys(['first_sample_dag']) retrieved from /opt/airflow/dags/sample_dag.py
[2024-02-02 04:11:58,379] {logging_mixin.py:115} INFO - [2024-02-02 04:11:58,379] {dag.py:2371} INFO - Sync 1 DAGs
[2024-02-02 04:11:58,391] {logging_mixin.py:115} INFO - [2024-02-02 04:11:58,391] {dag.py:2919} INFO - Setting next_dagrun for first_sample_dag to 2024-01-31T23:00:00+00:00, run_after=2024-02-01T23:00:00+00:00
[2024-02-02 04:11:58,397] {processor.py:161} INFO - Processing /opt/airflow/dags/sample_dag.py took 0.068 seconds
[2024-02-02 04:12:28,656] {processor.py:153} INFO - Started process (PID=828) to work on /opt/airflow/dags/sample_dag.py
[2024-02-02 04:12:28,657] {processor.py:641} INFO - Processing file /opt/airflow/dags/sample_dag.py for tasks to queue
[2024-02-02 04:12:28,658] {logging_mixin.py:115} INFO - [2024-02-02 04:12:28,658] {dagbag.py:507} INFO - Filling up the DagBag from /opt/airflow/dags/sample_dag.py
[2024-02-02 04:12:28,669] {processor.py:651} INFO - DAG(s) dict_keys(['first_sample_dag']) retrieved from /opt/airflow/dags/sample_dag.py
[2024-02-02 04:12:28,694] {logging_mixin.py:115} INFO - [2024-02-02 04:12:28,694] {dag.py:2371} INFO - Sync 1 DAGs
[2024-02-02 04:12:28,710] {logging_mixin.py:115} INFO - [2024-02-02 04:12:28,710] {dag.py:2919} INFO - Setting next_dagrun for first_sample_dag to 2024-01-31T23:00:00+00:00, run_after=2024-02-01T23:00:00+00:00
[2024-02-02 04:12:28,716] {processor.py:161} INFO - Processing /opt/airflow/dags/sample_dag.py took 0.080 seconds
[2024-02-02 04:12:58,992] {processor.py:153} INFO - Started process (PID=856) to work on /opt/airflow/dags/sample_dag.py
[2024-02-02 04:12:58,993] {processor.py:641} INFO - Processing file /opt/airflow/dags/sample_dag.py for tasks to queue
[2024-02-02 04:12:58,994] {logging_mixin.py:115} INFO - [2024-02-02 04:12:58,994] {dagbag.py:507} INFO - Filling up the DagBag from /opt/airflow/dags/sample_dag.py
[2024-02-02 04:12:59,003] {processor.py:651} INFO - DAG(s) dict_keys(['first_sample_dag']) retrieved from /opt/airflow/dags/sample_dag.py
[2024-02-02 04:12:59,024] {logging_mixin.py:115} INFO - [2024-02-02 04:12:59,024] {dag.py:2371} INFO - Sync 1 DAGs
[2024-02-02 04:12:59,038] {logging_mixin.py:115} INFO - [2024-02-02 04:12:59,038] {dag.py:2919} INFO - Setting next_dagrun for first_sample_dag to 2024-01-31T23:00:00+00:00, run_after=2024-02-01T23:00:00+00:00
[2024-02-02 04:12:59,044] {processor.py:161} INFO - Processing /opt/airflow/dags/sample_dag.py took 0.059 seconds
[2024-02-02 04:13:29,224] {processor.py:153} INFO - Started process (PID=886) to work on /opt/airflow/dags/sample_dag.py
[2024-02-02 04:13:29,224] {processor.py:641} INFO - Processing file /opt/airflow/dags/sample_dag.py for tasks to queue
[2024-02-02 04:13:29,225] {logging_mixin.py:115} INFO - [2024-02-02 04:13:29,225] {dagbag.py:507} INFO - Filling up the DagBag from /opt/airflow/dags/sample_dag.py
[2024-02-02 04:13:29,231] {processor.py:651} INFO - DAG(s) dict_keys(['first_sample_dag']) retrieved from /opt/airflow/dags/sample_dag.py
[2024-02-02 04:13:29,251] {logging_mixin.py:115} INFO - [2024-02-02 04:13:29,251] {dag.py:2371} INFO - Sync 1 DAGs
[2024-02-02 04:13:29,267] {logging_mixin.py:115} INFO - [2024-02-02 04:13:29,267] {dag.py:2919} INFO - Setting next_dagrun for first_sample_dag to 2024-01-31T23:00:00+00:00, run_after=2024-02-01T23:00:00+00:00
[2024-02-02 04:13:29,280] {processor.py:161} INFO - Processing /opt/airflow/dags/sample_dag.py took 0.061 seconds
[2024-02-02 04:13:59,440] {processor.py:153} INFO - Started process (PID=1050) to work on /opt/airflow/dags/sample_dag.py
[2024-02-02 04:13:59,441] {processor.py:641} INFO - Processing file /opt/airflow/dags/sample_dag.py for tasks to queue
[2024-02-02 04:13:59,441] {logging_mixin.py:115} INFO - [2024-02-02 04:13:59,441] {dagbag.py:507} INFO - Filling up the DagBag from /opt/airflow/dags/sample_dag.py
[2024-02-02 04:13:59,448] {processor.py:651} INFO - DAG(s) dict_keys(['first_sample_dag']) retrieved from /opt/airflow/dags/sample_dag.py
[2024-02-02 04:13:59,467] {logging_mixin.py:115} INFO - [2024-02-02 04:13:59,467] {dag.py:2371} INFO - Sync 1 DAGs
[2024-02-02 04:13:59,481] {logging_mixin.py:115} INFO - [2024-02-02 04:13:59,481] {dag.py:2919} INFO - Setting next_dagrun for first_sample_dag to 2024-01-31T23:00:00+00:00, run_after=2024-02-01T23:00:00+00:00
[2024-02-02 04:13:59,487] {processor.py:161} INFO - Processing /opt/airflow/dags/sample_dag.py took 0.050 seconds
[2024-02-02 04:14:29,744] {processor.py:153} INFO - Started process (PID=1060) to work on /opt/airflow/dags/sample_dag.py
[2024-02-02 04:14:29,744] {processor.py:641} INFO - Processing file /opt/airflow/dags/sample_dag.py for tasks to queue
[2024-02-02 04:14:29,745] {logging_mixin.py:115} INFO - [2024-02-02 04:14:29,744] {dagbag.py:507} INFO - Filling up the DagBag from /opt/airflow/dags/sample_dag.py
[2024-02-02 04:14:29,751] {processor.py:651} INFO - DAG(s) dict_keys(['first_sample_dag']) retrieved from /opt/airflow/dags/sample_dag.py
[2024-02-02 04:14:29,767] {logging_mixin.py:115} INFO - [2024-02-02 04:14:29,767] {dag.py:2371} INFO - Sync 1 DAGs
[2024-02-02 04:14:29,778] {logging_mixin.py:115} INFO - [2024-02-02 04:14:29,778] {dag.py:2919} INFO - Setting next_dagrun for first_sample_dag to 2024-01-31T23:00:00+00:00, run_after=2024-02-01T23:00:00+00:00
[2024-02-02 04:14:29,783] {processor.py:161} INFO - Processing /opt/airflow/dags/sample_dag.py took 0.042 seconds
[2024-02-02 04:14:59,980] {processor.py:153} INFO - Started process (PID=1070) to work on /opt/airflow/dags/sample_dag.py
[2024-02-02 04:14:59,980] {processor.py:641} INFO - Processing file /opt/airflow/dags/sample_dag.py for tasks to queue
[2024-02-02 04:14:59,981] {logging_mixin.py:115} INFO - [2024-02-02 04:14:59,981] {dagbag.py:507} INFO - Filling up the DagBag from /opt/airflow/dags/sample_dag.py
[2024-02-02 04:14:59,987] {processor.py:651} INFO - DAG(s) dict_keys(['first_sample_dag']) retrieved from /opt/airflow/dags/sample_dag.py
[2024-02-02 04:15:00,007] {logging_mixin.py:115} INFO - [2024-02-02 04:15:00,007] {dag.py:2371} INFO - Sync 1 DAGs
[2024-02-02 04:15:00,022] {logging_mixin.py:115} INFO - [2024-02-02 04:15:00,021] {dag.py:2919} INFO - Setting next_dagrun for first_sample_dag to 2024-01-31T23:00:00+00:00, run_after=2024-02-01T23:00:00+00:00
[2024-02-02 04:15:00,027] {processor.py:161} INFO - Processing /opt/airflow/dags/sample_dag.py took 0.050 seconds
[2024-02-02 04:15:30,261] {processor.py:153} INFO - Started process (PID=1080) to work on /opt/airflow/dags/sample_dag.py
[2024-02-02 04:15:30,262] {processor.py:641} INFO - Processing file /opt/airflow/dags/sample_dag.py for tasks to queue
[2024-02-02 04:15:30,263] {logging_mixin.py:115} INFO - [2024-02-02 04:15:30,263] {dagbag.py:507} INFO - Filling up the DagBag from /opt/airflow/dags/sample_dag.py
[2024-02-02 04:15:30,275] {processor.py:651} INFO - DAG(s) dict_keys(['first_sample_dag']) retrieved from /opt/airflow/dags/sample_dag.py
[2024-02-02 04:15:30,304] {logging_mixin.py:115} INFO - [2024-02-02 04:15:30,304] {dag.py:2371} INFO - Sync 1 DAGs
[2024-02-02 04:15:30,315] {logging_mixin.py:115} INFO - [2024-02-02 04:15:30,315] {dag.py:2919} INFO - Setting next_dagrun for first_sample_dag to 2024-01-31T23:00:00+00:00, run_after=2024-02-01T23:00:00+00:00
[2024-02-02 04:15:30,321] {processor.py:161} INFO - Processing /opt/airflow/dags/sample_dag.py took 0.066 seconds
[2024-02-02 04:16:00,600] {processor.py:153} INFO - Started process (PID=1090) to work on /opt/airflow/dags/sample_dag.py
[2024-02-02 04:16:00,601] {processor.py:641} INFO - Processing file /opt/airflow/dags/sample_dag.py for tasks to queue
[2024-02-02 04:16:00,602] {logging_mixin.py:115} INFO - [2024-02-02 04:16:00,602] {dagbag.py:507} INFO - Filling up the DagBag from /opt/airflow/dags/sample_dag.py
[2024-02-02 04:16:00,615] {processor.py:651} INFO - DAG(s) dict_keys(['first_sample_dag']) retrieved from /opt/airflow/dags/sample_dag.py
[2024-02-02 04:16:00,648] {logging_mixin.py:115} INFO - [2024-02-02 04:16:00,648] {dag.py:2371} INFO - Sync 1 DAGs
[2024-02-02 04:16:00,663] {logging_mixin.py:115} INFO - [2024-02-02 04:16:00,663] {dag.py:2919} INFO - Setting next_dagrun for first_sample_dag to 2024-01-31T23:00:00+00:00, run_after=2024-02-01T23:00:00+00:00
[2024-02-02 04:16:00,669] {processor.py:161} INFO - Processing /opt/airflow/dags/sample_dag.py took 0.075 seconds
[2024-02-02 04:16:31,097] {processor.py:153} INFO - Started process (PID=1125) to work on /opt/airflow/dags/sample_dag.py
[2024-02-02 04:16:31,098] {processor.py:641} INFO - Processing file /opt/airflow/dags/sample_dag.py for tasks to queue
[2024-02-02 04:16:31,099] {logging_mixin.py:115} INFO - [2024-02-02 04:16:31,099] {dagbag.py:507} INFO - Filling up the DagBag from /opt/airflow/dags/sample_dag.py
[2024-02-02 04:16:31,114] {processor.py:651} INFO - DAG(s) dict_keys(['first_sample_dag']) retrieved from /opt/airflow/dags/sample_dag.py
[2024-02-02 04:16:31,150] {logging_mixin.py:115} INFO - [2024-02-02 04:16:31,150] {dag.py:2371} INFO - Sync 1 DAGs
[2024-02-02 04:16:31,164] {logging_mixin.py:115} INFO - [2024-02-02 04:16:31,164] {dag.py:2919} INFO - Setting next_dagrun for first_sample_dag to 2024-01-31T23:00:00+00:00, run_after=2024-02-01T23:00:00+00:00
[2024-02-02 04:16:31,170] {processor.py:161} INFO - Processing /opt/airflow/dags/sample_dag.py took 0.078 seconds
[2024-02-02 04:17:01,243] {processor.py:153} INFO - Started process (PID=1189) to work on /opt/airflow/dags/sample_dag.py
[2024-02-02 04:17:01,244] {processor.py:641} INFO - Processing file /opt/airflow/dags/sample_dag.py for tasks to queue
[2024-02-02 04:17:01,244] {logging_mixin.py:115} INFO - [2024-02-02 04:17:01,244] {dagbag.py:507} INFO - Filling up the DagBag from /opt/airflow/dags/sample_dag.py
[2024-02-02 04:17:01,249] {processor.py:651} INFO - DAG(s) dict_keys(['first_sample_dag']) retrieved from /opt/airflow/dags/sample_dag.py
[2024-02-02 04:17:01,266] {logging_mixin.py:115} INFO - [2024-02-02 04:17:01,266] {dag.py:2371} INFO - Sync 1 DAGs
[2024-02-02 04:17:01,276] {logging_mixin.py:115} INFO - [2024-02-02 04:17:01,276] {dag.py:2919} INFO - Setting next_dagrun for first_sample_dag to 2024-01-31T23:00:00+00:00, run_after=2024-02-01T23:00:00+00:00
[2024-02-02 04:17:01,282] {processor.py:161} INFO - Processing /opt/airflow/dags/sample_dag.py took 0.040 seconds
[2024-02-02 04:17:31,510] {processor.py:153} INFO - Started process (PID=1319) to work on /opt/airflow/dags/sample_dag.py
[2024-02-02 04:17:31,510] {processor.py:641} INFO - Processing file /opt/airflow/dags/sample_dag.py for tasks to queue
[2024-02-02 04:17:31,511] {logging_mixin.py:115} INFO - [2024-02-02 04:17:31,511] {dagbag.py:507} INFO - Filling up the DagBag from /opt/airflow/dags/sample_dag.py
[2024-02-02 04:17:31,519] {processor.py:651} INFO - DAG(s) dict_keys(['first_sample_dag']) retrieved from /opt/airflow/dags/sample_dag.py
[2024-02-02 04:17:31,556] {logging_mixin.py:115} INFO - [2024-02-02 04:17:31,555] {dag.py:2371} INFO - Sync 1 DAGs
[2024-02-02 04:17:31,574] {logging_mixin.py:115} INFO - [2024-02-02 04:17:31,574] {dag.py:2919} INFO - Setting next_dagrun for first_sample_dag to 2024-01-31T23:00:00+00:00, run_after=2024-02-01T23:00:00+00:00
[2024-02-02 04:17:31,585] {processor.py:161} INFO - Processing /opt/airflow/dags/sample_dag.py took 0.079 seconds
[2024-02-02 04:18:01,864] {processor.py:153} INFO - Started process (PID=1329) to work on /opt/airflow/dags/sample_dag.py
[2024-02-02 04:18:01,866] {processor.py:641} INFO - Processing file /opt/airflow/dags/sample_dag.py for tasks to queue
[2024-02-02 04:18:01,867] {logging_mixin.py:115} INFO - [2024-02-02 04:18:01,867] {dagbag.py:507} INFO - Filling up the DagBag from /opt/airflow/dags/sample_dag.py
[2024-02-02 04:18:01,876] {processor.py:651} INFO - DAG(s) dict_keys(['first_sample_dag']) retrieved from /opt/airflow/dags/sample_dag.py
[2024-02-02 04:18:01,900] {logging_mixin.py:115} INFO - [2024-02-02 04:18:01,900] {dag.py:2371} INFO - Sync 1 DAGs
[2024-02-02 04:18:01,913] {logging_mixin.py:115} INFO - [2024-02-02 04:18:01,913] {dag.py:2919} INFO - Setting next_dagrun for first_sample_dag to 2024-01-31T23:00:00+00:00, run_after=2024-02-01T23:00:00+00:00
[2024-02-02 04:18:01,919] {processor.py:161} INFO - Processing /opt/airflow/dags/sample_dag.py took 0.060 seconds
[2024-02-02 04:18:32,185] {processor.py:153} INFO - Started process (PID=1339) to work on /opt/airflow/dags/sample_dag.py
[2024-02-02 04:18:32,187] {processor.py:641} INFO - Processing file /opt/airflow/dags/sample_dag.py for tasks to queue
[2024-02-02 04:18:32,187] {logging_mixin.py:115} INFO - [2024-02-02 04:18:32,187] {dagbag.py:507} INFO - Filling up the DagBag from /opt/airflow/dags/sample_dag.py
[2024-02-02 04:18:32,199] {processor.py:651} INFO - DAG(s) dict_keys(['first_sample_dag']) retrieved from /opt/airflow/dags/sample_dag.py
[2024-02-02 04:18:32,228] {logging_mixin.py:115} INFO - [2024-02-02 04:18:32,228] {dag.py:2371} INFO - Sync 1 DAGs
[2024-02-02 04:18:32,240] {logging_mixin.py:115} INFO - [2024-02-02 04:18:32,240] {dag.py:2919} INFO - Setting next_dagrun for first_sample_dag to 2024-01-31T23:00:00+00:00, run_after=2024-02-01T23:00:00+00:00
[2024-02-02 04:18:32,245] {processor.py:161} INFO - Processing /opt/airflow/dags/sample_dag.py took 0.067 seconds
[2024-02-02 04:19:02,565] {processor.py:153} INFO - Started process (PID=1349) to work on /opt/airflow/dags/sample_dag.py
[2024-02-02 04:19:02,567] {processor.py:641} INFO - Processing file /opt/airflow/dags/sample_dag.py for tasks to queue
[2024-02-02 04:19:02,568] {logging_mixin.py:115} INFO - [2024-02-02 04:19:02,568] {dagbag.py:507} INFO - Filling up the DagBag from /opt/airflow/dags/sample_dag.py
[2024-02-02 04:19:02,584] {processor.py:651} INFO - DAG(s) dict_keys(['first_sample_dag']) retrieved from /opt/airflow/dags/sample_dag.py
[2024-02-02 04:19:02,618] {logging_mixin.py:115} INFO - [2024-02-02 04:19:02,618] {dag.py:2371} INFO - Sync 1 DAGs
[2024-02-02 04:19:02,631] {logging_mixin.py:115} INFO - [2024-02-02 04:19:02,631] {dag.py:2919} INFO - Setting next_dagrun for first_sample_dag to 2024-01-31T23:00:00+00:00, run_after=2024-02-01T23:00:00+00:00
[2024-02-02 04:19:02,637] {processor.py:161} INFO - Processing /opt/airflow/dags/sample_dag.py took 0.079 seconds
[2024-02-02 04:19:32,877] {processor.py:153} INFO - Started process (PID=1364) to work on /opt/airflow/dags/sample_dag.py
[2024-02-02 04:19:32,878] {processor.py:641} INFO - Processing file /opt/airflow/dags/sample_dag.py for tasks to queue
[2024-02-02 04:19:32,879] {logging_mixin.py:115} INFO - [2024-02-02 04:19:32,879] {dagbag.py:507} INFO - Filling up the DagBag from /opt/airflow/dags/sample_dag.py
[2024-02-02 04:19:32,891] {processor.py:651} INFO - DAG(s) dict_keys(['first_sample_dag']) retrieved from /opt/airflow/dags/sample_dag.py
[2024-02-02 04:19:32,921] {logging_mixin.py:115} INFO - [2024-02-02 04:19:32,921] {dag.py:2371} INFO - Sync 1 DAGs
[2024-02-02 04:19:32,935] {logging_mixin.py:115} INFO - [2024-02-02 04:19:32,935] {dag.py:2919} INFO - Setting next_dagrun for first_sample_dag to 2024-01-31T23:00:00+00:00, run_after=2024-02-01T23:00:00+00:00
[2024-02-02 04:19:32,941] {processor.py:161} INFO - Processing /opt/airflow/dags/sample_dag.py took 0.070 seconds
[2024-02-02 04:20:03,238] {processor.py:153} INFO - Started process (PID=1381) to work on /opt/airflow/dags/sample_dag.py
[2024-02-02 04:20:03,239] {processor.py:641} INFO - Processing file /opt/airflow/dags/sample_dag.py for tasks to queue
[2024-02-02 04:20:03,240] {logging_mixin.py:115} INFO - [2024-02-02 04:20:03,240] {dagbag.py:507} INFO - Filling up the DagBag from /opt/airflow/dags/sample_dag.py
[2024-02-02 04:20:03,252] {processor.py:651} INFO - DAG(s) dict_keys(['first_sample_dag']) retrieved from /opt/airflow/dags/sample_dag.py
[2024-02-02 04:20:03,282] {logging_mixin.py:115} INFO - [2024-02-02 04:20:03,282] {dag.py:2371} INFO - Sync 1 DAGs
[2024-02-02 04:20:03,295] {logging_mixin.py:115} INFO - [2024-02-02 04:20:03,294] {dag.py:2919} INFO - Setting next_dagrun for first_sample_dag to 2024-01-31T23:00:00+00:00, run_after=2024-02-01T23:00:00+00:00
[2024-02-02 04:20:03,300] {processor.py:161} INFO - Processing /opt/airflow/dags/sample_dag.py took 0.066 seconds
[2024-02-02 04:20:33,408] {processor.py:153} INFO - Started process (PID=1533) to work on /opt/airflow/dags/sample_dag.py
[2024-02-02 04:20:33,409] {processor.py:641} INFO - Processing file /opt/airflow/dags/sample_dag.py for tasks to queue
[2024-02-02 04:20:33,410] {logging_mixin.py:115} INFO - [2024-02-02 04:20:33,410] {dagbag.py:507} INFO - Filling up the DagBag from /opt/airflow/dags/sample_dag.py
[2024-02-02 04:20:33,418] {processor.py:651} INFO - DAG(s) dict_keys(['first_sample_dag']) retrieved from /opt/airflow/dags/sample_dag.py
[2024-02-02 04:20:33,440] {logging_mixin.py:115} INFO - [2024-02-02 04:20:33,440] {dag.py:2371} INFO - Sync 1 DAGs
[2024-02-02 04:20:33,457] {logging_mixin.py:115} INFO - [2024-02-02 04:20:33,457] {dag.py:2919} INFO - Setting next_dagrun for first_sample_dag to 2024-01-31T23:00:00+00:00, run_after=2024-02-01T23:00:00+00:00
[2024-02-02 04:20:33,464] {processor.py:161} INFO - Processing /opt/airflow/dags/sample_dag.py took 0.060 seconds
[2024-02-02 04:21:03,690] {processor.py:153} INFO - Started process (PID=1568) to work on /opt/airflow/dags/sample_dag.py
[2024-02-02 04:21:03,694] {processor.py:641} INFO - Processing file /opt/airflow/dags/sample_dag.py for tasks to queue
[2024-02-02 04:21:03,694] {logging_mixin.py:115} INFO - [2024-02-02 04:21:03,694] {dagbag.py:507} INFO - Filling up the DagBag from /opt/airflow/dags/sample_dag.py
[2024-02-02 04:21:03,706] {processor.py:651} INFO - DAG(s) dict_keys(['first_sample_dag']) retrieved from /opt/airflow/dags/sample_dag.py
[2024-02-02 04:21:03,730] {logging_mixin.py:115} INFO - [2024-02-02 04:21:03,730] {dag.py:2371} INFO - Sync 1 DAGs
[2024-02-02 04:21:03,744] {logging_mixin.py:115} INFO - [2024-02-02 04:21:03,744] {dag.py:2919} INFO - Setting next_dagrun for first_sample_dag to 2024-01-31T23:00:00+00:00, run_after=2024-02-01T23:00:00+00:00
[2024-02-02 04:21:03,749] {processor.py:161} INFO - Processing /opt/airflow/dags/sample_dag.py took 0.064 seconds
[2024-02-02 04:21:34,047] {processor.py:153} INFO - Started process (PID=1578) to work on /opt/airflow/dags/sample_dag.py
[2024-02-02 04:21:34,048] {processor.py:641} INFO - Processing file /opt/airflow/dags/sample_dag.py for tasks to queue
[2024-02-02 04:21:34,049] {logging_mixin.py:115} INFO - [2024-02-02 04:21:34,049] {dagbag.py:507} INFO - Filling up the DagBag from /opt/airflow/dags/sample_dag.py
[2024-02-02 04:21:34,066] {processor.py:651} INFO - DAG(s) dict_keys(['first_sample_dag']) retrieved from /opt/airflow/dags/sample_dag.py
[2024-02-02 04:21:34,100] {logging_mixin.py:115} INFO - [2024-02-02 04:21:34,100] {dag.py:2371} INFO - Sync 1 DAGs
[2024-02-02 04:21:34,114] {logging_mixin.py:115} INFO - [2024-02-02 04:21:34,114] {dag.py:2919} INFO - Setting next_dagrun for first_sample_dag to 2024-01-31T23:00:00+00:00, run_after=2024-02-01T23:00:00+00:00
[2024-02-02 04:21:34,120] {processor.py:161} INFO - Processing /opt/airflow/dags/sample_dag.py took 0.082 seconds
[2024-02-02 04:22:04,397] {processor.py:153} INFO - Started process (PID=1591) to work on /opt/airflow/dags/sample_dag.py
[2024-02-02 04:22:04,398] {processor.py:641} INFO - Processing file /opt/airflow/dags/sample_dag.py for tasks to queue
[2024-02-02 04:22:04,398] {logging_mixin.py:115} INFO - [2024-02-02 04:22:04,398] {dagbag.py:507} INFO - Filling up the DagBag from /opt/airflow/dags/sample_dag.py
[2024-02-02 04:22:04,409] {processor.py:651} INFO - DAG(s) dict_keys(['first_sample_dag']) retrieved from /opt/airflow/dags/sample_dag.py
[2024-02-02 04:22:04,431] {logging_mixin.py:115} INFO - [2024-02-02 04:22:04,431] {dag.py:2371} INFO - Sync 1 DAGs
[2024-02-02 04:22:04,446] {logging_mixin.py:115} INFO - [2024-02-02 04:22:04,446] {dag.py:2919} INFO - Setting next_dagrun for first_sample_dag to 2024-01-31T23:00:00+00:00, run_after=2024-02-01T23:00:00+00:00
[2024-02-02 04:22:04,453] {processor.py:161} INFO - Processing /opt/airflow/dags/sample_dag.py took 0.061 seconds
[2024-02-02 04:22:34,809] {processor.py:153} INFO - Started process (PID=1608) to work on /opt/airflow/dags/sample_dag.py
[2024-02-02 04:22:34,810] {processor.py:641} INFO - Processing file /opt/airflow/dags/sample_dag.py for tasks to queue
[2024-02-02 04:22:34,812] {logging_mixin.py:115} INFO - [2024-02-02 04:22:34,812] {dagbag.py:507} INFO - Filling up the DagBag from /opt/airflow/dags/sample_dag.py
[2024-02-02 04:22:34,837] {processor.py:651} INFO - DAG(s) dict_keys(['first_sample_dag']) retrieved from /opt/airflow/dags/sample_dag.py
[2024-02-02 04:22:34,890] {logging_mixin.py:115} INFO - [2024-02-02 04:22:34,890] {dag.py:2371} INFO - Sync 1 DAGs
[2024-02-02 04:22:34,905] {logging_mixin.py:115} INFO - [2024-02-02 04:22:34,905] {dag.py:2919} INFO - Setting next_dagrun for first_sample_dag to 2024-01-31T23:00:00+00:00, run_after=2024-02-01T23:00:00+00:00
[2024-02-02 04:22:34,911] {processor.py:161} INFO - Processing /opt/airflow/dags/sample_dag.py took 0.114 seconds
[2024-02-02 04:23:05,142] {processor.py:153} INFO - Started process (PID=1618) to work on /opt/airflow/dags/sample_dag.py
[2024-02-02 04:23:05,143] {processor.py:641} INFO - Processing file /opt/airflow/dags/sample_dag.py for tasks to queue
[2024-02-02 04:23:05,144] {logging_mixin.py:115} INFO - [2024-02-02 04:23:05,144] {dagbag.py:507} INFO - Filling up the DagBag from /opt/airflow/dags/sample_dag.py
[2024-02-02 04:23:05,157] {processor.py:651} INFO - DAG(s) dict_keys(['first_sample_dag']) retrieved from /opt/airflow/dags/sample_dag.py
[2024-02-02 04:23:05,189] {logging_mixin.py:115} INFO - [2024-02-02 04:23:05,189] {dag.py:2371} INFO - Sync 1 DAGs
[2024-02-02 04:23:05,201] {logging_mixin.py:115} INFO - [2024-02-02 04:23:05,201] {dag.py:2919} INFO - Setting next_dagrun for first_sample_dag to 2024-01-31T23:00:00+00:00, run_after=2024-02-01T23:00:00+00:00
[2024-02-02 04:23:05,206] {processor.py:161} INFO - Processing /opt/airflow/dags/sample_dag.py took 0.069 seconds
[2024-02-02 04:23:35,443] {processor.py:153} INFO - Started process (PID=1628) to work on /opt/airflow/dags/sample_dag.py
[2024-02-02 04:23:35,444] {processor.py:641} INFO - Processing file /opt/airflow/dags/sample_dag.py for tasks to queue
[2024-02-02 04:23:35,444] {logging_mixin.py:115} INFO - [2024-02-02 04:23:35,444] {dagbag.py:507} INFO - Filling up the DagBag from /opt/airflow/dags/sample_dag.py
[2024-02-02 04:23:35,456] {processor.py:651} INFO - DAG(s) dict_keys(['first_sample_dag']) retrieved from /opt/airflow/dags/sample_dag.py
[2024-02-02 04:23:35,484] {logging_mixin.py:115} INFO - [2024-02-02 04:23:35,484] {dag.py:2371} INFO - Sync 1 DAGs
[2024-02-02 04:23:35,496] {logging_mixin.py:115} INFO - [2024-02-02 04:23:35,496] {dag.py:2919} INFO - Setting next_dagrun for first_sample_dag to 2024-01-31T23:00:00+00:00, run_after=2024-02-01T23:00:00+00:00
[2024-02-02 04:23:35,502] {processor.py:161} INFO - Processing /opt/airflow/dags/sample_dag.py took 0.064 seconds
[2024-02-02 04:24:06,014] {processor.py:153} INFO - Started process (PID=1663) to work on /opt/airflow/dags/sample_dag.py
[2024-02-02 04:24:06,015] {processor.py:641} INFO - Processing file /opt/airflow/dags/sample_dag.py for tasks to queue
[2024-02-02 04:24:06,015] {logging_mixin.py:115} INFO - [2024-02-02 04:24:06,015] {dagbag.py:507} INFO - Filling up the DagBag from /opt/airflow/dags/sample_dag.py
[2024-02-02 04:24:06,026] {processor.py:651} INFO - DAG(s) dict_keys(['first_sample_dag']) retrieved from /opt/airflow/dags/sample_dag.py
[2024-02-02 04:24:06,052] {logging_mixin.py:115} INFO - [2024-02-02 04:24:06,052] {dag.py:2371} INFO - Sync 1 DAGs
[2024-02-02 04:24:06,092] {logging_mixin.py:115} INFO - [2024-02-02 04:24:06,092] {dag.py:2919} INFO - Setting next_dagrun for first_sample_dag to 2024-01-31T23:00:00+00:00, run_after=2024-02-01T23:00:00+00:00
[2024-02-02 04:24:06,101] {processor.py:161} INFO - Processing /opt/airflow/dags/sample_dag.py took 0.091 seconds
[2024-02-02 04:24:36,248] {processor.py:153} INFO - Started process (PID=1727) to work on /opt/airflow/dags/sample_dag.py
[2024-02-02 04:24:36,249] {processor.py:641} INFO - Processing file /opt/airflow/dags/sample_dag.py for tasks to queue
[2024-02-02 04:24:36,249] {logging_mixin.py:115} INFO - [2024-02-02 04:24:36,249] {dagbag.py:507} INFO - Filling up the DagBag from /opt/airflow/dags/sample_dag.py
[2024-02-02 04:24:36,255] {processor.py:651} INFO - DAG(s) dict_keys(['first_sample_dag']) retrieved from /opt/airflow/dags/sample_dag.py
[2024-02-02 04:24:36,270] {logging_mixin.py:115} INFO - [2024-02-02 04:24:36,270] {dag.py:2371} INFO - Sync 1 DAGs
[2024-02-02 04:24:36,282] {logging_mixin.py:115} INFO - [2024-02-02 04:24:36,282] {dag.py:2919} INFO - Setting next_dagrun for first_sample_dag to 2024-01-31T23:00:00+00:00, run_after=2024-02-01T23:00:00+00:00
[2024-02-02 04:24:36,288] {processor.py:161} INFO - Processing /opt/airflow/dags/sample_dag.py took 0.042 seconds
[2024-02-02 04:25:06,492] {processor.py:153} INFO - Started process (PID=1857) to work on /opt/airflow/dags/sample_dag.py
[2024-02-02 04:25:06,493] {processor.py:641} INFO - Processing file /opt/airflow/dags/sample_dag.py for tasks to queue
[2024-02-02 04:25:06,495] {logging_mixin.py:115} INFO - [2024-02-02 04:25:06,495] {dagbag.py:507} INFO - Filling up the DagBag from /opt/airflow/dags/sample_dag.py
[2024-02-02 04:25:06,507] {processor.py:651} INFO - DAG(s) dict_keys(['first_sample_dag']) retrieved from /opt/airflow/dags/sample_dag.py
[2024-02-02 04:25:06,532] {logging_mixin.py:115} INFO - [2024-02-02 04:25:06,532] {dag.py:2371} INFO - Sync 1 DAGs
[2024-02-02 04:25:06,548] {logging_mixin.py:115} INFO - [2024-02-02 04:25:06,548] {dag.py:2919} INFO - Setting next_dagrun for first_sample_dag to 2024-01-31T23:00:00+00:00, run_after=2024-02-01T23:00:00+00:00
[2024-02-02 04:25:06,553] {processor.py:161} INFO - Processing /opt/airflow/dags/sample_dag.py took 0.066 seconds
[2024-02-02 04:25:36,772] {processor.py:153} INFO - Started process (PID=1867) to work on /opt/airflow/dags/sample_dag.py
[2024-02-02 04:25:36,773] {processor.py:641} INFO - Processing file /opt/airflow/dags/sample_dag.py for tasks to queue
[2024-02-02 04:25:36,774] {logging_mixin.py:115} INFO - [2024-02-02 04:25:36,774] {dagbag.py:507} INFO - Filling up the DagBag from /opt/airflow/dags/sample_dag.py
[2024-02-02 04:25:36,800] {processor.py:651} INFO - DAG(s) dict_keys(['first_sample_dag']) retrieved from /opt/airflow/dags/sample_dag.py
[2024-02-02 04:25:36,832] {logging_mixin.py:115} INFO - [2024-02-02 04:25:36,832] {dag.py:2371} INFO - Sync 1 DAGs
[2024-02-02 04:25:36,849] {logging_mixin.py:115} INFO - [2024-02-02 04:25:36,849] {dag.py:2919} INFO - Setting next_dagrun for first_sample_dag to 2024-01-31T23:00:00+00:00, run_after=2024-02-01T23:00:00+00:00
[2024-02-02 04:25:36,856] {processor.py:161} INFO - Processing /opt/airflow/dags/sample_dag.py took 0.093 seconds
[2024-02-02 04:26:07,127] {processor.py:153} INFO - Started process (PID=1877) to work on /opt/airflow/dags/sample_dag.py
[2024-02-02 04:26:07,129] {processor.py:641} INFO - Processing file /opt/airflow/dags/sample_dag.py for tasks to queue
[2024-02-02 04:26:07,130] {logging_mixin.py:115} INFO - [2024-02-02 04:26:07,130] {dagbag.py:507} INFO - Filling up the DagBag from /opt/airflow/dags/sample_dag.py
[2024-02-02 04:26:07,142] {processor.py:651} INFO - DAG(s) dict_keys(['first_sample_dag']) retrieved from /opt/airflow/dags/sample_dag.py
[2024-02-02 04:26:07,170] {logging_mixin.py:115} INFO - [2024-02-02 04:26:07,170] {dag.py:2371} INFO - Sync 1 DAGs
[2024-02-02 04:26:07,182] {logging_mixin.py:115} INFO - [2024-02-02 04:26:07,182] {dag.py:2919} INFO - Setting next_dagrun for first_sample_dag to 2024-01-31T23:00:00+00:00, run_after=2024-02-01T23:00:00+00:00
[2024-02-02 04:26:07,188] {processor.py:161} INFO - Processing /opt/airflow/dags/sample_dag.py took 0.066 seconds
[2024-02-02 04:26:37,474] {processor.py:153} INFO - Started process (PID=1887) to work on /opt/airflow/dags/sample_dag.py
[2024-02-02 04:26:37,475] {processor.py:641} INFO - Processing file /opt/airflow/dags/sample_dag.py for tasks to queue
[2024-02-02 04:26:37,476] {logging_mixin.py:115} INFO - [2024-02-02 04:26:37,476] {dagbag.py:507} INFO - Filling up the DagBag from /opt/airflow/dags/sample_dag.py
[2024-02-02 04:26:37,489] {processor.py:651} INFO - DAG(s) dict_keys(['first_sample_dag']) retrieved from /opt/airflow/dags/sample_dag.py
[2024-02-02 04:26:37,517] {logging_mixin.py:115} INFO - [2024-02-02 04:26:37,517] {dag.py:2371} INFO - Sync 1 DAGs
[2024-02-02 04:26:37,529] {logging_mixin.py:115} INFO - [2024-02-02 04:26:37,529] {dag.py:2919} INFO - Setting next_dagrun for first_sample_dag to 2024-01-31T23:00:00+00:00, run_after=2024-02-01T23:00:00+00:00
[2024-02-02 04:26:37,535] {processor.py:161} INFO - Processing /opt/airflow/dags/sample_dag.py took 0.066 seconds
[2024-02-02 04:27:07,841] {processor.py:153} INFO - Started process (PID=1902) to work on /opt/airflow/dags/sample_dag.py
[2024-02-02 04:27:07,842] {processor.py:641} INFO - Processing file /opt/airflow/dags/sample_dag.py for tasks to queue
[2024-02-02 04:27:07,843] {logging_mixin.py:115} INFO - [2024-02-02 04:27:07,843] {dagbag.py:507} INFO - Filling up the DagBag from /opt/airflow/dags/sample_dag.py
[2024-02-02 04:27:07,853] {processor.py:651} INFO - DAG(s) dict_keys(['first_sample_dag']) retrieved from /opt/airflow/dags/sample_dag.py
[2024-02-02 04:27:07,879] {logging_mixin.py:115} INFO - [2024-02-02 04:27:07,879] {dag.py:2371} INFO - Sync 1 DAGs
[2024-02-02 04:27:07,895] {logging_mixin.py:115} INFO - [2024-02-02 04:27:07,894] {dag.py:2919} INFO - Setting next_dagrun for first_sample_dag to 2024-01-31T23:00:00+00:00, run_after=2024-02-01T23:00:00+00:00
[2024-02-02 04:27:07,903] {processor.py:161} INFO - Processing /opt/airflow/dags/sample_dag.py took 0.066 seconds
[2024-02-02 04:27:38,050] {processor.py:153} INFO - Started process (PID=2021) to work on /opt/airflow/dags/sample_dag.py
[2024-02-02 04:27:38,054] {processor.py:641} INFO - Processing file /opt/airflow/dags/sample_dag.py for tasks to queue
[2024-02-02 04:27:38,056] {logging_mixin.py:115} INFO - [2024-02-02 04:27:38,056] {dagbag.py:507} INFO - Filling up the DagBag from /opt/airflow/dags/sample_dag.py
[2024-02-02 04:27:38,080] {processor.py:651} INFO - DAG(s) dict_keys(['first_sample_dag']) retrieved from /opt/airflow/dags/sample_dag.py
[2024-02-02 04:27:38,147] {logging_mixin.py:115} INFO - [2024-02-02 04:27:38,147] {dag.py:2371} INFO - Sync 1 DAGs
[2024-02-02 04:27:38,185] {logging_mixin.py:115} INFO - [2024-02-02 04:27:38,185] {dag.py:2919} INFO - Setting next_dagrun for first_sample_dag to 2024-01-31T23:00:00+00:00, run_after=2024-02-01T23:00:00+00:00
[2024-02-02 04:27:38,221] {processor.py:161} INFO - Processing /opt/airflow/dags/sample_dag.py took 0.182 seconds
[2024-02-02 04:28:08,314] {processor.py:153} INFO - Started process (PID=2091) to work on /opt/airflow/dags/sample_dag.py
[2024-02-02 04:28:08,315] {processor.py:641} INFO - Processing file /opt/airflow/dags/sample_dag.py for tasks to queue
[2024-02-02 04:28:08,316] {logging_mixin.py:115} INFO - [2024-02-02 04:28:08,316] {dagbag.py:507} INFO - Filling up the DagBag from /opt/airflow/dags/sample_dag.py
[2024-02-02 04:28:08,326] {processor.py:651} INFO - DAG(s) dict_keys(['first_sample_dag']) retrieved from /opt/airflow/dags/sample_dag.py
[2024-02-02 04:28:08,347] {logging_mixin.py:115} INFO - [2024-02-02 04:28:08,347] {dag.py:2371} INFO - Sync 1 DAGs
[2024-02-02 04:28:08,365] {logging_mixin.py:115} INFO - [2024-02-02 04:28:08,364] {dag.py:2919} INFO - Setting next_dagrun for first_sample_dag to 2024-01-31T23:00:00+00:00, run_after=2024-02-01T23:00:00+00:00
[2024-02-02 04:28:08,371] {processor.py:161} INFO - Processing /opt/airflow/dags/sample_dag.py took 0.062 seconds
[2024-02-02 04:28:38,577] {processor.py:153} INFO - Started process (PID=2101) to work on /opt/airflow/dags/sample_dag.py
[2024-02-02 04:28:38,578] {processor.py:641} INFO - Processing file /opt/airflow/dags/sample_dag.py for tasks to queue
[2024-02-02 04:28:38,578] {logging_mixin.py:115} INFO - [2024-02-02 04:28:38,578] {dagbag.py:507} INFO - Filling up the DagBag from /opt/airflow/dags/sample_dag.py
[2024-02-02 04:28:38,591] {processor.py:651} INFO - DAG(s) dict_keys(['first_sample_dag']) retrieved from /opt/airflow/dags/sample_dag.py
[2024-02-02 04:28:38,618] {logging_mixin.py:115} INFO - [2024-02-02 04:28:38,618] {dag.py:2371} INFO - Sync 1 DAGs
[2024-02-02 04:28:38,633] {logging_mixin.py:115} INFO - [2024-02-02 04:28:38,633] {dag.py:2919} INFO - Setting next_dagrun for first_sample_dag to 2024-01-31T23:00:00+00:00, run_after=2024-02-01T23:00:00+00:00
[2024-02-02 04:28:38,640] {processor.py:161} INFO - Processing /opt/airflow/dags/sample_dag.py took 0.070 seconds
[2024-02-02 04:29:08,989] {processor.py:153} INFO - Started process (PID=2116) to work on /opt/airflow/dags/sample_dag.py
[2024-02-02 04:29:08,990] {processor.py:641} INFO - Processing file /opt/airflow/dags/sample_dag.py for tasks to queue
[2024-02-02 04:29:08,991] {logging_mixin.py:115} INFO - [2024-02-02 04:29:08,991] {dagbag.py:507} INFO - Filling up the DagBag from /opt/airflow/dags/sample_dag.py
[2024-02-02 04:29:09,002] {processor.py:651} INFO - DAG(s) dict_keys(['first_sample_dag']) retrieved from /opt/airflow/dags/sample_dag.py
[2024-02-02 04:29:09,031] {logging_mixin.py:115} INFO - [2024-02-02 04:29:09,030] {dag.py:2371} INFO - Sync 1 DAGs
[2024-02-02 04:29:09,042] {logging_mixin.py:115} INFO - [2024-02-02 04:29:09,042] {dag.py:2919} INFO - Setting next_dagrun for first_sample_dag to 2024-01-31T23:00:00+00:00, run_after=2024-02-01T23:00:00+00:00
[2024-02-02 04:29:09,048] {processor.py:161} INFO - Processing /opt/airflow/dags/sample_dag.py took 0.063 seconds
[2024-02-02 04:29:39,260] {processor.py:153} INFO - Started process (PID=2126) to work on /opt/airflow/dags/sample_dag.py
[2024-02-02 04:29:39,261] {processor.py:641} INFO - Processing file /opt/airflow/dags/sample_dag.py for tasks to queue
[2024-02-02 04:29:39,262] {logging_mixin.py:115} INFO - [2024-02-02 04:29:39,261] {dagbag.py:507} INFO - Filling up the DagBag from /opt/airflow/dags/sample_dag.py
[2024-02-02 04:29:39,273] {processor.py:651} INFO - DAG(s) dict_keys(['first_sample_dag']) retrieved from /opt/airflow/dags/sample_dag.py
[2024-02-02 04:29:39,300] {logging_mixin.py:115} INFO - [2024-02-02 04:29:39,300] {dag.py:2371} INFO - Sync 1 DAGs
[2024-02-02 04:29:39,317] {logging_mixin.py:115} INFO - [2024-02-02 04:29:39,317] {dag.py:2919} INFO - Setting next_dagrun for first_sample_dag to 2024-01-31T23:00:00+00:00, run_after=2024-02-01T23:00:00+00:00
[2024-02-02 04:29:39,325] {processor.py:161} INFO - Processing /opt/airflow/dags/sample_dag.py took 0.069 seconds
