[2024-02-01 13:48:01,926] {taskinstance.py:1159} INFO - Dependencies all met for <TaskInstance: etl_postgresql.aggregate_province_monthly manual__2024-02-01T13:48:01.368228+00:00 [queued]>
[2024-02-01 13:48:01,933] {taskinstance.py:1159} INFO - Dependencies all met for <TaskInstance: etl_postgresql.aggregate_province_monthly manual__2024-02-01T13:48:01.368228+00:00 [queued]>
[2024-02-01 13:48:01,934] {taskinstance.py:1356} INFO - 
--------------------------------------------------------------------------------
[2024-02-01 13:48:01,934] {taskinstance.py:1357} INFO - Starting attempt 1 of 2
[2024-02-01 13:48:01,934] {taskinstance.py:1358} INFO - 
--------------------------------------------------------------------------------
[2024-02-01 13:48:01,943] {taskinstance.py:1377} INFO - Executing <Task(PythonOperator): aggregate_province_monthly> on 2024-02-01 13:48:01.368228+00:00
[2024-02-01 13:48:01,947] {standard_task_runner.py:52} INFO - Started process 3895 to run task
[2024-02-01 13:48:01,952] {standard_task_runner.py:79} INFO - Running: ['***', 'tasks', 'run', 'etl_postgresql', 'aggregate_province_monthly', 'manual__2024-02-01T13:48:01.368228+00:00', '--job-id', '266', '--raw', '--subdir', 'DAGS_FOLDER/etl_dag.py', '--cfg-path', '/tmp/tmphieacm7f', '--error-file', '/tmp/tmpid0ur8o7']
[2024-02-01 13:48:01,954] {standard_task_runner.py:80} INFO - Job 266: Subtask aggregate_province_monthly
[2024-02-01 13:48:02,003] {task_command.py:369} INFO - Running <TaskInstance: etl_postgresql.aggregate_province_monthly manual__2024-02-01T13:48:01.368228+00:00 [running]> on host 0cb2a3b23a40
[2024-02-01 13:48:02,068] {taskinstance.py:1571} INFO - Exporting the following env vars:
AIRFLOW_CTX_DAG_OWNER=***
AIRFLOW_CTX_DAG_ID=etl_postgresql
AIRFLOW_CTX_TASK_ID=aggregate_province_monthly
AIRFLOW_CTX_EXECUTION_DATE=2024-02-01T13:48:01.368228+00:00
AIRFLOW_CTX_TRY_NUMBER=1
AIRFLOW_CTX_DAG_RUN_ID=manual__2024-02-01T13:48:01.368228+00:00
[2024-02-01 13:48:05,218] {logging_mixin.py:115} INFO - Successfully install sqlalchemy
[2024-02-01 13:48:08,431] {logging_mixin.py:115} INFO - Successfully install pandas
[2024-02-01 13:48:11,838] {logging_mixin.py:115} INFO - Successfully install sqlalchemy
[2024-02-01 13:48:14,900] {logging_mixin.py:115} INFO - Successfully install pymysql
[2024-02-01 13:48:17,908] {logging_mixin.py:115} INFO - Successfully install sqlalchemy
[2024-02-01 13:48:18,000] {python.py:173} INFO - Done. Returned value was: aggregate_province_monthly
[2024-02-01 13:48:18,018] {taskinstance.py:1400} INFO - Marking task as SUCCESS. dag_id=etl_postgresql, task_id=aggregate_province_monthly, execution_date=20240201T134801, start_date=20240201T134801, end_date=20240201T134818
[2024-02-01 13:48:18,036] {local_task_job.py:156} INFO - Task exited with return code 0
[2024-02-01 13:48:18,057] {local_task_job.py:273} INFO - 1 downstream tasks scheduled from follow-on schedule check
