[2024-02-01 11:58:23,661] {taskinstance.py:1159} INFO - Dependencies all met for <TaskInstance: etl_postgresql.create_ddl_postgres manual__2024-02-01T11:52:00.700808+00:00 [queued]>
[2024-02-01 11:58:23,666] {taskinstance.py:1159} INFO - Dependencies all met for <TaskInstance: etl_postgresql.create_ddl_postgres manual__2024-02-01T11:52:00.700808+00:00 [queued]>
[2024-02-01 11:58:23,667] {taskinstance.py:1356} INFO - 
--------------------------------------------------------------------------------
[2024-02-01 11:58:23,667] {taskinstance.py:1357} INFO - Starting attempt 2 of 2
[2024-02-01 11:58:23,667] {taskinstance.py:1358} INFO - 
--------------------------------------------------------------------------------
[2024-02-01 11:58:23,675] {taskinstance.py:1377} INFO - Executing <Task(PythonOperator): create_ddl_postgres> on 2024-02-01 11:52:00.700808+00:00
[2024-02-01 11:58:23,679] {standard_task_runner.py:52} INFO - Started process 1221 to run task
[2024-02-01 11:58:23,681] {standard_task_runner.py:79} INFO - Running: ['***', 'tasks', 'run', 'etl_postgresql', 'create_ddl_postgres', 'manual__2024-02-01T11:52:00.700808+00:00', '--job-id', '246', '--raw', '--subdir', 'DAGS_FOLDER/etl_dag.py', '--cfg-path', '/tmp/tmpigowo7xi', '--error-file', '/tmp/tmpdnqwdf6q']
[2024-02-01 11:58:23,682] {standard_task_runner.py:80} INFO - Job 246: Subtask create_ddl_postgres
[2024-02-01 11:58:23,719] {task_command.py:369} INFO - Running <TaskInstance: etl_postgresql.create_ddl_postgres manual__2024-02-01T11:52:00.700808+00:00 [running]> on host 0cb2a3b23a40
[2024-02-01 11:58:23,769] {taskinstance.py:1571} INFO - Exporting the following env vars:
AIRFLOW_CTX_DAG_OWNER=***
AIRFLOW_CTX_DAG_ID=etl_postgresql
AIRFLOW_CTX_TASK_ID=create_ddl_postgres
AIRFLOW_CTX_EXECUTION_DATE=2024-02-01T11:52:00.700808+00:00
AIRFLOW_CTX_TRY_NUMBER=2
AIRFLOW_CTX_DAG_RUN_ID=manual__2024-02-01T11:52:00.700808+00:00
[2024-02-01 11:58:26,631] {logging_mixin.py:115} INFO - Successfully install sqlalchemy
[2024-02-01 11:58:29,554] {logging_mixin.py:115} INFO - Successfully install sqlalchemy
[2024-02-01 11:58:29,588] {logging_mixin.py:115} INFO - success migrate table
[2024-02-01 11:58:29,589] {python.py:173} INFO - Done. Returned value was: None
[2024-02-01 11:58:29,598] {taskinstance.py:1400} INFO - Marking task as SUCCESS. dag_id=etl_postgresql, task_id=create_ddl_postgres, execution_date=20240201T115200, start_date=20240201T115823, end_date=20240201T115829
[2024-02-01 11:58:29,617] {local_task_job.py:156} INFO - Task exited with return code 0
[2024-02-01 11:58:29,634] {local_task_job.py:273} INFO - 0 downstream tasks scheduled from follow-on schedule check
