[2024-02-02 04:24:40,303] {taskinstance.py:1159} INFO - Dependencies all met for <TaskInstance: etl_postgresql.aggregate_district_monthly manual__2024-02-02T04:24:11.255303+00:00 [queued]>
[2024-02-02 04:24:40,309] {taskinstance.py:1159} INFO - Dependencies all met for <TaskInstance: etl_postgresql.aggregate_district_monthly manual__2024-02-02T04:24:11.255303+00:00 [queued]>
[2024-02-02 04:24:40,309] {taskinstance.py:1356} INFO - 
--------------------------------------------------------------------------------
[2024-02-02 04:24:40,309] {taskinstance.py:1357} INFO - Starting attempt 1 of 2
[2024-02-02 04:24:40,310] {taskinstance.py:1358} INFO - 
--------------------------------------------------------------------------------
[2024-02-02 04:24:40,317] {taskinstance.py:1377} INFO - Executing <Task(PythonOperator): aggregate_district_monthly> on 2024-02-02 04:24:11.255303+00:00
[2024-02-02 04:24:40,321] {standard_task_runner.py:52} INFO - Started process 1745 to run task
[2024-02-02 04:24:40,324] {standard_task_runner.py:79} INFO - Running: ['***', 'tasks', 'run', 'etl_postgresql', 'aggregate_district_monthly', 'manual__2024-02-02T04:24:11.255303+00:00', '--job-id', '344', '--raw', '--subdir', 'DAGS_FOLDER/etl_dag.py', '--cfg-path', '/tmp/tmpow2q54zj', '--error-file', '/tmp/tmpxg3y22jp']
[2024-02-02 04:24:40,325] {standard_task_runner.py:80} INFO - Job 344: Subtask aggregate_district_monthly
[2024-02-02 04:24:40,368] {task_command.py:369} INFO - Running <TaskInstance: etl_postgresql.aggregate_district_monthly manual__2024-02-02T04:24:11.255303+00:00 [running]> on host c3bb523480bf
[2024-02-02 04:24:40,414] {taskinstance.py:1571} INFO - Exporting the following env vars:
AIRFLOW_CTX_DAG_OWNER=***
AIRFLOW_CTX_DAG_ID=etl_postgresql
AIRFLOW_CTX_TASK_ID=aggregate_district_monthly
AIRFLOW_CTX_EXECUTION_DATE=2024-02-02T04:24:11.255303+00:00
AIRFLOW_CTX_TRY_NUMBER=1
AIRFLOW_CTX_DAG_RUN_ID=manual__2024-02-02T04:24:11.255303+00:00
[2024-02-02 04:24:43,032] {logging_mixin.py:115} INFO - Successfully install pandas
[2024-02-02 04:24:45,872] {logging_mixin.py:115} INFO - Successfully install sqlalchemy
[2024-02-02 04:24:48,456] {logging_mixin.py:115} INFO - Successfully install pymysql
[2024-02-02 04:24:50,944] {logging_mixin.py:115} INFO - Successfully install sqlalchemy
[2024-02-02 04:24:51,077] {python.py:173} INFO - Done. Returned value was: aggregate_district_monthly
[2024-02-02 04:24:51,104] {taskinstance.py:1400} INFO - Marking task as SUCCESS. dag_id=etl_postgresql, task_id=aggregate_district_monthly, execution_date=20240202T042411, start_date=20240202T042440, end_date=20240202T042451
[2024-02-02 04:24:51,125] {local_task_job.py:156} INFO - Task exited with return code 0
[2024-02-02 04:24:51,143] {local_task_job.py:273} INFO - 1 downstream tasks scheduled from follow-on schedule check
