[2024-02-02 04:20:26,868] {taskinstance.py:1159} INFO - Dependencies all met for <TaskInstance: etl_postgresql.aggregate_district_monthly manual__2024-02-02T04:19:58.580564+00:00 [queued]>
[2024-02-02 04:20:26,874] {taskinstance.py:1159} INFO - Dependencies all met for <TaskInstance: etl_postgresql.aggregate_district_monthly manual__2024-02-02T04:19:58.580564+00:00 [queued]>
[2024-02-02 04:20:26,874] {taskinstance.py:1356} INFO - 
--------------------------------------------------------------------------------
[2024-02-02 04:20:26,874] {taskinstance.py:1357} INFO - Starting attempt 1 of 2
[2024-02-02 04:20:26,874] {taskinstance.py:1358} INFO - 
--------------------------------------------------------------------------------
[2024-02-02 04:20:26,881] {taskinstance.py:1377} INFO - Executing <Task(PythonOperator): aggregate_district_monthly> on 2024-02-02 04:19:58.580564+00:00
[2024-02-02 04:20:26,884] {standard_task_runner.py:52} INFO - Started process 1448 to run task
[2024-02-02 04:20:26,886] {standard_task_runner.py:79} INFO - Running: ['***', 'tasks', 'run', 'etl_postgresql', 'aggregate_district_monthly', 'manual__2024-02-02T04:19:58.580564+00:00', '--job-id', '333', '--raw', '--subdir', 'DAGS_FOLDER/etl_dag.py', '--cfg-path', '/tmp/tmp8u25hf44', '--error-file', '/tmp/tmpd76u1mn4']
[2024-02-02 04:20:26,887] {standard_task_runner.py:80} INFO - Job 333: Subtask aggregate_district_monthly
[2024-02-02 04:20:26,917] {task_command.py:369} INFO - Running <TaskInstance: etl_postgresql.aggregate_district_monthly manual__2024-02-02T04:19:58.580564+00:00 [running]> on host c3bb523480bf
[2024-02-02 04:20:26,996] {taskinstance.py:1571} INFO - Exporting the following env vars:
AIRFLOW_CTX_DAG_OWNER=***
AIRFLOW_CTX_DAG_ID=etl_postgresql
AIRFLOW_CTX_TASK_ID=aggregate_district_monthly
AIRFLOW_CTX_EXECUTION_DATE=2024-02-02T04:19:58.580564+00:00
AIRFLOW_CTX_TRY_NUMBER=1
AIRFLOW_CTX_DAG_RUN_ID=manual__2024-02-02T04:19:58.580564+00:00
[2024-02-02 04:20:29,423] {logging_mixin.py:115} INFO - Successfully install pandas
[2024-02-02 04:20:32,237] {logging_mixin.py:115} INFO - Successfully install sqlalchemy
[2024-02-02 04:20:34,660] {logging_mixin.py:115} INFO - Successfully install pymysql
[2024-02-02 04:20:37,191] {logging_mixin.py:115} INFO - Successfully install sqlalchemy
[2024-02-02 04:20:37,318] {python.py:173} INFO - Done. Returned value was: aggregate_district_monthly
[2024-02-02 04:20:37,343] {taskinstance.py:1400} INFO - Marking task as SUCCESS. dag_id=etl_postgresql, task_id=aggregate_district_monthly, execution_date=20240202T041958, start_date=20240202T042026, end_date=20240202T042037
[2024-02-02 04:20:37,400] {local_task_job.py:156} INFO - Task exited with return code 0
[2024-02-02 04:20:37,419] {local_task_job.py:273} INFO - 1 downstream tasks scheduled from follow-on schedule check
