[2024-02-02 04:04:53,042] {taskinstance.py:1159} INFO - Dependencies all met for <TaskInstance: etl_postgresql.aggregate_province_monthly scheduled__2024-02-01T00:05:00+00:00 [queued]>
[2024-02-02 04:04:53,048] {taskinstance.py:1159} INFO - Dependencies all met for <TaskInstance: etl_postgresql.aggregate_province_monthly scheduled__2024-02-01T00:05:00+00:00 [queued]>
[2024-02-02 04:04:53,048] {taskinstance.py:1356} INFO - 
--------------------------------------------------------------------------------
[2024-02-02 04:04:53,049] {taskinstance.py:1357} INFO - Starting attempt 1 of 2
[2024-02-02 04:04:53,049] {taskinstance.py:1358} INFO - 
--------------------------------------------------------------------------------
[2024-02-02 04:04:53,057] {taskinstance.py:1377} INFO - Executing <Task(PythonOperator): aggregate_province_monthly> on 2024-02-01 00:05:00+00:00
[2024-02-02 04:04:53,060] {standard_task_runner.py:52} INFO - Started process 417 to run task
[2024-02-02 04:04:53,062] {standard_task_runner.py:79} INFO - Running: ['***', 'tasks', 'run', 'etl_postgresql', 'aggregate_province_monthly', 'scheduled__2024-02-01T00:05:00+00:00', '--job-id', '298', '--raw', '--subdir', 'DAGS_FOLDER/etl_dag.py', '--cfg-path', '/tmp/tmpy72r13q8', '--error-file', '/tmp/tmp9zeiz7qa']
[2024-02-02 04:04:53,063] {standard_task_runner.py:80} INFO - Job 298: Subtask aggregate_province_monthly
[2024-02-02 04:04:53,117] {task_command.py:369} INFO - Running <TaskInstance: etl_postgresql.aggregate_province_monthly scheduled__2024-02-01T00:05:00+00:00 [running]> on host c3bb523480bf
[2024-02-02 04:04:53,172] {taskinstance.py:1571} INFO - Exporting the following env vars:
AIRFLOW_CTX_DAG_OWNER=***
AIRFLOW_CTX_DAG_ID=etl_postgresql
AIRFLOW_CTX_TASK_ID=aggregate_province_monthly
AIRFLOW_CTX_EXECUTION_DATE=2024-02-01T00:05:00+00:00
AIRFLOW_CTX_TRY_NUMBER=1
AIRFLOW_CTX_DAG_RUN_ID=scheduled__2024-02-01T00:05:00+00:00
[2024-02-02 04:04:55,926] {logging_mixin.py:115} INFO - Successfully install pandas
[2024-02-02 04:04:58,869] {logging_mixin.py:115} INFO - Successfully install sqlalchemy
[2024-02-02 04:05:01,280] {logging_mixin.py:115} INFO - Successfully install pymysql
[2024-02-02 04:05:03,717] {logging_mixin.py:115} INFO - Successfully install sqlalchemy
[2024-02-02 04:05:03,849] {python.py:173} INFO - Done. Returned value was: aggregate_province_monthly
[2024-02-02 04:05:03,876] {taskinstance.py:1400} INFO - Marking task as SUCCESS. dag_id=etl_postgresql, task_id=aggregate_province_monthly, execution_date=20240201T000500, start_date=20240202T040453, end_date=20240202T040503
[2024-02-02 04:05:03,894] {local_task_job.py:156} INFO - Task exited with return code 0
[2024-02-02 04:05:03,917] {local_task_job.py:273} INFO - 0 downstream tasks scheduled from follow-on schedule check
