[2024-01-31 14:46:24,756] {taskinstance.py:1159} INFO - Dependencies all met for <TaskInstance: etl_postgresql.aggregate_dim_table manual__2024-01-31T14:45:58.080426+00:00 [queued]>
[2024-01-31 14:46:24,763] {taskinstance.py:1159} INFO - Dependencies all met for <TaskInstance: etl_postgresql.aggregate_dim_table manual__2024-01-31T14:45:58.080426+00:00 [queued]>
[2024-01-31 14:46:24,763] {taskinstance.py:1356} INFO - 
--------------------------------------------------------------------------------
[2024-01-31 14:46:24,763] {taskinstance.py:1357} INFO - Starting attempt 1 of 2
[2024-01-31 14:46:24,764] {taskinstance.py:1358} INFO - 
--------------------------------------------------------------------------------
[2024-01-31 14:46:24,772] {taskinstance.py:1377} INFO - Executing <Task(PythonOperator): aggregate_dim_table> on 2024-01-31 14:45:58.080426+00:00
[2024-01-31 14:46:24,775] {standard_task_runner.py:52} INFO - Started process 8262 to run task
[2024-01-31 14:46:24,778] {standard_task_runner.py:79} INFO - Running: ['***', 'tasks', 'run', 'etl_postgresql', 'aggregate_dim_table', 'manual__2024-01-31T14:45:58.080426+00:00', '--job-id', '160', '--raw', '--subdir', 'DAGS_FOLDER/etl_dag.py', '--cfg-path', '/tmp/tmp571uyh3q', '--error-file', '/tmp/tmplgaa1mk_']
[2024-01-31 14:46:24,779] {standard_task_runner.py:80} INFO - Job 160: Subtask aggregate_dim_table
[2024-01-31 14:46:24,815] {task_command.py:369} INFO - Running <TaskInstance: etl_postgresql.aggregate_dim_table manual__2024-01-31T14:45:58.080426+00:00 [running]> on host d99f9e65d396
[2024-01-31 14:46:24,863] {taskinstance.py:1571} INFO - Exporting the following env vars:
AIRFLOW_CTX_DAG_OWNER=***
AIRFLOW_CTX_DAG_ID=etl_postgresql
AIRFLOW_CTX_TASK_ID=aggregate_dim_table
AIRFLOW_CTX_EXECUTION_DATE=2024-01-31T14:45:58.080426+00:00
AIRFLOW_CTX_TRY_NUMBER=1
AIRFLOW_CTX_DAG_RUN_ID=manual__2024-01-31T14:45:58.080426+00:00
[2024-01-31 14:46:27,815] {logging_mixin.py:115} INFO - Successfully install sqlalchemy
[2024-01-31 14:46:30,988] {logging_mixin.py:115} INFO - Successfully install sqlalchemy
[2024-01-31 14:46:34,149] {logging_mixin.py:115} INFO - Successfully install pymysql
[2024-01-31 14:46:37,502] {logging_mixin.py:115} INFO - Successfully install sqlalchemy
[2024-01-31 14:46:37,544] {logging_mixin.py:115} INFO - ('Jawa Barat', '32')
[2024-01-31 14:46:37,544] {logging_mixin.py:115} INFO - 32
[2024-01-31 14:46:37,546] {logging_mixin.py:115} INFO - 3204
[2024-01-31 14:46:37,546] {taskinstance.py:1889} ERROR - Task failed with exception
Traceback (most recent call last):
  File "/home/airflow/.local/lib/python3.7/site-packages/airflow/operators/python.py", line 171, in execute
    return_value = self.execute_callable()
  File "/home/airflow/.local/lib/python3.7/site-packages/airflow/operators/python.py", line 189, in execute_callable
    return self.python_callable(*self.op_args, **self.op_kwargs)
  File "/opt/airflow/dags/etl_dag.py", line 227, in _aggregate_dim_table
    print(row.nama_kab)
AttributeError: Could not locate column in row for column 'nama_kab'
[2024-01-31 14:46:37,555] {taskinstance.py:1400} INFO - Marking task as UP_FOR_RETRY. dag_id=etl_postgresql, task_id=aggregate_dim_table, execution_date=20240131T144558, start_date=20240131T144624, end_date=20240131T144637
[2024-01-31 14:46:37,564] {standard_task_runner.py:97} ERROR - Failed to execute job 160 for task aggregate_dim_table (Could not locate column in row for column 'nama_kab'; 8262)
[2024-01-31 14:46:37,583] {local_task_job.py:156} INFO - Task exited with return code 1
[2024-01-31 14:46:37,608] {local_task_job.py:273} INFO - 0 downstream tasks scheduled from follow-on schedule check
