[2024-02-01 13:29:01,570] {taskinstance.py:1159} INFO - Dependencies all met for <TaskInstance: etl_postgresql.aggregate_dim_table manual__2024-02-01T13:29:01.201459+00:00 [queued]>
[2024-02-01 13:29:01,581] {taskinstance.py:1159} INFO - Dependencies all met for <TaskInstance: etl_postgresql.aggregate_dim_table manual__2024-02-01T13:29:01.201459+00:00 [queued]>
[2024-02-01 13:29:01,581] {taskinstance.py:1356} INFO - 
--------------------------------------------------------------------------------
[2024-02-01 13:29:01,582] {taskinstance.py:1357} INFO - Starting attempt 1 of 2
[2024-02-01 13:29:01,582] {taskinstance.py:1358} INFO - 
--------------------------------------------------------------------------------
[2024-02-01 13:29:01,592] {taskinstance.py:1377} INFO - Executing <Task(PythonOperator): aggregate_dim_table> on 2024-02-01 13:29:01.201459+00:00
[2024-02-01 13:29:01,597] {standard_task_runner.py:52} INFO - Started process 3336 to run task
[2024-02-01 13:29:01,601] {standard_task_runner.py:79} INFO - Running: ['***', 'tasks', 'run', 'etl_postgresql', 'aggregate_dim_table', 'manual__2024-02-01T13:29:01.201459+00:00', '--job-id', '257', '--raw', '--subdir', 'DAGS_FOLDER/etl_dag.py', '--cfg-path', '/tmp/tmp49mm8bns', '--error-file', '/tmp/tmplo4j83yh']
[2024-02-01 13:29:01,602] {standard_task_runner.py:80} INFO - Job 257: Subtask aggregate_dim_table
[2024-02-01 13:29:01,654] {task_command.py:369} INFO - Running <TaskInstance: etl_postgresql.aggregate_dim_table manual__2024-02-01T13:29:01.201459+00:00 [running]> on host 0cb2a3b23a40
[2024-02-01 13:29:01,725] {taskinstance.py:1571} INFO - Exporting the following env vars:
AIRFLOW_CTX_DAG_OWNER=***
AIRFLOW_CTX_DAG_ID=etl_postgresql
AIRFLOW_CTX_TASK_ID=aggregate_dim_table
AIRFLOW_CTX_EXECUTION_DATE=2024-02-01T13:29:01.201459+00:00
AIRFLOW_CTX_TRY_NUMBER=1
AIRFLOW_CTX_DAG_RUN_ID=manual__2024-02-01T13:29:01.201459+00:00
[2024-02-01 13:29:04,833] {logging_mixin.py:115} INFO - Successfully install sqlalchemy
[2024-02-01 13:29:07,918] {logging_mixin.py:115} INFO - Successfully install sqlalchemy
[2024-02-01 13:29:10,830] {logging_mixin.py:115} INFO - Successfully install pymysql
[2024-02-01 13:29:13,746] {logging_mixin.py:115} INFO - Successfully install sqlalchemy
[2024-02-01 13:29:13,816] {python.py:173} INFO - Done. Returned value was: insert dim table
[2024-02-01 13:29:13,834] {taskinstance.py:1400} INFO - Marking task as SUCCESS. dag_id=etl_postgresql, task_id=aggregate_dim_table, execution_date=20240201T132901, start_date=20240201T132901, end_date=20240201T132913
[2024-02-01 13:29:13,860] {local_task_job.py:156} INFO - Task exited with return code 0
[2024-02-01 13:29:13,878] {local_task_job.py:273} INFO - 0 downstream tasks scheduled from follow-on schedule check
