[2024-02-02 04:20:03,739] {taskinstance.py:1159} INFO - Dependencies all met for <TaskInstance: etl_postgresql.import_file_to_mysql manual__2024-02-02T04:19:58.580564+00:00 [queued]>
[2024-02-02 04:20:03,745] {taskinstance.py:1159} INFO - Dependencies all met for <TaskInstance: etl_postgresql.import_file_to_mysql manual__2024-02-02T04:19:58.580564+00:00 [queued]>
[2024-02-02 04:20:03,745] {taskinstance.py:1356} INFO - 
--------------------------------------------------------------------------------
[2024-02-02 04:20:03,745] {taskinstance.py:1357} INFO - Starting attempt 1 of 2
[2024-02-02 04:20:03,745] {taskinstance.py:1358} INFO - 
--------------------------------------------------------------------------------
[2024-02-02 04:20:03,752] {taskinstance.py:1377} INFO - Executing <Task(PythonOperator): import_file_to_mysql> on 2024-02-02 04:19:58.580564+00:00
[2024-02-02 04:20:03,755] {standard_task_runner.py:52} INFO - Started process 1387 to run task
[2024-02-02 04:20:03,758] {standard_task_runner.py:79} INFO - Running: ['***', 'tasks', 'run', 'etl_postgresql', 'import_file_to_mysql', 'manual__2024-02-02T04:19:58.580564+00:00', '--job-id', '329', '--raw', '--subdir', 'DAGS_FOLDER/etl_dag.py', '--cfg-path', '/tmp/tmp_9_h1h85', '--error-file', '/tmp/tmp_j2rqo4b']
[2024-02-02 04:20:03,758] {standard_task_runner.py:80} INFO - Job 329: Subtask import_file_to_mysql
[2024-02-02 04:20:03,788] {task_command.py:369} INFO - Running <TaskInstance: etl_postgresql.import_file_to_mysql manual__2024-02-02T04:19:58.580564+00:00 [running]> on host c3bb523480bf
[2024-02-02 04:20:03,828] {taskinstance.py:1571} INFO - Exporting the following env vars:
AIRFLOW_CTX_DAG_OWNER=***
AIRFLOW_CTX_DAG_ID=etl_postgresql
AIRFLOW_CTX_TASK_ID=import_file_to_mysql
AIRFLOW_CTX_EXECUTION_DATE=2024-02-02T04:19:58.580564+00:00
AIRFLOW_CTX_TRY_NUMBER=1
AIRFLOW_CTX_DAG_RUN_ID=manual__2024-02-02T04:19:58.580564+00:00
[2024-02-02 04:20:06,079] {logging_mixin.py:115} INFO - Successfully install pandas
[2024-02-02 04:20:08,584] {logging_mixin.py:115} INFO - Successfully install sqlalchemy
[2024-02-02 04:20:10,836] {logging_mixin.py:115} INFO - Successfully install pymysql
[2024-02-02 04:20:10,935] {python.py:173} INFO - Done. Returned value was: import to mysql
[2024-02-02 04:20:10,953] {taskinstance.py:1400} INFO - Marking task as SUCCESS. dag_id=etl_postgresql, task_id=import_file_to_mysql, execution_date=20240202T041958, start_date=20240202T042003, end_date=20240202T042010
[2024-02-02 04:20:11,009] {local_task_job.py:156} INFO - Task exited with return code 0
[2024-02-02 04:20:11,031] {local_task_job.py:273} INFO - 1 downstream tasks scheduled from follow-on schedule check
