[2024-02-01 13:48:24,311] {taskinstance.py:1159} INFO - Dependencies all met for <TaskInstance: etl_postgresql.aggregate_province_daily manual__2024-02-01T13:48:23.614829+00:00 [queued]>
[2024-02-01 13:48:24,320] {taskinstance.py:1159} INFO - Dependencies all met for <TaskInstance: etl_postgresql.aggregate_province_daily manual__2024-02-01T13:48:23.614829+00:00 [queued]>
[2024-02-01 13:48:24,321] {taskinstance.py:1356} INFO - 
--------------------------------------------------------------------------------
[2024-02-01 13:48:24,321] {taskinstance.py:1357} INFO - Starting attempt 1 of 2
[2024-02-01 13:48:24,322] {taskinstance.py:1358} INFO - 
--------------------------------------------------------------------------------
[2024-02-01 13:48:24,334] {taskinstance.py:1377} INFO - Executing <Task(PythonOperator): aggregate_province_daily> on 2024-02-01 13:48:23.614829+00:00
[2024-02-01 13:48:24,341] {standard_task_runner.py:52} INFO - Started process 4023 to run task
[2024-02-01 13:48:24,344] {standard_task_runner.py:79} INFO - Running: ['***', 'tasks', 'run', 'etl_postgresql', 'aggregate_province_daily', 'manual__2024-02-01T13:48:23.614829+00:00', '--job-id', '272', '--raw', '--subdir', 'DAGS_FOLDER/etl_dag.py', '--cfg-path', '/tmp/tmp1ffy22yf', '--error-file', '/tmp/tmpo755x1h0']
[2024-02-01 13:48:24,346] {standard_task_runner.py:80} INFO - Job 272: Subtask aggregate_province_daily
[2024-02-01 13:48:24,451] {task_command.py:369} INFO - Running <TaskInstance: etl_postgresql.aggregate_province_daily manual__2024-02-01T13:48:23.614829+00:00 [running]> on host 0cb2a3b23a40
[2024-02-01 13:48:24,712] {taskinstance.py:1571} INFO - Exporting the following env vars:
AIRFLOW_CTX_DAG_OWNER=***
AIRFLOW_CTX_DAG_ID=etl_postgresql
AIRFLOW_CTX_TASK_ID=aggregate_province_daily
AIRFLOW_CTX_EXECUTION_DATE=2024-02-01T13:48:23.614829+00:00
AIRFLOW_CTX_TRY_NUMBER=1
AIRFLOW_CTX_DAG_RUN_ID=manual__2024-02-01T13:48:23.614829+00:00
[2024-02-01 13:48:27,982] {logging_mixin.py:115} INFO - Successfully install sqlalchemy
[2024-02-01 13:48:31,455] {logging_mixin.py:115} INFO - Successfully install pandas
[2024-02-01 13:48:34,660] {logging_mixin.py:115} INFO - Successfully install sqlalchemy
[2024-02-01 13:48:37,690] {logging_mixin.py:115} INFO - Successfully install pymysql
[2024-02-01 13:48:40,615] {logging_mixin.py:115} INFO - Successfully install sqlalchemy
[2024-02-01 13:48:40,710] {python.py:173} INFO - Done. Returned value was: aggregate_province_daily
[2024-02-01 13:48:40,728] {taskinstance.py:1400} INFO - Marking task as SUCCESS. dag_id=etl_postgresql, task_id=aggregate_province_daily, execution_date=20240201T134823, start_date=20240201T134824, end_date=20240201T134840
[2024-02-01 13:48:40,766] {local_task_job.py:156} INFO - Task exited with return code 0
[2024-02-01 13:48:40,783] {local_task_job.py:273} INFO - 0 downstream tasks scheduled from follow-on schedule check
