[2024-01-31 16:11:27,245] {taskinstance.py:1159} INFO - Dependencies all met for <TaskInstance: etl_postgresql.aggregate_dim_table manual__2024-01-31T16:10:59.116069+00:00 [queued]>
[2024-01-31 16:11:27,252] {taskinstance.py:1159} INFO - Dependencies all met for <TaskInstance: etl_postgresql.aggregate_dim_table manual__2024-01-31T16:10:59.116069+00:00 [queued]>
[2024-01-31 16:11:27,252] {taskinstance.py:1356} INFO - 
--------------------------------------------------------------------------------
[2024-01-31 16:11:27,252] {taskinstance.py:1357} INFO - Starting attempt 1 of 2
[2024-01-31 16:11:27,252] {taskinstance.py:1358} INFO - 
--------------------------------------------------------------------------------
[2024-01-31 16:11:27,261] {taskinstance.py:1377} INFO - Executing <Task(PythonOperator): aggregate_dim_table> on 2024-01-31 16:10:59.116069+00:00
[2024-01-31 16:11:27,264] {standard_task_runner.py:52} INFO - Started process 11519 to run task
[2024-01-31 16:11:27,266] {standard_task_runner.py:79} INFO - Running: ['***', 'tasks', 'run', 'etl_postgresql', 'aggregate_dim_table', 'manual__2024-01-31T16:10:59.116069+00:00', '--job-id', '212', '--raw', '--subdir', 'DAGS_FOLDER/etl_dag.py', '--cfg-path', '/tmp/tmp5q98v4la', '--error-file', '/tmp/tmp2ttnbd74']
[2024-01-31 16:11:27,267] {standard_task_runner.py:80} INFO - Job 212: Subtask aggregate_dim_table
[2024-01-31 16:11:27,302] {task_command.py:369} INFO - Running <TaskInstance: etl_postgresql.aggregate_dim_table manual__2024-01-31T16:10:59.116069+00:00 [running]> on host d99f9e65d396
[2024-01-31 16:11:27,349] {taskinstance.py:1571} INFO - Exporting the following env vars:
AIRFLOW_CTX_DAG_OWNER=***
AIRFLOW_CTX_DAG_ID=etl_postgresql
AIRFLOW_CTX_TASK_ID=aggregate_dim_table
AIRFLOW_CTX_EXECUTION_DATE=2024-01-31T16:10:59.116069+00:00
AIRFLOW_CTX_TRY_NUMBER=1
AIRFLOW_CTX_DAG_RUN_ID=manual__2024-01-31T16:10:59.116069+00:00
[2024-01-31 16:11:30,209] {logging_mixin.py:115} INFO - Successfully install sqlalchemy
[2024-01-31 16:11:33,196] {logging_mixin.py:115} INFO - Successfully install sqlalchemy
[2024-01-31 16:11:36,118] {logging_mixin.py:115} INFO - Successfully install pymysql
[2024-01-31 16:11:39,008] {logging_mixin.py:115} INFO - Successfully install sqlalchemy
[2024-01-31 16:11:39,080] {python.py:173} INFO - Done. Returned value was: insert dim table
[2024-01-31 16:11:39,098] {taskinstance.py:1400} INFO - Marking task as SUCCESS. dag_id=etl_postgresql, task_id=aggregate_dim_table, execution_date=20240131T161059, start_date=20240131T161127, end_date=20240131T161139
[2024-01-31 16:11:39,112] {local_task_job.py:156} INFO - Task exited with return code 0
[2024-01-31 16:11:39,134] {local_task_job.py:273} INFO - 0 downstream tasks scheduled from follow-on schedule check
