[2024-01-31 09:21:52,933] {taskinstance.py:1159} INFO - Dependencies all met for <TaskInstance: etl_postgresql.get_data_covid manual__2024-01-31T09:21:51.505258+00:00 [queued]>
[2024-01-31 09:21:52,937] {taskinstance.py:1159} INFO - Dependencies all met for <TaskInstance: etl_postgresql.get_data_covid manual__2024-01-31T09:21:51.505258+00:00 [queued]>
[2024-01-31 09:21:52,937] {taskinstance.py:1356} INFO - 
--------------------------------------------------------------------------------
[2024-01-31 09:21:52,937] {taskinstance.py:1357} INFO - Starting attempt 1 of 2
[2024-01-31 09:21:52,937] {taskinstance.py:1358} INFO - 
--------------------------------------------------------------------------------
[2024-01-31 09:21:52,944] {taskinstance.py:1377} INFO - Executing <Task(BashOperator): get_data_covid> on 2024-01-31 09:21:51.505258+00:00
[2024-01-31 09:21:52,946] {standard_task_runner.py:52} INFO - Started process 847 to run task
[2024-01-31 09:21:52,949] {standard_task_runner.py:79} INFO - Running: ['***', 'tasks', 'run', 'etl_postgresql', 'get_data_covid', 'manual__2024-01-31T09:21:51.505258+00:00', '--job-id', '83', '--raw', '--subdir', 'DAGS_FOLDER/etl_dag.py', '--cfg-path', '/tmp/tmpsjsd90yw', '--error-file', '/tmp/tmp8mgbxkdk']
[2024-01-31 09:21:52,949] {standard_task_runner.py:80} INFO - Job 83: Subtask get_data_covid
[2024-01-31 09:21:52,977] {task_command.py:369} INFO - Running <TaskInstance: etl_postgresql.get_data_covid manual__2024-01-31T09:21:51.505258+00:00 [running]> on host d99f9e65d396
[2024-01-31 09:21:53,017] {taskinstance.py:1571} INFO - Exporting the following env vars:
AIRFLOW_CTX_DAG_OWNER=***
AIRFLOW_CTX_DAG_ID=etl_postgresql
AIRFLOW_CTX_TASK_ID=get_data_covid
AIRFLOW_CTX_EXECUTION_DATE=2024-01-31T09:21:51.505258+00:00
AIRFLOW_CTX_TRY_NUMBER=1
AIRFLOW_CTX_DAG_RUN_ID=manual__2024-01-31T09:21:51.505258+00:00
[2024-01-31 09:21:53,018] {subprocess.py:62} INFO - Tmp dir root location: 
 /tmp
[2024-01-31 09:21:53,018] {subprocess.py:74} INFO - Running command: ['bash', '-c', 'pwd']
[2024-01-31 09:21:53,024] {subprocess.py:85} INFO - Output:
[2024-01-31 09:21:53,025] {subprocess.py:92} INFO - /tmp/***tmpkk1ibe_0
[2024-01-31 09:21:53,025] {subprocess.py:96} INFO - Command exited with return code 0
[2024-01-31 09:21:53,042] {taskinstance.py:1400} INFO - Marking task as SUCCESS. dag_id=etl_postgresql, task_id=get_data_covid, execution_date=20240131T092151, start_date=20240131T092152, end_date=20240131T092153
[2024-01-31 09:21:53,085] {local_task_job.py:156} INFO - Task exited with return code 0
[2024-01-31 09:21:53,105] {local_task_job.py:273} INFO - 1 downstream tasks scheduled from follow-on schedule check
