[2024-02-01 13:48:24,343] {taskinstance.py:1159} INFO - Dependencies all met for <TaskInstance: etl_postgresql.aggregate_province_monthly manual__2024-02-01T13:48:23.614829+00:00 [queued]>
[2024-02-01 13:48:24,368] {taskinstance.py:1159} INFO - Dependencies all met for <TaskInstance: etl_postgresql.aggregate_province_monthly manual__2024-02-01T13:48:23.614829+00:00 [queued]>
[2024-02-01 13:48:24,374] {taskinstance.py:1356} INFO - 
--------------------------------------------------------------------------------
[2024-02-01 13:48:24,375] {taskinstance.py:1357} INFO - Starting attempt 1 of 2
[2024-02-01 13:48:24,376] {taskinstance.py:1358} INFO - 
--------------------------------------------------------------------------------
[2024-02-01 13:48:24,391] {taskinstance.py:1377} INFO - Executing <Task(PythonOperator): aggregate_province_monthly> on 2024-02-01 13:48:23.614829+00:00
[2024-02-01 13:48:24,396] {standard_task_runner.py:52} INFO - Started process 4025 to run task
[2024-02-01 13:48:24,399] {standard_task_runner.py:79} INFO - Running: ['***', 'tasks', 'run', 'etl_postgresql', 'aggregate_province_monthly', 'manual__2024-02-01T13:48:23.614829+00:00', '--job-id', '273', '--raw', '--subdir', 'DAGS_FOLDER/etl_dag.py', '--cfg-path', '/tmp/tmp5wf10ob2', '--error-file', '/tmp/tmpnvt3dxta']
[2024-02-01 13:48:24,401] {standard_task_runner.py:80} INFO - Job 273: Subtask aggregate_province_monthly
[2024-02-01 13:48:24,545] {task_command.py:369} INFO - Running <TaskInstance: etl_postgresql.aggregate_province_monthly manual__2024-02-01T13:48:23.614829+00:00 [running]> on host 0cb2a3b23a40
[2024-02-01 13:48:24,741] {taskinstance.py:1571} INFO - Exporting the following env vars:
AIRFLOW_CTX_DAG_OWNER=***
AIRFLOW_CTX_DAG_ID=etl_postgresql
AIRFLOW_CTX_TASK_ID=aggregate_province_monthly
AIRFLOW_CTX_EXECUTION_DATE=2024-02-01T13:48:23.614829+00:00
AIRFLOW_CTX_TRY_NUMBER=1
AIRFLOW_CTX_DAG_RUN_ID=manual__2024-02-01T13:48:23.614829+00:00
[2024-02-01 13:48:27,984] {logging_mixin.py:115} INFO - Successfully install sqlalchemy
[2024-02-01 13:48:31,456] {logging_mixin.py:115} INFO - Successfully install pandas
[2024-02-01 13:48:34,674] {logging_mixin.py:115} INFO - Successfully install sqlalchemy
[2024-02-01 13:48:37,722] {logging_mixin.py:115} INFO - Successfully install pymysql
[2024-02-01 13:48:40,649] {logging_mixin.py:115} INFO - Successfully install sqlalchemy
[2024-02-01 13:48:40,728] {python.py:173} INFO - Done. Returned value was: aggregate_province_monthly
[2024-02-01 13:48:40,747] {taskinstance.py:1400} INFO - Marking task as SUCCESS. dag_id=etl_postgresql, task_id=aggregate_province_monthly, execution_date=20240201T134823, start_date=20240201T134824, end_date=20240201T134840
[2024-02-01 13:48:40,801] {local_task_job.py:156} INFO - Task exited with return code 0
[2024-02-01 13:48:40,820] {local_task_job.py:273} INFO - 1 downstream tasks scheduled from follow-on schedule check
