[2024-02-02 04:27:18,552] {taskinstance.py:1159} INFO - Dependencies all met for <TaskInstance: etl_postgresql.create_ddl_postgres manual__2024-02-02T04:27:05.973041+00:00 [queued]>
[2024-02-02 04:27:18,557] {taskinstance.py:1159} INFO - Dependencies all met for <TaskInstance: etl_postgresql.create_ddl_postgres manual__2024-02-02T04:27:05.973041+00:00 [queued]>
[2024-02-02 04:27:18,557] {taskinstance.py:1356} INFO - 
--------------------------------------------------------------------------------
[2024-02-02 04:27:18,558] {taskinstance.py:1357} INFO - Starting attempt 1 of 2
[2024-02-02 04:27:18,558] {taskinstance.py:1358} INFO - 
--------------------------------------------------------------------------------
[2024-02-02 04:27:18,565] {taskinstance.py:1377} INFO - Executing <Task(PythonOperator): create_ddl_postgres> on 2024-02-02 04:27:05.973041+00:00
[2024-02-02 04:27:18,568] {standard_task_runner.py:52} INFO - Started process 1928 to run task
[2024-02-02 04:27:18,570] {standard_task_runner.py:79} INFO - Running: ['***', 'tasks', 'run', 'etl_postgresql', 'create_ddl_postgres', 'manual__2024-02-02T04:27:05.973041+00:00', '--job-id', '348', '--raw', '--subdir', 'DAGS_FOLDER/etl_dag.py', '--cfg-path', '/tmp/tmpy21kb2ut', '--error-file', '/tmp/tmp8r4qg63i']
[2024-02-02 04:27:18,571] {standard_task_runner.py:80} INFO - Job 348: Subtask create_ddl_postgres
[2024-02-02 04:27:18,600] {task_command.py:369} INFO - Running <TaskInstance: etl_postgresql.create_ddl_postgres manual__2024-02-02T04:27:05.973041+00:00 [running]> on host c3bb523480bf
[2024-02-02 04:27:18,638] {taskinstance.py:1571} INFO - Exporting the following env vars:
AIRFLOW_CTX_DAG_OWNER=***
AIRFLOW_CTX_DAG_ID=etl_postgresql
AIRFLOW_CTX_TASK_ID=create_ddl_postgres
AIRFLOW_CTX_EXECUTION_DATE=2024-02-02T04:27:05.973041+00:00
AIRFLOW_CTX_TRY_NUMBER=1
AIRFLOW_CTX_DAG_RUN_ID=manual__2024-02-02T04:27:05.973041+00:00
[2024-02-02 04:27:20,972] {logging_mixin.py:115} INFO - Successfully install sqlalchemy
[2024-02-02 04:27:23,426] {logging_mixin.py:115} INFO - Successfully install sqlalchemy
[2024-02-02 04:27:23,480] {logging_mixin.py:115} INFO - success migrate table
[2024-02-02 04:27:23,480] {python.py:173} INFO - Done. Returned value was: None
[2024-02-02 04:27:23,488] {taskinstance.py:1400} INFO - Marking task as SUCCESS. dag_id=etl_postgresql, task_id=create_ddl_postgres, execution_date=20240202T042705, start_date=20240202T042718, end_date=20240202T042723
[2024-02-02 04:27:23,521] {local_task_job.py:156} INFO - Task exited with return code 0
[2024-02-02 04:27:23,623] {local_task_job.py:273} INFO - 1 downstream tasks scheduled from follow-on schedule check
