[2024-02-01 11:49:58,169] {taskinstance.py:1159} INFO - Dependencies all met for <TaskInstance: etl_postgresql.import_file_to_mysql manual__2024-02-01T11:49:57.584483+00:00 [queued]>
[2024-02-01 11:49:58,176] {taskinstance.py:1159} INFO - Dependencies all met for <TaskInstance: etl_postgresql.import_file_to_mysql manual__2024-02-01T11:49:57.584483+00:00 [queued]>
[2024-02-01 11:49:58,176] {taskinstance.py:1356} INFO - 
--------------------------------------------------------------------------------
[2024-02-01 11:49:58,177] {taskinstance.py:1357} INFO - Starting attempt 1 of 2
[2024-02-01 11:49:58,177] {taskinstance.py:1358} INFO - 
--------------------------------------------------------------------------------
[2024-02-01 11:49:58,186] {taskinstance.py:1377} INFO - Executing <Task(PythonOperator): import_file_to_mysql> on 2024-02-01 11:49:57.584483+00:00
[2024-02-01 11:49:58,190] {standard_task_runner.py:52} INFO - Started process 845 to run task
[2024-02-01 11:49:58,193] {standard_task_runner.py:79} INFO - Running: ['***', 'tasks', 'run', 'etl_postgresql', 'import_file_to_mysql', 'manual__2024-02-01T11:49:57.584483+00:00', '--job-id', '236', '--raw', '--subdir', 'DAGS_FOLDER/etl_dag.py', '--cfg-path', '/tmp/tmped9pmvfl', '--error-file', '/tmp/tmpzf47r7kr']
[2024-02-01 11:49:58,194] {standard_task_runner.py:80} INFO - Job 236: Subtask import_file_to_mysql
[2024-02-01 11:49:58,236] {task_command.py:369} INFO - Running <TaskInstance: etl_postgresql.import_file_to_mysql manual__2024-02-01T11:49:57.584483+00:00 [running]> on host 0cb2a3b23a40
[2024-02-01 11:49:58,291] {taskinstance.py:1571} INFO - Exporting the following env vars:
AIRFLOW_CTX_DAG_OWNER=***
AIRFLOW_CTX_DAG_ID=etl_postgresql
AIRFLOW_CTX_TASK_ID=import_file_to_mysql
AIRFLOW_CTX_EXECUTION_DATE=2024-02-01T11:49:57.584483+00:00
AIRFLOW_CTX_TRY_NUMBER=1
AIRFLOW_CTX_DAG_RUN_ID=manual__2024-02-01T11:49:57.584483+00:00
[2024-02-01 11:50:01,299] {logging_mixin.py:115} INFO - Successfully install pandas
[2024-02-01 11:50:04,413] {logging_mixin.py:115} INFO - Successfully install sqlalchemy
[2024-02-01 11:50:07,340] {logging_mixin.py:115} INFO - Successfully install pymysql
[2024-02-01 11:50:17,394] {logging_mixin.py:115} INFO - An error occurred: (pymysql.err.OperationalError) (2003, "Can't connect to MySQL server on '172.23.0.1' (timed out)")
(Background on this error at: http://sqlalche.me/e/14/e3q8)
[2024-02-01 11:50:17,398] {python.py:173} INFO - Done. Returned value was: end
[2024-02-01 11:50:17,448] {taskinstance.py:1400} INFO - Marking task as SUCCESS. dag_id=etl_postgresql, task_id=import_file_to_mysql, execution_date=20240201T114957, start_date=20240201T114958, end_date=20240201T115017
[2024-02-01 11:50:17,481] {local_task_job.py:156} INFO - Task exited with return code 0
[2024-02-01 11:50:17,497] {local_task_job.py:273} INFO - 0 downstream tasks scheduled from follow-on schedule check
