[2024-02-02 04:17:05,807] {taskinstance.py:1159} INFO - Dependencies all met for <TaskInstance: etl_postgresql.aggregate_district_monthly manual__2024-02-02T04:16:36.778282+00:00 [queued]>
[2024-02-02 04:17:05,813] {taskinstance.py:1159} INFO - Dependencies all met for <TaskInstance: etl_postgresql.aggregate_district_monthly manual__2024-02-02T04:16:36.778282+00:00 [queued]>
[2024-02-02 04:17:05,813] {taskinstance.py:1356} INFO - 
--------------------------------------------------------------------------------
[2024-02-02 04:17:05,813] {taskinstance.py:1357} INFO - Starting attempt 1 of 2
[2024-02-02 04:17:05,813] {taskinstance.py:1358} INFO - 
--------------------------------------------------------------------------------
[2024-02-02 04:17:05,821] {taskinstance.py:1377} INFO - Executing <Task(PythonOperator): aggregate_district_monthly> on 2024-02-02 04:16:36.778282+00:00
[2024-02-02 04:17:05,824] {standard_task_runner.py:52} INFO - Started process 1206 to run task
[2024-02-02 04:17:05,826] {standard_task_runner.py:79} INFO - Running: ['***', 'tasks', 'run', 'etl_postgresql', 'aggregate_district_monthly', 'manual__2024-02-02T04:16:36.778282+00:00', '--job-id', '326', '--raw', '--subdir', 'DAGS_FOLDER/etl_dag.py', '--cfg-path', '/tmp/tmpvq3qx9hb', '--error-file', '/tmp/tmp8u0jj7x5']
[2024-02-02 04:17:05,827] {standard_task_runner.py:80} INFO - Job 326: Subtask aggregate_district_monthly
[2024-02-02 04:17:05,877] {task_command.py:369} INFO - Running <TaskInstance: etl_postgresql.aggregate_district_monthly manual__2024-02-02T04:16:36.778282+00:00 [running]> on host c3bb523480bf
[2024-02-02 04:17:05,928] {taskinstance.py:1571} INFO - Exporting the following env vars:
AIRFLOW_CTX_DAG_OWNER=***
AIRFLOW_CTX_DAG_ID=etl_postgresql
AIRFLOW_CTX_TASK_ID=aggregate_district_monthly
AIRFLOW_CTX_EXECUTION_DATE=2024-02-02T04:16:36.778282+00:00
AIRFLOW_CTX_TRY_NUMBER=1
AIRFLOW_CTX_DAG_RUN_ID=manual__2024-02-02T04:16:36.778282+00:00
[2024-02-02 04:17:08,372] {logging_mixin.py:115} INFO - Successfully install pandas
[2024-02-02 04:17:11,155] {logging_mixin.py:115} INFO - Successfully install sqlalchemy
[2024-02-02 04:17:13,605] {logging_mixin.py:115} INFO - Successfully install pymysql
[2024-02-02 04:17:16,071] {logging_mixin.py:115} INFO - Successfully install sqlalchemy
[2024-02-02 04:17:16,187] {python.py:173} INFO - Done. Returned value was: aggregate_district_monthly
[2024-02-02 04:17:16,218] {taskinstance.py:1400} INFO - Marking task as SUCCESS. dag_id=etl_postgresql, task_id=aggregate_district_monthly, execution_date=20240202T041636, start_date=20240202T041705, end_date=20240202T041716
[2024-02-02 04:17:16,234] {local_task_job.py:156} INFO - Task exited with return code 0
[2024-02-02 04:17:16,249] {local_task_job.py:273} INFO - 0 downstream tasks scheduled from follow-on schedule check
