[2024-02-01 13:51:21,521] {taskinstance.py:1159} INFO - Dependencies all met for <TaskInstance: etl_postgresql.aggregate_province_yearly manual__2024-02-01T13:51:20.850858+00:00 [queued]>
[2024-02-01 13:51:21,535] {taskinstance.py:1159} INFO - Dependencies all met for <TaskInstance: etl_postgresql.aggregate_province_yearly manual__2024-02-01T13:51:20.850858+00:00 [queued]>
[2024-02-01 13:51:21,536] {taskinstance.py:1356} INFO - 
--------------------------------------------------------------------------------
[2024-02-01 13:51:21,537] {taskinstance.py:1357} INFO - Starting attempt 1 of 2
[2024-02-01 13:51:21,540] {taskinstance.py:1358} INFO - 
--------------------------------------------------------------------------------
[2024-02-01 13:51:21,556] {taskinstance.py:1377} INFO - Executing <Task(PythonOperator): aggregate_province_yearly> on 2024-02-01 13:51:20.850858+00:00
[2024-02-01 13:51:21,562] {standard_task_runner.py:52} INFO - Started process 4383 to run task
[2024-02-01 13:51:21,569] {standard_task_runner.py:79} INFO - Running: ['***', 'tasks', 'run', 'etl_postgresql', 'aggregate_province_yearly', 'manual__2024-02-01T13:51:20.850858+00:00', '--job-id', '280', '--raw', '--subdir', 'DAGS_FOLDER/etl_dag.py', '--cfg-path', '/tmp/tmpqfhix3ba', '--error-file', '/tmp/tmpyjdgtseo']
[2024-02-01 13:51:21,572] {standard_task_runner.py:80} INFO - Job 280: Subtask aggregate_province_yearly
[2024-02-01 13:51:21,627] {task_command.py:369} INFO - Running <TaskInstance: etl_postgresql.aggregate_province_yearly manual__2024-02-01T13:51:20.850858+00:00 [running]> on host 0cb2a3b23a40
[2024-02-01 13:51:21,726] {taskinstance.py:1571} INFO - Exporting the following env vars:
AIRFLOW_CTX_DAG_OWNER=***
AIRFLOW_CTX_DAG_ID=etl_postgresql
AIRFLOW_CTX_TASK_ID=aggregate_province_yearly
AIRFLOW_CTX_EXECUTION_DATE=2024-02-01T13:51:20.850858+00:00
AIRFLOW_CTX_TRY_NUMBER=1
AIRFLOW_CTX_DAG_RUN_ID=manual__2024-02-01T13:51:20.850858+00:00
[2024-02-01 13:51:25,262] {logging_mixin.py:115} INFO - Successfully install sqlalchemy
[2024-02-01 13:51:28,300] {logging_mixin.py:115} INFO - Successfully install pandas
[2024-02-01 13:51:31,504] {logging_mixin.py:115} INFO - Successfully install sqlalchemy
[2024-02-01 13:51:34,481] {logging_mixin.py:115} INFO - Successfully install pymysql
[2024-02-01 13:51:37,455] {logging_mixin.py:115} INFO - Successfully install sqlalchemy
[2024-02-01 13:51:37,536] {python.py:173} INFO - Done. Returned value was: aggregate_province_yearly
[2024-02-01 13:51:37,555] {taskinstance.py:1400} INFO - Marking task as SUCCESS. dag_id=etl_postgresql, task_id=aggregate_province_yearly, execution_date=20240201T135120, start_date=20240201T135121, end_date=20240201T135137
[2024-02-01 13:51:37,589] {local_task_job.py:156} INFO - Task exited with return code 0
[2024-02-01 13:51:37,610] {local_task_job.py:273} INFO - 1 downstream tasks scheduled from follow-on schedule check
