[2024-02-02 03:58:51,807] {taskinstance.py:1159} INFO - Dependencies all met for <TaskInstance: etl_postgresql.get_data_covid scheduled__2024-02-01T00:05:00+00:00 [queued]>
[2024-02-02 03:58:51,813] {taskinstance.py:1159} INFO - Dependencies all met for <TaskInstance: etl_postgresql.get_data_covid scheduled__2024-02-01T00:05:00+00:00 [queued]>
[2024-02-02 03:58:51,813] {taskinstance.py:1356} INFO - 
--------------------------------------------------------------------------------
[2024-02-02 03:58:51,813] {taskinstance.py:1357} INFO - Starting attempt 1 of 2
[2024-02-02 03:58:51,813] {taskinstance.py:1358} INFO - 
--------------------------------------------------------------------------------
[2024-02-02 03:58:51,821] {taskinstance.py:1377} INFO - Executing <Task(PythonOperator): get_data_covid> on 2024-02-01 00:05:00+00:00
[2024-02-02 03:58:51,824] {standard_task_runner.py:52} INFO - Started process 206 to run task
[2024-02-02 03:58:51,826] {standard_task_runner.py:79} INFO - Running: ['***', 'tasks', 'run', 'etl_postgresql', 'get_data_covid', 'scheduled__2024-02-01T00:05:00+00:00', '--job-id', '291', '--raw', '--subdir', 'DAGS_FOLDER/etl_dag.py', '--cfg-path', '/tmp/tmp3_usa9l4', '--error-file', '/tmp/tmpn3ozoc08']
[2024-02-02 03:58:51,827] {standard_task_runner.py:80} INFO - Job 291: Subtask get_data_covid
[2024-02-02 03:58:51,867] {task_command.py:369} INFO - Running <TaskInstance: etl_postgresql.get_data_covid scheduled__2024-02-01T00:05:00+00:00 [running]> on host c3bb523480bf
[2024-02-02 03:58:51,916] {taskinstance.py:1571} INFO - Exporting the following env vars:
AIRFLOW_CTX_DAG_OWNER=***
AIRFLOW_CTX_DAG_ID=etl_postgresql
AIRFLOW_CTX_TASK_ID=get_data_covid
AIRFLOW_CTX_EXECUTION_DATE=2024-02-01T00:05:00+00:00
AIRFLOW_CTX_TRY_NUMBER=1
AIRFLOW_CTX_DAG_RUN_ID=scheduled__2024-02-01T00:05:00+00:00
[2024-02-02 03:58:55,736] {logging_mixin.py:115} INFO - Successfully install requests
[2024-02-02 03:58:55,866] {python.py:173} INFO - Done. Returned value was: get_data_covid
[2024-02-02 03:58:55,881] {taskinstance.py:1400} INFO - Marking task as SUCCESS. dag_id=etl_postgresql, task_id=get_data_covid, execution_date=20240201T000500, start_date=20240202T035851, end_date=20240202T035855
[2024-02-02 03:58:55,907] {local_task_job.py:156} INFO - Task exited with return code 0
[2024-02-02 03:58:55,935] {local_task_job.py:273} INFO - 1 downstream tasks scheduled from follow-on schedule check
