[2024-02-02 11:17:09,507] {taskinstance.py:1159} INFO - Dependencies all met for <TaskInstance: etl_postgresql.aggregate_district_yearly manual__2024-02-02T11:16:34.086943+00:00 [queued]>
[2024-02-02 11:17:09,514] {taskinstance.py:1159} INFO - Dependencies all met for <TaskInstance: etl_postgresql.aggregate_district_yearly manual__2024-02-02T11:16:34.086943+00:00 [queued]>
[2024-02-02 11:17:09,514] {taskinstance.py:1356} INFO - 
--------------------------------------------------------------------------------
[2024-02-02 11:17:09,515] {taskinstance.py:1357} INFO - Starting attempt 1 of 2
[2024-02-02 11:17:09,515] {taskinstance.py:1358} INFO - 
--------------------------------------------------------------------------------
[2024-02-02 11:17:09,524] {taskinstance.py:1377} INFO - Executing <Task(PythonOperator): aggregate_district_yearly> on 2024-02-02 11:16:34.086943+00:00
[2024-02-02 11:17:09,527] {standard_task_runner.py:52} INFO - Started process 11538 to run task
[2024-02-02 11:17:09,530] {standard_task_runner.py:79} INFO - Running: ['***', 'tasks', 'run', 'etl_postgresql', 'aggregate_district_yearly', 'manual__2024-02-02T11:16:34.086943+00:00', '--job-id', '362', '--raw', '--subdir', 'DAGS_FOLDER/etl_dag.py', '--cfg-path', '/tmp/tmp1jsmejnh', '--error-file', '/tmp/tmp4a1vd5x6']
[2024-02-02 11:17:09,531] {standard_task_runner.py:80} INFO - Job 362: Subtask aggregate_district_yearly
[2024-02-02 11:17:09,572] {task_command.py:369} INFO - Running <TaskInstance: etl_postgresql.aggregate_district_yearly manual__2024-02-02T11:16:34.086943+00:00 [running]> on host c3bb523480bf
[2024-02-02 11:17:09,665] {taskinstance.py:1571} INFO - Exporting the following env vars:
AIRFLOW_CTX_DAG_OWNER=***
AIRFLOW_CTX_DAG_ID=etl_postgresql
AIRFLOW_CTX_TASK_ID=aggregate_district_yearly
AIRFLOW_CTX_EXECUTION_DATE=2024-02-02T11:16:34.086943+00:00
AIRFLOW_CTX_TRY_NUMBER=1
AIRFLOW_CTX_DAG_RUN_ID=manual__2024-02-02T11:16:34.086943+00:00
[2024-02-02 11:17:13,028] {logging_mixin.py:115} INFO - Successfully install pandas
[2024-02-02 11:17:16,785] {logging_mixin.py:115} INFO - Successfully install sqlalchemy
[2024-02-02 11:17:20,360] {logging_mixin.py:115} INFO - Successfully install pymysql
[2024-02-02 11:17:24,412] {logging_mixin.py:115} INFO - Successfully install sqlalchemy
[2024-02-02 11:17:24,715] {python.py:173} INFO - Done. Returned value was: aggregate_district_yearly
[2024-02-02 11:17:24,778] {taskinstance.py:1400} INFO - Marking task as SUCCESS. dag_id=etl_postgresql, task_id=aggregate_district_yearly, execution_date=20240202T111634, start_date=20240202T111709, end_date=20240202T111724
[2024-02-02 11:17:24,826] {local_task_job.py:156} INFO - Task exited with return code 0
[2024-02-02 11:17:24,847] {local_task_job.py:273} INFO - 0 downstream tasks scheduled from follow-on schedule check
