[2024-01-31 15:26:13,582] {taskinstance.py:1159} INFO - Dependencies all met for <TaskInstance: etl_postgresql.aggregate_dim_table manual__2024-01-31T15:25:48.912535+00:00 [queued]>
[2024-01-31 15:26:13,589] {taskinstance.py:1159} INFO - Dependencies all met for <TaskInstance: etl_postgresql.aggregate_dim_table manual__2024-01-31T15:25:48.912535+00:00 [queued]>
[2024-01-31 15:26:13,589] {taskinstance.py:1356} INFO - 
--------------------------------------------------------------------------------
[2024-01-31 15:26:13,589] {taskinstance.py:1357} INFO - Starting attempt 1 of 2
[2024-01-31 15:26:13,589] {taskinstance.py:1358} INFO - 
--------------------------------------------------------------------------------
[2024-01-31 15:26:13,598] {taskinstance.py:1377} INFO - Executing <Task(PythonOperator): aggregate_dim_table> on 2024-01-31 15:25:48.912535+00:00
[2024-01-31 15:26:13,602] {standard_task_runner.py:52} INFO - Started process 9890 to run task
[2024-01-31 15:26:13,604] {standard_task_runner.py:79} INFO - Running: ['***', 'tasks', 'run', 'etl_postgresql', 'aggregate_dim_table', 'manual__2024-01-31T15:25:48.912535+00:00', '--job-id', '188', '--raw', '--subdir', 'DAGS_FOLDER/etl_dag.py', '--cfg-path', '/tmp/tmpup1tq4kc', '--error-file', '/tmp/tmpcq5f5p5g']
[2024-01-31 15:26:13,605] {standard_task_runner.py:80} INFO - Job 188: Subtask aggregate_dim_table
[2024-01-31 15:26:13,642] {task_command.py:369} INFO - Running <TaskInstance: etl_postgresql.aggregate_dim_table manual__2024-01-31T15:25:48.912535+00:00 [running]> on host d99f9e65d396
[2024-01-31 15:26:13,692] {taskinstance.py:1571} INFO - Exporting the following env vars:
AIRFLOW_CTX_DAG_OWNER=***
AIRFLOW_CTX_DAG_ID=etl_postgresql
AIRFLOW_CTX_TASK_ID=aggregate_dim_table
AIRFLOW_CTX_EXECUTION_DATE=2024-01-31T15:25:48.912535+00:00
AIRFLOW_CTX_TRY_NUMBER=1
AIRFLOW_CTX_DAG_RUN_ID=manual__2024-01-31T15:25:48.912535+00:00
[2024-01-31 15:26:16,508] {logging_mixin.py:115} INFO - Successfully install sqlalchemy
[2024-01-31 15:26:19,351] {logging_mixin.py:115} INFO - Successfully install sqlalchemy
[2024-01-31 15:26:22,124] {logging_mixin.py:115} INFO - Successfully install pymysql
[2024-01-31 15:26:24,991] {logging_mixin.py:115} INFO - Successfully install sqlalchemy
[2024-01-31 15:26:25,028] {logging_mixin.py:115} INFO - <sqlalchemy.engine.result.ChunkedIteratorResult object at 0xffff90057710>
[2024-01-31 15:26:25,032] {logging_mixin.py:115} INFO - An error occurred: (sqlalchemy.exc.InvalidRequestError) A value is required for bind parameter 'nama_prov'
[SQL: 
                                INSERT INTO dim_province (province_id, province_name)
                                VALUES (%(kode_prov)s, %(nama_prov)s)
                                ]
[parameters: [{'DISTINCT staging_covid_dataset.nama_prov': 'Jawa Barat', 'kode_prov': '32'}]]
(Background on this error at: http://sqlalche.me/e/14/cd3x)
[2024-01-31 15:26:25,033] {python.py:173} INFO - Done. Returned value was: end
[2024-01-31 15:26:25,051] {taskinstance.py:1400} INFO - Marking task as SUCCESS. dag_id=etl_postgresql, task_id=aggregate_dim_table, execution_date=20240131T152548, start_date=20240131T152613, end_date=20240131T152625
[2024-01-31 15:26:25,078] {local_task_job.py:156} INFO - Task exited with return code 0
[2024-01-31 15:26:25,097] {local_task_job.py:273} INFO - 1 downstream tasks scheduled from follow-on schedule check
