[2024-01-31 14:29:37,089] {taskinstance.py:1159} INFO - Dependencies all met for <TaskInstance: etl_postgresql.import_file_to_mysql manual__2024-01-31T14:29:31.747504+00:00 [queued]>
[2024-01-31 14:29:37,096] {taskinstance.py:1159} INFO - Dependencies all met for <TaskInstance: etl_postgresql.import_file_to_mysql manual__2024-01-31T14:29:31.747504+00:00 [queued]>
[2024-01-31 14:29:37,096] {taskinstance.py:1356} INFO - 
--------------------------------------------------------------------------------
[2024-01-31 14:29:37,096] {taskinstance.py:1357} INFO - Starting attempt 1 of 2
[2024-01-31 14:29:37,097] {taskinstance.py:1358} INFO - 
--------------------------------------------------------------------------------
[2024-01-31 14:29:37,105] {taskinstance.py:1377} INFO - Executing <Task(PythonOperator): import_file_to_mysql> on 2024-01-31 14:29:31.747504+00:00
[2024-01-31 14:29:37,108] {standard_task_runner.py:52} INFO - Started process 7489 to run task
[2024-01-31 14:29:37,111] {standard_task_runner.py:79} INFO - Running: ['***', 'tasks', 'run', 'etl_postgresql', 'import_file_to_mysql', 'manual__2024-01-31T14:29:31.747504+00:00', '--job-id', '150', '--raw', '--subdir', 'DAGS_FOLDER/etl_dag.py', '--cfg-path', '/tmp/tmpfmsh0x6p', '--error-file', '/tmp/tmpehpj6zg7']
[2024-01-31 14:29:37,112] {standard_task_runner.py:80} INFO - Job 150: Subtask import_file_to_mysql
[2024-01-31 14:29:37,147] {task_command.py:369} INFO - Running <TaskInstance: etl_postgresql.import_file_to_mysql manual__2024-01-31T14:29:31.747504+00:00 [running]> on host d99f9e65d396
[2024-01-31 14:29:37,192] {taskinstance.py:1571} INFO - Exporting the following env vars:
AIRFLOW_CTX_DAG_OWNER=***
AIRFLOW_CTX_DAG_ID=etl_postgresql
AIRFLOW_CTX_TASK_ID=import_file_to_mysql
AIRFLOW_CTX_EXECUTION_DATE=2024-01-31T14:29:31.747504+00:00
AIRFLOW_CTX_TRY_NUMBER=1
AIRFLOW_CTX_DAG_RUN_ID=manual__2024-01-31T14:29:31.747504+00:00
[2024-01-31 14:29:37,922] {logging_mixin.py:115} INFO - Error install json
[2024-01-31 14:29:40,781] {logging_mixin.py:115} INFO - Successfully install pandas
[2024-01-31 14:29:43,718] {logging_mixin.py:115} INFO - Successfully install pymysql
[2024-01-31 14:29:44,079] {python.py:173} INFO - Done. Returned value was: import to mysql
[2024-01-31 14:29:44,099] {taskinstance.py:1400} INFO - Marking task as SUCCESS. dag_id=etl_postgresql, task_id=import_file_to_mysql, execution_date=20240131T142931, start_date=20240131T142937, end_date=20240131T142944
[2024-01-31 14:29:44,129] {local_task_job.py:156} INFO - Task exited with return code 0
[2024-01-31 14:29:44,154] {local_task_job.py:273} INFO - 1 downstream tasks scheduled from follow-on schedule check
