[2024-02-02 04:24:30,218] {taskinstance.py:1159} INFO - Dependencies all met for <TaskInstance: etl_postgresql.aggregate_dim_table manual__2024-02-02T04:24:11.255303+00:00 [queued]>
[2024-02-02 04:24:30,224] {taskinstance.py:1159} INFO - Dependencies all met for <TaskInstance: etl_postgresql.aggregate_dim_table manual__2024-02-02T04:24:11.255303+00:00 [queued]>
[2024-02-02 04:24:30,224] {taskinstance.py:1356} INFO - 
--------------------------------------------------------------------------------
[2024-02-02 04:24:30,224] {taskinstance.py:1357} INFO - Starting attempt 1 of 2
[2024-02-02 04:24:30,224] {taskinstance.py:1358} INFO - 
--------------------------------------------------------------------------------
[2024-02-02 04:24:30,231] {taskinstance.py:1377} INFO - Executing <Task(PythonOperator): aggregate_dim_table> on 2024-02-02 04:24:11.255303+00:00
[2024-02-02 04:24:30,234] {standard_task_runner.py:52} INFO - Started process 1711 to run task
[2024-02-02 04:24:30,236] {standard_task_runner.py:79} INFO - Running: ['***', 'tasks', 'run', 'etl_postgresql', 'aggregate_dim_table', 'manual__2024-02-02T04:24:11.255303+00:00', '--job-id', '340', '--raw', '--subdir', 'DAGS_FOLDER/etl_dag.py', '--cfg-path', '/tmp/tmp83ws62wz', '--error-file', '/tmp/tmp48wxysun']
[2024-02-02 04:24:30,237] {standard_task_runner.py:80} INFO - Job 340: Subtask aggregate_dim_table
[2024-02-02 04:24:30,268] {task_command.py:369} INFO - Running <TaskInstance: etl_postgresql.aggregate_dim_table manual__2024-02-02T04:24:11.255303+00:00 [running]> on host c3bb523480bf
[2024-02-02 04:24:30,313] {taskinstance.py:1571} INFO - Exporting the following env vars:
AIRFLOW_CTX_DAG_OWNER=***
AIRFLOW_CTX_DAG_ID=etl_postgresql
AIRFLOW_CTX_TASK_ID=aggregate_dim_table
AIRFLOW_CTX_EXECUTION_DATE=2024-02-02T04:24:11.255303+00:00
AIRFLOW_CTX_TRY_NUMBER=1
AIRFLOW_CTX_DAG_RUN_ID=manual__2024-02-02T04:24:11.255303+00:00
[2024-02-02 04:24:32,857] {logging_mixin.py:115} INFO - Successfully install sqlalchemy
[2024-02-02 04:24:35,138] {logging_mixin.py:115} INFO - Successfully install sqlalchemy
[2024-02-02 04:24:37,367] {logging_mixin.py:115} INFO - Successfully install pymysql
[2024-02-02 04:24:39,577] {logging_mixin.py:115} INFO - Successfully install sqlalchemy
[2024-02-02 04:24:39,634] {python.py:173} INFO - Done. Returned value was: insert dim table
[2024-02-02 04:24:39,648] {taskinstance.py:1400} INFO - Marking task as SUCCESS. dag_id=etl_postgresql, task_id=aggregate_dim_table, execution_date=20240202T042411, start_date=20240202T042430, end_date=20240202T042439
[2024-02-02 04:24:39,677] {local_task_job.py:156} INFO - Task exited with return code 0
[2024-02-02 04:24:39,698] {local_task_job.py:273} INFO - 5 downstream tasks scheduled from follow-on schedule check
