[2024-01-31 15:39:37,175] {taskinstance.py:1159} INFO - Dependencies all met for <TaskInstance: etl_postgresql.aggregate_dim_table manual__2024-01-31T15:39:12.314440+00:00 [queued]>
[2024-01-31 15:39:37,181] {taskinstance.py:1159} INFO - Dependencies all met for <TaskInstance: etl_postgresql.aggregate_dim_table manual__2024-01-31T15:39:12.314440+00:00 [queued]>
[2024-01-31 15:39:37,181] {taskinstance.py:1356} INFO - 
--------------------------------------------------------------------------------
[2024-01-31 15:39:37,181] {taskinstance.py:1357} INFO - Starting attempt 1 of 2
[2024-01-31 15:39:37,181] {taskinstance.py:1358} INFO - 
--------------------------------------------------------------------------------
[2024-01-31 15:39:37,189] {taskinstance.py:1377} INFO - Executing <Task(PythonOperator): aggregate_dim_table> on 2024-01-31 15:39:12.314440+00:00
[2024-01-31 15:39:37,193] {standard_task_runner.py:52} INFO - Started process 10591 to run task
[2024-01-31 15:39:37,195] {standard_task_runner.py:79} INFO - Running: ['***', 'tasks', 'run', 'etl_postgresql', 'aggregate_dim_table', 'manual__2024-01-31T15:39:12.314440+00:00', '--job-id', '204', '--raw', '--subdir', 'DAGS_FOLDER/etl_dag.py', '--cfg-path', '/tmp/tmp9odjesjd', '--error-file', '/tmp/tmpe9x7ohac']
[2024-01-31 15:39:37,196] {standard_task_runner.py:80} INFO - Job 204: Subtask aggregate_dim_table
[2024-01-31 15:39:37,231] {task_command.py:369} INFO - Running <TaskInstance: etl_postgresql.aggregate_dim_table manual__2024-01-31T15:39:12.314440+00:00 [running]> on host d99f9e65d396
[2024-01-31 15:39:37,280] {taskinstance.py:1571} INFO - Exporting the following env vars:
AIRFLOW_CTX_DAG_OWNER=***
AIRFLOW_CTX_DAG_ID=etl_postgresql
AIRFLOW_CTX_TASK_ID=aggregate_dim_table
AIRFLOW_CTX_EXECUTION_DATE=2024-01-31T15:39:12.314440+00:00
AIRFLOW_CTX_TRY_NUMBER=1
AIRFLOW_CTX_DAG_RUN_ID=manual__2024-01-31T15:39:12.314440+00:00
[2024-01-31 15:39:40,083] {logging_mixin.py:115} INFO - Successfully install sqlalchemy
[2024-01-31 15:39:42,884] {logging_mixin.py:115} INFO - Successfully install sqlalchemy
[2024-01-31 15:39:45,640] {logging_mixin.py:115} INFO - Successfully install pymysql
[2024-01-31 15:39:48,610] {logging_mixin.py:115} INFO - Successfully install sqlalchemy
[2024-01-31 15:39:48,679] {python.py:173} INFO - Done. Returned value was: insert dim table
[2024-01-31 15:39:48,697] {taskinstance.py:1400} INFO - Marking task as SUCCESS. dag_id=etl_postgresql, task_id=aggregate_dim_table, execution_date=20240131T153912, start_date=20240131T153937, end_date=20240131T153948
[2024-01-31 15:39:48,724] {local_task_job.py:156} INFO - Task exited with return code 0
[2024-01-31 15:39:48,747] {local_task_job.py:273} INFO - 1 downstream tasks scheduled from follow-on schedule check
