[2024-02-01 11:52:02,016] {taskinstance.py:1159} INFO - Dependencies all met for <TaskInstance: etl_postgresql.aggregate_province_daily manual__2024-02-01T11:52:00.700808+00:00 [queued]>
[2024-02-01 11:52:02,024] {taskinstance.py:1159} INFO - Dependencies all met for <TaskInstance: etl_postgresql.aggregate_province_daily manual__2024-02-01T11:52:00.700808+00:00 [queued]>
[2024-02-01 11:52:02,024] {taskinstance.py:1356} INFO - 
--------------------------------------------------------------------------------
[2024-02-01 11:52:02,024] {taskinstance.py:1357} INFO - Starting attempt 1 of 2
[2024-02-01 11:52:02,024] {taskinstance.py:1358} INFO - 
--------------------------------------------------------------------------------
[2024-02-01 11:52:02,035] {taskinstance.py:1377} INFO - Executing <Task(PythonOperator): aggregate_province_daily> on 2024-02-01 11:52:00.700808+00:00
[2024-02-01 11:52:02,039] {standard_task_runner.py:52} INFO - Started process 983 to run task
[2024-02-01 11:52:02,042] {standard_task_runner.py:79} INFO - Running: ['***', 'tasks', 'run', 'etl_postgresql', 'aggregate_province_daily', 'manual__2024-02-01T11:52:00.700808+00:00', '--job-id', '243', '--raw', '--subdir', 'DAGS_FOLDER/etl_dag.py', '--cfg-path', '/tmp/tmpmv1fsb50', '--error-file', '/tmp/tmpuxfg7dza']
[2024-02-01 11:52:02,043] {standard_task_runner.py:80} INFO - Job 243: Subtask aggregate_province_daily
[2024-02-01 11:52:02,086] {task_command.py:369} INFO - Running <TaskInstance: etl_postgresql.aggregate_province_daily manual__2024-02-01T11:52:00.700808+00:00 [running]> on host 0cb2a3b23a40
[2024-02-01 11:52:02,144] {taskinstance.py:1571} INFO - Exporting the following env vars:
AIRFLOW_CTX_DAG_OWNER=***
AIRFLOW_CTX_DAG_ID=etl_postgresql
AIRFLOW_CTX_TASK_ID=aggregate_province_daily
AIRFLOW_CTX_EXECUTION_DATE=2024-02-01T11:52:00.700808+00:00
AIRFLOW_CTX_TRY_NUMBER=1
AIRFLOW_CTX_DAG_RUN_ID=manual__2024-02-01T11:52:00.700808+00:00
[2024-02-01 11:52:05,484] {logging_mixin.py:115} INFO - Successfully install sqlalchemy
[2024-02-01 11:52:08,480] {logging_mixin.py:115} INFO - Successfully install pandas
[2024-02-01 11:52:11,640] {logging_mixin.py:115} INFO - Successfully install sqlalchemy
[2024-02-01 11:52:14,560] {logging_mixin.py:115} INFO - Successfully install pymysql
[2024-02-01 11:52:17,576] {logging_mixin.py:115} INFO - Successfully install sqlalchemy
[2024-02-01 11:52:17,639] {logging_mixin.py:115} INFO -       id  CLOSECONTACT  ...  suspect_meninggal     tanggal
0      1           274  ...                  0  2020-08-05
1      2           534  ...                  0  2020-08-05
2      3          2127  ...                  0  2020-08-05
3      4             0  ...                  0  2020-08-05
4      5          1295  ...                  0  2020-08-05
..   ...           ...  ...                ...         ...
140  141            32  ...                  2  2020-08-10
141  142             0  ...                  0  2020-08-10
142  143             0  ...                  0  2020-08-10
143  144            12  ...                  0  2020-08-10
144  145            28  ...                  0  2020-08-10

[145 rows x 21 columns]
[2024-02-01 11:52:17,639] {python.py:173} INFO - Done. Returned value was: end
[2024-02-01 11:52:17,658] {taskinstance.py:1400} INFO - Marking task as SUCCESS. dag_id=etl_postgresql, task_id=aggregate_province_daily, execution_date=20240201T115200, start_date=20240201T115202, end_date=20240201T115217
[2024-02-01 11:52:17,696] {local_task_job.py:156} INFO - Task exited with return code 0
[2024-02-01 11:52:17,715] {local_task_job.py:273} INFO - 1 downstream tasks scheduled from follow-on schedule check
