[2024-01-31 15:42:52,888] {taskinstance.py:1159} INFO - Dependencies all met for <TaskInstance: etl_postgresql.get_data_covid manual__2024-01-31T15:42:51.004140+00:00 [queued]>
[2024-01-31 15:42:52,894] {taskinstance.py:1159} INFO - Dependencies all met for <TaskInstance: etl_postgresql.get_data_covid manual__2024-01-31T15:42:51.004140+00:00 [queued]>
[2024-01-31 15:42:52,894] {taskinstance.py:1356} INFO - 
--------------------------------------------------------------------------------
[2024-01-31 15:42:52,894] {taskinstance.py:1357} INFO - Starting attempt 1 of 2
[2024-01-31 15:42:52,894] {taskinstance.py:1358} INFO - 
--------------------------------------------------------------------------------
[2024-01-31 15:42:52,903] {taskinstance.py:1377} INFO - Executing <Task(PythonOperator): get_data_covid> on 2024-01-31 15:42:51.004140+00:00
[2024-01-31 15:42:52,906] {standard_task_runner.py:52} INFO - Started process 10698 to run task
[2024-01-31 15:42:52,910] {standard_task_runner.py:79} INFO - Running: ['***', 'tasks', 'run', 'etl_postgresql', 'get_data_covid', 'manual__2024-01-31T15:42:51.004140+00:00', '--job-id', '205', '--raw', '--subdir', 'DAGS_FOLDER/etl_dag.py', '--cfg-path', '/tmp/tmpcuyttkkk', '--error-file', '/tmp/tmp9pozoz80']
[2024-01-31 15:42:52,911] {standard_task_runner.py:80} INFO - Job 205: Subtask get_data_covid
[2024-01-31 15:42:52,964] {task_command.py:369} INFO - Running <TaskInstance: etl_postgresql.get_data_covid manual__2024-01-31T15:42:51.004140+00:00 [running]> on host d99f9e65d396
[2024-01-31 15:42:53,018] {taskinstance.py:1571} INFO - Exporting the following env vars:
AIRFLOW_CTX_DAG_OWNER=***
AIRFLOW_CTX_DAG_ID=etl_postgresql
AIRFLOW_CTX_TASK_ID=get_data_covid
AIRFLOW_CTX_EXECUTION_DATE=2024-01-31T15:42:51.004140+00:00
AIRFLOW_CTX_TRY_NUMBER=1
AIRFLOW_CTX_DAG_RUN_ID=manual__2024-01-31T15:42:51.004140+00:00
[2024-01-31 15:42:56,196] {logging_mixin.py:115} INFO - Successfully install requests
[2024-01-31 15:42:56,260] {python.py:173} INFO - Done. Returned value was: get_data_covid
[2024-01-31 15:42:56,276] {taskinstance.py:1400} INFO - Marking task as SUCCESS. dag_id=etl_postgresql, task_id=get_data_covid, execution_date=20240131T154251, start_date=20240131T154252, end_date=20240131T154256
[2024-01-31 15:42:56,326] {local_task_job.py:156} INFO - Task exited with return code 0
[2024-01-31 15:42:56,356] {local_task_job.py:273} INFO - 1 downstream tasks scheduled from follow-on schedule check
