[2024-01-31 13:27:32,852] {taskinstance.py:1159} INFO - Dependencies all met for <TaskInstance: etl_postgresql.import_file_to_mysql manual__2024-01-31T13:27:27.422828+00:00 [queued]>
[2024-01-31 13:27:32,859] {taskinstance.py:1159} INFO - Dependencies all met for <TaskInstance: etl_postgresql.import_file_to_mysql manual__2024-01-31T13:27:27.422828+00:00 [queued]>
[2024-01-31 13:27:32,862] {taskinstance.py:1356} INFO - 
--------------------------------------------------------------------------------
[2024-01-31 13:27:32,862] {taskinstance.py:1357} INFO - Starting attempt 1 of 2
[2024-01-31 13:27:32,862] {taskinstance.py:1358} INFO - 
--------------------------------------------------------------------------------
[2024-01-31 13:27:32,871] {taskinstance.py:1377} INFO - Executing <Task(PythonOperator): import_file_to_mysql> on 2024-01-31 13:27:27.422828+00:00
[2024-01-31 13:27:32,875] {standard_task_runner.py:52} INFO - Started process 6087 to run task
[2024-01-31 13:27:32,877] {standard_task_runner.py:79} INFO - Running: ['***', 'tasks', 'run', 'etl_postgresql', 'import_file_to_mysql', 'manual__2024-01-31T13:27:27.422828+00:00', '--job-id', '112', '--raw', '--subdir', 'DAGS_FOLDER/etl_dag.py', '--cfg-path', '/tmp/tmpnb6q1127', '--error-file', '/tmp/tmpg2em0g9_']
[2024-01-31 13:27:32,878] {standard_task_runner.py:80} INFO - Job 112: Subtask import_file_to_mysql
[2024-01-31 13:27:32,917] {task_command.py:369} INFO - Running <TaskInstance: etl_postgresql.import_file_to_mysql manual__2024-01-31T13:27:27.422828+00:00 [running]> on host d99f9e65d396
[2024-01-31 13:27:32,968] {taskinstance.py:1571} INFO - Exporting the following env vars:
AIRFLOW_CTX_DAG_OWNER=***
AIRFLOW_CTX_DAG_ID=etl_postgresql
AIRFLOW_CTX_TASK_ID=import_file_to_mysql
AIRFLOW_CTX_EXECUTION_DATE=2024-01-31T13:27:27.422828+00:00
AIRFLOW_CTX_TRY_NUMBER=1
AIRFLOW_CTX_DAG_RUN_ID=manual__2024-01-31T13:27:27.422828+00:00
[2024-01-31 13:27:33,425] {logging_mixin.py:115} INFO - Error install json
[2024-01-31 13:27:36,266] {logging_mixin.py:115} INFO - Successfully install pandas
[2024-01-31 13:27:39,103] {logging_mixin.py:115} INFO - Successfully install pymysql
[2024-01-31 13:27:39,409] {python.py:173} INFO - Done. Returned value was: import to mysql
[2024-01-31 13:27:39,425] {taskinstance.py:1400} INFO - Marking task as SUCCESS. dag_id=etl_postgresql, task_id=import_file_to_mysql, execution_date=20240131T132727, start_date=20240131T132732, end_date=20240131T132739
[2024-01-31 13:27:39,471] {local_task_job.py:156} INFO - Task exited with return code 0
[2024-01-31 13:27:39,493] {local_task_job.py:273} INFO - 1 downstream tasks scheduled from follow-on schedule check
