[2024-01-31 15:07:22,595] {taskinstance.py:1159} INFO - Dependencies all met for <TaskInstance: etl_postgresql.import_file_to_mysql manual__2024-01-31T15:07:16.557152+00:00 [queued]>
[2024-01-31 15:07:22,602] {taskinstance.py:1159} INFO - Dependencies all met for <TaskInstance: etl_postgresql.import_file_to_mysql manual__2024-01-31T15:07:16.557152+00:00 [queued]>
[2024-01-31 15:07:22,602] {taskinstance.py:1356} INFO - 
--------------------------------------------------------------------------------
[2024-01-31 15:07:22,602] {taskinstance.py:1357} INFO - Starting attempt 1 of 2
[2024-01-31 15:07:22,603] {taskinstance.py:1358} INFO - 
--------------------------------------------------------------------------------
[2024-01-31 15:07:22,611] {taskinstance.py:1377} INFO - Executing <Task(PythonOperator): import_file_to_mysql> on 2024-01-31 15:07:16.557152+00:00
[2024-01-31 15:07:22,614] {standard_task_runner.py:52} INFO - Started process 9123 to run task
[2024-01-31 15:07:22,617] {standard_task_runner.py:79} INFO - Running: ['***', 'tasks', 'run', 'etl_postgresql', 'import_file_to_mysql', 'manual__2024-01-31T15:07:16.557152+00:00', '--job-id', '174', '--raw', '--subdir', 'DAGS_FOLDER/etl_dag.py', '--cfg-path', '/tmp/tmpvjtqx6vg', '--error-file', '/tmp/tmplrc2b26m']
[2024-01-31 15:07:22,618] {standard_task_runner.py:80} INFO - Job 174: Subtask import_file_to_mysql
[2024-01-31 15:07:22,654] {task_command.py:369} INFO - Running <TaskInstance: etl_postgresql.import_file_to_mysql manual__2024-01-31T15:07:16.557152+00:00 [running]> on host d99f9e65d396
[2024-01-31 15:07:22,701] {taskinstance.py:1571} INFO - Exporting the following env vars:
AIRFLOW_CTX_DAG_OWNER=***
AIRFLOW_CTX_DAG_ID=etl_postgresql
AIRFLOW_CTX_TASK_ID=import_file_to_mysql
AIRFLOW_CTX_EXECUTION_DATE=2024-01-31T15:07:16.557152+00:00
AIRFLOW_CTX_TRY_NUMBER=1
AIRFLOW_CTX_DAG_RUN_ID=manual__2024-01-31T15:07:16.557152+00:00
[2024-01-31 15:07:23,463] {logging_mixin.py:115} INFO - Error install json
[2024-01-31 15:07:26,321] {logging_mixin.py:115} INFO - Successfully install pandas
[2024-01-31 15:07:29,240] {logging_mixin.py:115} INFO - Successfully install pymysql
[2024-01-31 15:07:32,438] {logging_mixin.py:115} INFO - Successfully install sqlalchemy
[2024-01-31 15:07:35,277] {logging_mixin.py:115} INFO - Successfully install pymysql
[2024-01-31 15:07:35,394] {python.py:173} INFO - Done. Returned value was: import to mysql
[2024-01-31 15:07:35,412] {taskinstance.py:1400} INFO - Marking task as SUCCESS. dag_id=etl_postgresql, task_id=import_file_to_mysql, execution_date=20240131T150716, start_date=20240131T150722, end_date=20240131T150735
[2024-01-31 15:07:35,429] {local_task_job.py:156} INFO - Task exited with return code 0
[2024-01-31 15:07:35,452] {local_task_job.py:273} INFO - 1 downstream tasks scheduled from follow-on schedule check
