[2024-02-02 04:13:34,428] {taskinstance.py:1159} INFO - Dependencies all met for <TaskInstance: etl_postgresql.create_ddl_postgres manual__2024-02-02T04:13:21.812451+00:00 [queued]>
[2024-02-02 04:13:34,433] {taskinstance.py:1159} INFO - Dependencies all met for <TaskInstance: etl_postgresql.create_ddl_postgres manual__2024-02-02T04:13:21.812451+00:00 [queued]>
[2024-02-02 04:13:34,434] {taskinstance.py:1356} INFO - 
--------------------------------------------------------------------------------
[2024-02-02 04:13:34,434] {taskinstance.py:1357} INFO - Starting attempt 1 of 2
[2024-02-02 04:13:34,434] {taskinstance.py:1358} INFO - 
--------------------------------------------------------------------------------
[2024-02-02 04:13:34,441] {taskinstance.py:1377} INFO - Executing <Task(PythonOperator): create_ddl_postgres> on 2024-02-02 04:13:21.812451+00:00
[2024-02-02 04:13:34,444] {standard_task_runner.py:52} INFO - Started process 897 to run task
[2024-02-02 04:13:34,446] {standard_task_runner.py:79} INFO - Running: ['***', 'tasks', 'run', 'etl_postgresql', 'create_ddl_postgres', 'manual__2024-02-02T04:13:21.812451+00:00', '--job-id', '312', '--raw', '--subdir', 'DAGS_FOLDER/etl_dag.py', '--cfg-path', '/tmp/tmpop666vnn', '--error-file', '/tmp/tmpt4htnzpz']
[2024-02-02 04:13:34,447] {standard_task_runner.py:80} INFO - Job 312: Subtask create_ddl_postgres
[2024-02-02 04:13:34,478] {task_command.py:369} INFO - Running <TaskInstance: etl_postgresql.create_ddl_postgres manual__2024-02-02T04:13:21.812451+00:00 [running]> on host c3bb523480bf
[2024-02-02 04:13:34,519] {taskinstance.py:1571} INFO - Exporting the following env vars:
AIRFLOW_CTX_DAG_OWNER=***
AIRFLOW_CTX_DAG_ID=etl_postgresql
AIRFLOW_CTX_TASK_ID=create_ddl_postgres
AIRFLOW_CTX_EXECUTION_DATE=2024-02-02T04:13:21.812451+00:00
AIRFLOW_CTX_TRY_NUMBER=1
AIRFLOW_CTX_DAG_RUN_ID=manual__2024-02-02T04:13:21.812451+00:00
[2024-02-02 04:13:37,027] {logging_mixin.py:115} INFO - Successfully install sqlalchemy
[2024-02-02 04:13:39,596] {logging_mixin.py:115} INFO - Successfully install sqlalchemy
[2024-02-02 04:13:39,625] {logging_mixin.py:115} INFO - success migrate table
[2024-02-02 04:13:39,626] {python.py:173} INFO - Done. Returned value was: None
[2024-02-02 04:13:39,634] {taskinstance.py:1400} INFO - Marking task as SUCCESS. dag_id=etl_postgresql, task_id=create_ddl_postgres, execution_date=20240202T041321, start_date=20240202T041334, end_date=20240202T041339
[2024-02-02 04:13:39,671] {local_task_job.py:156} INFO - Task exited with return code 0
[2024-02-02 04:13:39,694] {local_task_job.py:273} INFO - 1 downstream tasks scheduled from follow-on schedule check
