[2024-02-02 04:20:00,036] {taskinstance.py:1159} INFO - Dependencies all met for <TaskInstance: etl_postgresql.get_data_covid manual__2024-02-02T04:19:58.580564+00:00 [queued]>
[2024-02-02 04:20:00,042] {taskinstance.py:1159} INFO - Dependencies all met for <TaskInstance: etl_postgresql.get_data_covid manual__2024-02-02T04:19:58.580564+00:00 [queued]>
[2024-02-02 04:20:00,042] {taskinstance.py:1356} INFO - 
--------------------------------------------------------------------------------
[2024-02-02 04:20:00,042] {taskinstance.py:1357} INFO - Starting attempt 1 of 2
[2024-02-02 04:20:00,043] {taskinstance.py:1358} INFO - 
--------------------------------------------------------------------------------
[2024-02-02 04:20:00,051] {taskinstance.py:1377} INFO - Executing <Task(PythonOperator): get_data_covid> on 2024-02-02 04:19:58.580564+00:00
[2024-02-02 04:20:00,055] {standard_task_runner.py:52} INFO - Started process 1375 to run task
[2024-02-02 04:20:00,058] {standard_task_runner.py:79} INFO - Running: ['***', 'tasks', 'run', 'etl_postgresql', 'get_data_covid', 'manual__2024-02-02T04:19:58.580564+00:00', '--job-id', '328', '--raw', '--subdir', 'DAGS_FOLDER/etl_dag.py', '--cfg-path', '/tmp/tmp9ky_oj8a', '--error-file', '/tmp/tmp42plo79w']
[2024-02-02 04:20:00,059] {standard_task_runner.py:80} INFO - Job 328: Subtask get_data_covid
[2024-02-02 04:20:00,095] {task_command.py:369} INFO - Running <TaskInstance: etl_postgresql.get_data_covid manual__2024-02-02T04:19:58.580564+00:00 [running]> on host c3bb523480bf
[2024-02-02 04:20:00,140] {taskinstance.py:1571} INFO - Exporting the following env vars:
AIRFLOW_CTX_DAG_OWNER=***
AIRFLOW_CTX_DAG_ID=etl_postgresql
AIRFLOW_CTX_TASK_ID=get_data_covid
AIRFLOW_CTX_EXECUTION_DATE=2024-02-02T04:19:58.580564+00:00
AIRFLOW_CTX_TRY_NUMBER=1
AIRFLOW_CTX_DAG_RUN_ID=manual__2024-02-02T04:19:58.580564+00:00
[2024-02-02 04:20:02,467] {logging_mixin.py:115} INFO - Successfully install requests
[2024-02-02 04:20:02,546] {python.py:173} INFO - Done. Returned value was: get_data_covid
[2024-02-02 04:20:02,560] {taskinstance.py:1400} INFO - Marking task as SUCCESS. dag_id=etl_postgresql, task_id=get_data_covid, execution_date=20240202T041958, start_date=20240202T042000, end_date=20240202T042002
[2024-02-02 04:20:02,595] {local_task_job.py:156} INFO - Task exited with return code 0
[2024-02-02 04:20:02,621] {local_task_job.py:273} INFO - 1 downstream tasks scheduled from follow-on schedule check
