[2024-02-02 04:13:49,599] {taskinstance.py:1159} INFO - Dependencies all met for <TaskInstance: etl_postgresql.aggregate_district_monthly manual__2024-02-02T04:13:21.812451+00:00 [queued]>
[2024-02-02 04:13:49,604] {taskinstance.py:1159} INFO - Dependencies all met for <TaskInstance: etl_postgresql.aggregate_district_monthly manual__2024-02-02T04:13:21.812451+00:00 [queued]>
[2024-02-02 04:13:49,604] {taskinstance.py:1356} INFO - 
--------------------------------------------------------------------------------
[2024-02-02 04:13:49,604] {taskinstance.py:1357} INFO - Starting attempt 1 of 2
[2024-02-02 04:13:49,604] {taskinstance.py:1358} INFO - 
--------------------------------------------------------------------------------
[2024-02-02 04:13:49,611] {taskinstance.py:1377} INFO - Executing <Task(PythonOperator): aggregate_district_monthly> on 2024-02-02 04:13:21.812451+00:00
[2024-02-02 04:13:49,614] {standard_task_runner.py:52} INFO - Started process 935 to run task
[2024-02-02 04:13:49,616] {standard_task_runner.py:79} INFO - Running: ['***', 'tasks', 'run', 'etl_postgresql', 'aggregate_district_monthly', 'manual__2024-02-02T04:13:21.812451+00:00', '--job-id', '316', '--raw', '--subdir', 'DAGS_FOLDER/etl_dag.py', '--cfg-path', '/tmp/tmp8sj8ce1g', '--error-file', '/tmp/tmp6nn0m255']
[2024-02-02 04:13:49,617] {standard_task_runner.py:80} INFO - Job 316: Subtask aggregate_district_monthly
[2024-02-02 04:13:49,648] {task_command.py:369} INFO - Running <TaskInstance: etl_postgresql.aggregate_district_monthly manual__2024-02-02T04:13:21.812451+00:00 [running]> on host c3bb523480bf
[2024-02-02 04:13:49,700] {taskinstance.py:1571} INFO - Exporting the following env vars:
AIRFLOW_CTX_DAG_OWNER=***
AIRFLOW_CTX_DAG_ID=etl_postgresql
AIRFLOW_CTX_TASK_ID=aggregate_district_monthly
AIRFLOW_CTX_EXECUTION_DATE=2024-02-02T04:13:21.812451+00:00
AIRFLOW_CTX_TRY_NUMBER=1
AIRFLOW_CTX_DAG_RUN_ID=manual__2024-02-02T04:13:21.812451+00:00
[2024-02-02 04:13:52,164] {logging_mixin.py:115} INFO - Successfully install pandas
[2024-02-02 04:13:54,926] {logging_mixin.py:115} INFO - Successfully install sqlalchemy
[2024-02-02 04:13:57,356] {logging_mixin.py:115} INFO - Successfully install pymysql
[2024-02-02 04:13:59,859] {logging_mixin.py:115} INFO - Successfully install sqlalchemy
[2024-02-02 04:13:59,971] {python.py:173} INFO - Done. Returned value was: aggregate_district_monthly
[2024-02-02 04:13:59,996] {taskinstance.py:1400} INFO - Marking task as SUCCESS. dag_id=etl_postgresql, task_id=aggregate_district_monthly, execution_date=20240202T041321, start_date=20240202T041349, end_date=20240202T041359
[2024-02-02 04:14:00,037] {local_task_job.py:156} INFO - Task exited with return code 0
[2024-02-02 04:14:00,053] {local_task_job.py:273} INFO - 0 downstream tasks scheduled from follow-on schedule check
