[2024-02-01 13:25:23,222] {taskinstance.py:1159} INFO - Dependencies all met for <TaskInstance: etl_postgresql.aggregate_dim_table manual__2024-02-01T13:25:22.301955+00:00 [queued]>
[2024-02-01 13:25:23,229] {taskinstance.py:1159} INFO - Dependencies all met for <TaskInstance: etl_postgresql.aggregate_dim_table manual__2024-02-01T13:25:22.301955+00:00 [queued]>
[2024-02-01 13:25:23,229] {taskinstance.py:1356} INFO - 
--------------------------------------------------------------------------------
[2024-02-01 13:25:23,229] {taskinstance.py:1357} INFO - Starting attempt 1 of 2
[2024-02-01 13:25:23,229] {taskinstance.py:1358} INFO - 
--------------------------------------------------------------------------------
[2024-02-01 13:25:23,239] {taskinstance.py:1377} INFO - Executing <Task(PythonOperator): aggregate_dim_table> on 2024-02-01 13:25:22.301955+00:00
[2024-02-01 13:25:23,243] {standard_task_runner.py:52} INFO - Started process 3063 to run task
[2024-02-01 13:25:23,245] {standard_task_runner.py:79} INFO - Running: ['***', 'tasks', 'run', 'etl_postgresql', 'aggregate_dim_table', 'manual__2024-02-01T13:25:22.301955+00:00', '--job-id', '250', '--raw', '--subdir', 'DAGS_FOLDER/etl_dag.py', '--cfg-path', '/tmp/tmp456ih0g_', '--error-file', '/tmp/tmpekf9gxn3']
[2024-02-01 13:25:23,247] {standard_task_runner.py:80} INFO - Job 250: Subtask aggregate_dim_table
[2024-02-01 13:25:23,306] {task_command.py:369} INFO - Running <TaskInstance: etl_postgresql.aggregate_dim_table manual__2024-02-01T13:25:22.301955+00:00 [running]> on host 0cb2a3b23a40
[2024-02-01 13:25:23,413] {taskinstance.py:1571} INFO - Exporting the following env vars:
AIRFLOW_CTX_DAG_OWNER=***
AIRFLOW_CTX_DAG_ID=etl_postgresql
AIRFLOW_CTX_TASK_ID=aggregate_dim_table
AIRFLOW_CTX_EXECUTION_DATE=2024-02-01T13:25:22.301955+00:00
AIRFLOW_CTX_TRY_NUMBER=1
AIRFLOW_CTX_DAG_RUN_ID=manual__2024-02-01T13:25:22.301955+00:00
[2024-02-01 13:25:26,536] {logging_mixin.py:115} INFO - Successfully install sqlalchemy
[2024-02-01 13:25:29,516] {logging_mixin.py:115} INFO - Successfully install sqlalchemy
[2024-02-01 13:25:32,404] {logging_mixin.py:115} INFO - Successfully install pymysql
[2024-02-01 13:25:35,373] {logging_mixin.py:115} INFO - Successfully install sqlalchemy
[2024-02-01 13:25:35,446] {python.py:173} INFO - Done. Returned value was: insert dim table
[2024-02-01 13:25:35,465] {taskinstance.py:1400} INFO - Marking task as SUCCESS. dag_id=etl_postgresql, task_id=aggregate_dim_table, execution_date=20240201T132522, start_date=20240201T132523, end_date=20240201T132535
[2024-02-01 13:25:35,503] {local_task_job.py:156} INFO - Task exited with return code 0
[2024-02-01 13:25:35,522] {local_task_job.py:273} INFO - 0 downstream tasks scheduled from follow-on schedule check
