[2024-02-01 11:52:01,941] {taskinstance.py:1159} INFO - Dependencies all met for <TaskInstance: etl_postgresql.import_file_to_mysql manual__2024-02-01T11:52:00.700808+00:00 [queued]>
[2024-02-01 11:52:01,948] {taskinstance.py:1159} INFO - Dependencies all met for <TaskInstance: etl_postgresql.import_file_to_mysql manual__2024-02-01T11:52:00.700808+00:00 [queued]>
[2024-02-01 11:52:01,949] {taskinstance.py:1356} INFO - 
--------------------------------------------------------------------------------
[2024-02-01 11:52:01,949] {taskinstance.py:1357} INFO - Starting attempt 1 of 2
[2024-02-01 11:52:01,949] {taskinstance.py:1358} INFO - 
--------------------------------------------------------------------------------
[2024-02-01 11:52:01,959] {taskinstance.py:1377} INFO - Executing <Task(PythonOperator): import_file_to_mysql> on 2024-02-01 11:52:00.700808+00:00
[2024-02-01 11:52:01,962] {standard_task_runner.py:52} INFO - Started process 980 to run task
[2024-02-01 11:52:01,965] {standard_task_runner.py:79} INFO - Running: ['***', 'tasks', 'run', 'etl_postgresql', 'import_file_to_mysql', 'manual__2024-02-01T11:52:00.700808+00:00', '--job-id', '242', '--raw', '--subdir', 'DAGS_FOLDER/etl_dag.py', '--cfg-path', '/tmp/tmpuvntr9an', '--error-file', '/tmp/tmpgr6t2tfe']
[2024-02-01 11:52:01,966] {standard_task_runner.py:80} INFO - Job 242: Subtask import_file_to_mysql
[2024-02-01 11:52:02,009] {task_command.py:369} INFO - Running <TaskInstance: etl_postgresql.import_file_to_mysql manual__2024-02-01T11:52:00.700808+00:00 [running]> on host 0cb2a3b23a40
[2024-02-01 11:52:02,073] {taskinstance.py:1571} INFO - Exporting the following env vars:
AIRFLOW_CTX_DAG_OWNER=***
AIRFLOW_CTX_DAG_ID=etl_postgresql
AIRFLOW_CTX_TASK_ID=import_file_to_mysql
AIRFLOW_CTX_EXECUTION_DATE=2024-02-01T11:52:00.700808+00:00
AIRFLOW_CTX_TRY_NUMBER=1
AIRFLOW_CTX_DAG_RUN_ID=manual__2024-02-01T11:52:00.700808+00:00
[2024-02-01 11:52:05,387] {logging_mixin.py:115} INFO - Successfully install pandas
[2024-02-01 11:52:08,621] {logging_mixin.py:115} INFO - Successfully install sqlalchemy
[2024-02-01 11:52:11,521] {logging_mixin.py:115} INFO - Successfully install pymysql
[2024-02-01 11:52:11,638] {python.py:173} INFO - Done. Returned value was: import to mysql
[2024-02-01 11:52:11,657] {taskinstance.py:1400} INFO - Marking task as SUCCESS. dag_id=etl_postgresql, task_id=import_file_to_mysql, execution_date=20240201T115200, start_date=20240201T115201, end_date=20240201T115211
[2024-02-01 11:52:11,703] {local_task_job.py:156} INFO - Task exited with return code 0
[2024-02-01 11:52:11,719] {local_task_job.py:273} INFO - 0 downstream tasks scheduled from follow-on schedule check
