[2024-02-01 14:14:39,648] {taskinstance.py:1159} INFO - Dependencies all met for <TaskInstance: etl_postgresql.aggregate_district_monthly manual__2024-02-01T14:14:06.218797+00:00 [queued]>
[2024-02-01 14:14:39,655] {taskinstance.py:1159} INFO - Dependencies all met for <TaskInstance: etl_postgresql.aggregate_district_monthly manual__2024-02-01T14:14:06.218797+00:00 [queued]>
[2024-02-01 14:14:39,656] {taskinstance.py:1356} INFO - 
--------------------------------------------------------------------------------
[2024-02-01 14:14:39,656] {taskinstance.py:1357} INFO - Starting attempt 1 of 2
[2024-02-01 14:14:39,656] {taskinstance.py:1358} INFO - 
--------------------------------------------------------------------------------
[2024-02-01 14:14:39,666] {taskinstance.py:1377} INFO - Executing <Task(PythonOperator): aggregate_district_monthly> on 2024-02-01 14:14:06.218797+00:00
[2024-02-01 14:14:39,670] {standard_task_runner.py:52} INFO - Started process 5226 to run task
[2024-02-01 14:14:39,672] {standard_task_runner.py:79} INFO - Running: ['***', 'tasks', 'run', 'etl_postgresql', 'aggregate_district_monthly', 'manual__2024-02-01T14:14:06.218797+00:00', '--job-id', '287', '--raw', '--subdir', 'DAGS_FOLDER/etl_dag.py', '--cfg-path', '/tmp/tmpmcnpdvyh', '--error-file', '/tmp/tmphw2z90vo']
[2024-02-01 14:14:39,673] {standard_task_runner.py:80} INFO - Job 287: Subtask aggregate_district_monthly
[2024-02-01 14:14:39,714] {task_command.py:369} INFO - Running <TaskInstance: etl_postgresql.aggregate_district_monthly manual__2024-02-01T14:14:06.218797+00:00 [running]> on host 0cb2a3b23a40
[2024-02-01 14:14:39,796] {taskinstance.py:1571} INFO - Exporting the following env vars:
AIRFLOW_CTX_DAG_OWNER=***
AIRFLOW_CTX_DAG_ID=etl_postgresql
AIRFLOW_CTX_TASK_ID=aggregate_district_monthly
AIRFLOW_CTX_EXECUTION_DATE=2024-02-01T14:14:06.218797+00:00
AIRFLOW_CTX_TRY_NUMBER=1
AIRFLOW_CTX_DAG_RUN_ID=manual__2024-02-01T14:14:06.218797+00:00
[2024-02-01 14:14:43,018] {logging_mixin.py:115} INFO - Successfully install sqlalchemy
[2024-02-01 14:14:46,017] {logging_mixin.py:115} INFO - Successfully install pandas
[2024-02-01 14:14:49,494] {logging_mixin.py:115} INFO - Successfully install sqlalchemy
[2024-02-01 14:14:52,650] {logging_mixin.py:115} INFO - Successfully install pymysql
[2024-02-01 14:14:55,645] {logging_mixin.py:115} INFO - Successfully install sqlalchemy
[2024-02-01 14:14:55,794] {python.py:173} INFO - Done. Returned value was: aggregate_district_monthly
[2024-02-01 14:14:55,814] {taskinstance.py:1400} INFO - Marking task as SUCCESS. dag_id=etl_postgresql, task_id=aggregate_district_monthly, execution_date=20240201T141406, start_date=20240201T141439, end_date=20240201T141455
[2024-02-01 14:14:55,834] {local_task_job.py:156} INFO - Task exited with return code 0
[2024-02-01 14:14:55,854] {local_task_job.py:273} INFO - 1 downstream tasks scheduled from follow-on schedule check
