[2024-01-31 15:11:09,066] {taskinstance.py:1159} INFO - Dependencies all met for <TaskInstance: etl_postgresql.import_file_to_mysql manual__2024-01-31T15:11:03.693379+00:00 [queued]>
[2024-01-31 15:11:09,072] {taskinstance.py:1159} INFO - Dependencies all met for <TaskInstance: etl_postgresql.import_file_to_mysql manual__2024-01-31T15:11:03.693379+00:00 [queued]>
[2024-01-31 15:11:09,073] {taskinstance.py:1356} INFO - 
--------------------------------------------------------------------------------
[2024-01-31 15:11:09,073] {taskinstance.py:1357} INFO - Starting attempt 1 of 2
[2024-01-31 15:11:09,073] {taskinstance.py:1358} INFO - 
--------------------------------------------------------------------------------
[2024-01-31 15:11:09,081] {taskinstance.py:1377} INFO - Executing <Task(PythonOperator): import_file_to_mysql> on 2024-01-31 15:11:03.693379+00:00
[2024-01-31 15:11:09,085] {standard_task_runner.py:52} INFO - Started process 9297 to run task
[2024-01-31 15:11:09,088] {standard_task_runner.py:79} INFO - Running: ['***', 'tasks', 'run', 'etl_postgresql', 'import_file_to_mysql', 'manual__2024-01-31T15:11:03.693379+00:00', '--job-id', '178', '--raw', '--subdir', 'DAGS_FOLDER/etl_dag.py', '--cfg-path', '/tmp/tmpw6ft4yaj', '--error-file', '/tmp/tmpno2__7ev']
[2024-01-31 15:11:09,089] {standard_task_runner.py:80} INFO - Job 178: Subtask import_file_to_mysql
[2024-01-31 15:11:09,124] {task_command.py:369} INFO - Running <TaskInstance: etl_postgresql.import_file_to_mysql manual__2024-01-31T15:11:03.693379+00:00 [running]> on host d99f9e65d396
[2024-01-31 15:11:09,170] {taskinstance.py:1571} INFO - Exporting the following env vars:
AIRFLOW_CTX_DAG_OWNER=***
AIRFLOW_CTX_DAG_ID=etl_postgresql
AIRFLOW_CTX_TASK_ID=import_file_to_mysql
AIRFLOW_CTX_EXECUTION_DATE=2024-01-31T15:11:03.693379+00:00
AIRFLOW_CTX_TRY_NUMBER=1
AIRFLOW_CTX_DAG_RUN_ID=manual__2024-01-31T15:11:03.693379+00:00
[2024-01-31 15:11:10,035] {logging_mixin.py:115} INFO - Error install json
[2024-01-31 15:11:12,862] {logging_mixin.py:115} INFO - Successfully install pandas
[2024-01-31 15:11:15,705] {logging_mixin.py:115} INFO - Successfully install pymysql
[2024-01-31 15:11:18,837] {logging_mixin.py:115} INFO - Successfully install sqlalchemy
[2024-01-31 15:11:21,607] {logging_mixin.py:115} INFO - Successfully install pymysql
[2024-01-31 15:11:21,725] {python.py:173} INFO - Done. Returned value was: import to mysql
[2024-01-31 15:11:21,746] {taskinstance.py:1400} INFO - Marking task as SUCCESS. dag_id=etl_postgresql, task_id=import_file_to_mysql, execution_date=20240131T151103, start_date=20240131T151109, end_date=20240131T151121
[2024-01-31 15:11:21,805] {local_task_job.py:156} INFO - Task exited with return code 0
[2024-01-31 15:11:21,830] {local_task_job.py:273} INFO - 1 downstream tasks scheduled from follow-on schedule check
