[2024-02-01 13:26:47,980] {taskinstance.py:1159} INFO - Dependencies all met for <TaskInstance: etl_postgresql.create_ddl_postgres manual__2024-02-01T13:26:47.310511+00:00 [queued]>
[2024-02-01 13:26:47,987] {taskinstance.py:1159} INFO - Dependencies all met for <TaskInstance: etl_postgresql.create_ddl_postgres manual__2024-02-01T13:26:47.310511+00:00 [queued]>
[2024-02-01 13:26:47,987] {taskinstance.py:1356} INFO - 
--------------------------------------------------------------------------------
[2024-02-01 13:26:47,987] {taskinstance.py:1357} INFO - Starting attempt 1 of 2
[2024-02-01 13:26:47,988] {taskinstance.py:1358} INFO - 
--------------------------------------------------------------------------------
[2024-02-01 13:26:47,998] {taskinstance.py:1377} INFO - Executing <Task(PythonOperator): create_ddl_postgres> on 2024-02-01 13:26:47.310511+00:00
[2024-02-01 13:26:48,002] {standard_task_runner.py:52} INFO - Started process 3192 to run task
[2024-02-01 13:26:48,006] {standard_task_runner.py:79} INFO - Running: ['***', 'tasks', 'run', 'etl_postgresql', 'create_ddl_postgres', 'manual__2024-02-01T13:26:47.310511+00:00', '--job-id', '254', '--raw', '--subdir', 'DAGS_FOLDER/etl_dag.py', '--cfg-path', '/tmp/tmpiszonv59', '--error-file', '/tmp/tmp4ap_k396']
[2024-02-01 13:26:48,008] {standard_task_runner.py:80} INFO - Job 254: Subtask create_ddl_postgres
[2024-02-01 13:26:48,062] {task_command.py:369} INFO - Running <TaskInstance: etl_postgresql.create_ddl_postgres manual__2024-02-01T13:26:47.310511+00:00 [running]> on host 0cb2a3b23a40
[2024-02-01 13:26:48,123] {taskinstance.py:1571} INFO - Exporting the following env vars:
AIRFLOW_CTX_DAG_OWNER=***
AIRFLOW_CTX_DAG_ID=etl_postgresql
AIRFLOW_CTX_TASK_ID=create_ddl_postgres
AIRFLOW_CTX_EXECUTION_DATE=2024-02-01T13:26:47.310511+00:00
AIRFLOW_CTX_TRY_NUMBER=1
AIRFLOW_CTX_DAG_RUN_ID=manual__2024-02-01T13:26:47.310511+00:00
[2024-02-01 13:26:51,208] {logging_mixin.py:115} INFO - Successfully install sqlalchemy
[2024-02-01 13:26:54,139] {logging_mixin.py:115} INFO - Successfully install sqlalchemy
[2024-02-01 13:26:54,173] {logging_mixin.py:115} INFO - success migrate table
[2024-02-01 13:26:54,174] {python.py:173} INFO - Done. Returned value was: None
[2024-02-01 13:26:54,183] {taskinstance.py:1400} INFO - Marking task as SUCCESS. dag_id=etl_postgresql, task_id=create_ddl_postgres, execution_date=20240201T132647, start_date=20240201T132647, end_date=20240201T132654
[2024-02-01 13:26:54,232] {local_task_job.py:156} INFO - Task exited with return code 0
[2024-02-01 13:26:54,248] {local_task_job.py:273} INFO - 0 downstream tasks scheduled from follow-on schedule check
