[2024-02-02 04:04:42,980] {taskinstance.py:1159} INFO - Dependencies all met for <TaskInstance: etl_postgresql.aggregate_dim_table scheduled__2024-02-01T00:05:00+00:00 [queued]>
[2024-02-02 04:04:42,986] {taskinstance.py:1159} INFO - Dependencies all met for <TaskInstance: etl_postgresql.aggregate_dim_table scheduled__2024-02-01T00:05:00+00:00 [queued]>
[2024-02-02 04:04:42,986] {taskinstance.py:1356} INFO - 
--------------------------------------------------------------------------------
[2024-02-02 04:04:42,986] {taskinstance.py:1357} INFO - Starting attempt 1 of 2
[2024-02-02 04:04:42,986] {taskinstance.py:1358} INFO - 
--------------------------------------------------------------------------------
[2024-02-02 04:04:42,994] {taskinstance.py:1377} INFO - Executing <Task(PythonOperator): aggregate_dim_table> on 2024-02-01 00:05:00+00:00
[2024-02-02 04:04:42,997] {standard_task_runner.py:52} INFO - Started process 367 to run task
[2024-02-02 04:04:42,999] {standard_task_runner.py:79} INFO - Running: ['***', 'tasks', 'run', 'etl_postgresql', 'aggregate_dim_table', 'scheduled__2024-02-01T00:05:00+00:00', '--job-id', '295', '--raw', '--subdir', 'DAGS_FOLDER/etl_dag.py', '--cfg-path', '/tmp/tmpsiu0opca', '--error-file', '/tmp/tmpdj6dtbxd']
[2024-02-02 04:04:43,000] {standard_task_runner.py:80} INFO - Job 295: Subtask aggregate_dim_table
[2024-02-02 04:04:43,031] {task_command.py:369} INFO - Running <TaskInstance: etl_postgresql.aggregate_dim_table scheduled__2024-02-01T00:05:00+00:00 [running]> on host c3bb523480bf
[2024-02-02 04:04:43,071] {taskinstance.py:1571} INFO - Exporting the following env vars:
AIRFLOW_CTX_DAG_OWNER=***
AIRFLOW_CTX_DAG_ID=etl_postgresql
AIRFLOW_CTX_TASK_ID=aggregate_dim_table
AIRFLOW_CTX_EXECUTION_DATE=2024-02-01T00:05:00+00:00
AIRFLOW_CTX_TRY_NUMBER=1
AIRFLOW_CTX_DAG_RUN_ID=scheduled__2024-02-01T00:05:00+00:00
[2024-02-02 04:04:45,417] {logging_mixin.py:115} INFO - Successfully install sqlalchemy
[2024-02-02 04:04:47,733] {logging_mixin.py:115} INFO - Successfully install sqlalchemy
[2024-02-02 04:04:50,137] {logging_mixin.py:115} INFO - Successfully install pymysql
[2024-02-02 04:04:52,443] {logging_mixin.py:115} INFO - Successfully install sqlalchemy
[2024-02-02 04:04:52,514] {python.py:173} INFO - Done. Returned value was: insert dim table
[2024-02-02 04:04:52,529] {taskinstance.py:1400} INFO - Marking task as SUCCESS. dag_id=etl_postgresql, task_id=aggregate_dim_table, execution_date=20240201T000500, start_date=20240202T040442, end_date=20240202T040452
[2024-02-02 04:04:52,572] {local_task_job.py:156} INFO - Task exited with return code 0
[2024-02-02 04:04:52,594] {local_task_job.py:273} INFO - 5 downstream tasks scheduled from follow-on schedule check
