[2024-01-31 14:58:29,454] {taskinstance.py:1159} INFO - Dependencies all met for <TaskInstance: etl_postgresql.import_file_to_mysql manual__2024-01-31T14:58:24.526071+00:00 [queued]>
[2024-01-31 14:58:29,460] {taskinstance.py:1159} INFO - Dependencies all met for <TaskInstance: etl_postgresql.import_file_to_mysql manual__2024-01-31T14:58:24.526071+00:00 [queued]>
[2024-01-31 14:58:29,460] {taskinstance.py:1356} INFO - 
--------------------------------------------------------------------------------
[2024-01-31 14:58:29,461] {taskinstance.py:1357} INFO - Starting attempt 1 of 2
[2024-01-31 14:58:29,461] {taskinstance.py:1358} INFO - 
--------------------------------------------------------------------------------
[2024-01-31 14:58:29,469] {taskinstance.py:1377} INFO - Executing <Task(PythonOperator): import_file_to_mysql> on 2024-01-31 14:58:24.526071+00:00
[2024-01-31 14:58:29,472] {standard_task_runner.py:52} INFO - Started process 8685 to run task
[2024-01-31 14:58:29,475] {standard_task_runner.py:79} INFO - Running: ['***', 'tasks', 'run', 'etl_postgresql', 'import_file_to_mysql', 'manual__2024-01-31T14:58:24.526071+00:00', '--job-id', '166', '--raw', '--subdir', 'DAGS_FOLDER/etl_dag.py', '--cfg-path', '/tmp/tmp7ttx_orb', '--error-file', '/tmp/tmptw7tsddl']
[2024-01-31 14:58:29,476] {standard_task_runner.py:80} INFO - Job 166: Subtask import_file_to_mysql
[2024-01-31 14:58:29,511] {task_command.py:369} INFO - Running <TaskInstance: etl_postgresql.import_file_to_mysql manual__2024-01-31T14:58:24.526071+00:00 [running]> on host d99f9e65d396
[2024-01-31 14:58:29,558] {taskinstance.py:1571} INFO - Exporting the following env vars:
AIRFLOW_CTX_DAG_OWNER=***
AIRFLOW_CTX_DAG_ID=etl_postgresql
AIRFLOW_CTX_TASK_ID=import_file_to_mysql
AIRFLOW_CTX_EXECUTION_DATE=2024-01-31T14:58:24.526071+00:00
AIRFLOW_CTX_TRY_NUMBER=1
AIRFLOW_CTX_DAG_RUN_ID=manual__2024-01-31T14:58:24.526071+00:00
[2024-01-31 14:58:30,312] {logging_mixin.py:115} INFO - Error install json
[2024-01-31 14:58:33,132] {logging_mixin.py:115} INFO - Successfully install pandas
[2024-01-31 14:58:36,065] {logging_mixin.py:115} INFO - Successfully install pymysql
[2024-01-31 14:58:39,210] {logging_mixin.py:115} INFO - Successfully install sqlalchemy
[2024-01-31 14:58:41,993] {logging_mixin.py:115} INFO - Successfully install pymysql
[2024-01-31 14:58:42,107] {python.py:173} INFO - Done. Returned value was: import to mysql
[2024-01-31 14:58:42,126] {taskinstance.py:1400} INFO - Marking task as SUCCESS. dag_id=etl_postgresql, task_id=import_file_to_mysql, execution_date=20240131T145824, start_date=20240131T145829, end_date=20240131T145842
[2024-01-31 14:58:42,168] {local_task_job.py:156} INFO - Task exited with return code 0
[2024-01-31 14:58:42,191] {local_task_job.py:273} INFO - 1 downstream tasks scheduled from follow-on schedule check
