[2024-01-31 09:33:17,504] {taskinstance.py:1159} INFO - Dependencies all met for <TaskInstance: etl_postgresql.import_file_to_mysql manual__2024-01-31T09:33:15.070695+00:00 [queued]>
[2024-01-31 09:33:17,509] {taskinstance.py:1159} INFO - Dependencies all met for <TaskInstance: etl_postgresql.import_file_to_mysql manual__2024-01-31T09:33:15.070695+00:00 [queued]>
[2024-01-31 09:33:17,509] {taskinstance.py:1356} INFO - 
--------------------------------------------------------------------------------
[2024-01-31 09:33:17,509] {taskinstance.py:1357} INFO - Starting attempt 1 of 2
[2024-01-31 09:33:17,509] {taskinstance.py:1358} INFO - 
--------------------------------------------------------------------------------
[2024-01-31 09:33:17,516] {taskinstance.py:1377} INFO - Executing <Task(PythonOperator): import_file_to_mysql> on 2024-01-31 09:33:15.070695+00:00
[2024-01-31 09:33:17,519] {standard_task_runner.py:52} INFO - Started process 1213 to run task
[2024-01-31 09:33:17,521] {standard_task_runner.py:79} INFO - Running: ['***', 'tasks', 'run', 'etl_postgresql', 'import_file_to_mysql', 'manual__2024-01-31T09:33:15.070695+00:00', '--job-id', '88', '--raw', '--subdir', 'DAGS_FOLDER/etl_dag.py', '--cfg-path', '/tmp/tmp7a2j770b', '--error-file', '/tmp/tmp6q9eygl9']
[2024-01-31 09:33:17,522] {standard_task_runner.py:80} INFO - Job 88: Subtask import_file_to_mysql
[2024-01-31 09:33:17,550] {task_command.py:369} INFO - Running <TaskInstance: etl_postgresql.import_file_to_mysql manual__2024-01-31T09:33:15.070695+00:00 [running]> on host d99f9e65d396
[2024-01-31 09:33:17,585] {taskinstance.py:1571} INFO - Exporting the following env vars:
AIRFLOW_CTX_DAG_OWNER=***
AIRFLOW_CTX_DAG_ID=etl_postgresql
AIRFLOW_CTX_TASK_ID=import_file_to_mysql
AIRFLOW_CTX_EXECUTION_DATE=2024-01-31T09:33:15.070695+00:00
AIRFLOW_CTX_TRY_NUMBER=1
AIRFLOW_CTX_DAG_RUN_ID=manual__2024-01-31T09:33:15.070695+00:00
[2024-01-31 09:33:17,591] {python.py:173} INFO - Done. Returned value was: None
[2024-01-31 09:33:17,598] {taskinstance.py:1400} INFO - Marking task as SUCCESS. dag_id=etl_postgresql, task_id=import_file_to_mysql, execution_date=20240131T093315, start_date=20240131T093317, end_date=20240131T093317
[2024-01-31 09:33:17,613] {local_task_job.py:156} INFO - Task exited with return code 0
[2024-01-31 09:33:17,633] {local_task_job.py:273} INFO - 1 downstream tasks scheduled from follow-on schedule check
