[2024-02-02 04:16:41,717] {taskinstance.py:1159} INFO - Dependencies all met for <TaskInstance: etl_postgresql.import_file_to_mysql manual__2024-02-02T04:16:36.778282+00:00 [queued]>
[2024-02-02 04:16:41,725] {taskinstance.py:1159} INFO - Dependencies all met for <TaskInstance: etl_postgresql.import_file_to_mysql manual__2024-02-02T04:16:36.778282+00:00 [queued]>
[2024-02-02 04:16:41,725] {taskinstance.py:1356} INFO - 
--------------------------------------------------------------------------------
[2024-02-02 04:16:41,726] {taskinstance.py:1357} INFO - Starting attempt 1 of 2
[2024-02-02 04:16:41,726] {taskinstance.py:1358} INFO - 
--------------------------------------------------------------------------------
[2024-02-02 04:16:41,733] {taskinstance.py:1377} INFO - Executing <Task(PythonOperator): import_file_to_mysql> on 2024-02-02 04:16:36.778282+00:00
[2024-02-02 04:16:41,737] {standard_task_runner.py:52} INFO - Started process 1138 to run task
[2024-02-02 04:16:41,739] {standard_task_runner.py:79} INFO - Running: ['***', 'tasks', 'run', 'etl_postgresql', 'import_file_to_mysql', 'manual__2024-02-02T04:16:36.778282+00:00', '--job-id', '320', '--raw', '--subdir', 'DAGS_FOLDER/etl_dag.py', '--cfg-path', '/tmp/tmpelal0fun', '--error-file', '/tmp/tmpfd65xxd3']
[2024-02-02 04:16:41,740] {standard_task_runner.py:80} INFO - Job 320: Subtask import_file_to_mysql
[2024-02-02 04:16:41,777] {task_command.py:369} INFO - Running <TaskInstance: etl_postgresql.import_file_to_mysql manual__2024-02-02T04:16:36.778282+00:00 [running]> on host c3bb523480bf
[2024-02-02 04:16:41,823] {taskinstance.py:1571} INFO - Exporting the following env vars:
AIRFLOW_CTX_DAG_OWNER=***
AIRFLOW_CTX_DAG_ID=etl_postgresql
AIRFLOW_CTX_TASK_ID=import_file_to_mysql
AIRFLOW_CTX_EXECUTION_DATE=2024-02-02T04:16:36.778282+00:00
AIRFLOW_CTX_TRY_NUMBER=1
AIRFLOW_CTX_DAG_RUN_ID=manual__2024-02-02T04:16:36.778282+00:00
[2024-02-02 04:16:44,280] {logging_mixin.py:115} INFO - Successfully install pandas
[2024-02-02 04:16:47,012] {logging_mixin.py:115} INFO - Successfully install sqlalchemy
[2024-02-02 04:16:49,498] {logging_mixin.py:115} INFO - Successfully install pymysql
[2024-02-02 04:16:49,607] {python.py:173} INFO - Done. Returned value was: import to mysql
[2024-02-02 04:16:49,623] {taskinstance.py:1400} INFO - Marking task as SUCCESS. dag_id=etl_postgresql, task_id=import_file_to_mysql, execution_date=20240202T041636, start_date=20240202T041641, end_date=20240202T041649
[2024-02-02 04:16:49,646] {local_task_job.py:156} INFO - Task exited with return code 0
[2024-02-02 04:16:49,670] {local_task_job.py:273} INFO - 1 downstream tasks scheduled from follow-on schedule check
