[2024-01-31 13:57:08,346] {taskinstance.py:1159} INFO - Dependencies all met for <TaskInstance: etl_postgresql.aggregate_dim_table manual__2024-01-31T13:51:45.502069+00:00 [queued]>
[2024-01-31 13:57:08,354] {taskinstance.py:1159} INFO - Dependencies all met for <TaskInstance: etl_postgresql.aggregate_dim_table manual__2024-01-31T13:51:45.502069+00:00 [queued]>
[2024-01-31 13:57:08,354] {taskinstance.py:1356} INFO - 
--------------------------------------------------------------------------------
[2024-01-31 13:57:08,354] {taskinstance.py:1357} INFO - Starting attempt 2 of 2
[2024-01-31 13:57:08,355] {taskinstance.py:1358} INFO - 
--------------------------------------------------------------------------------
[2024-01-31 13:57:08,365] {taskinstance.py:1377} INFO - Executing <Task(PythonOperator): aggregate_dim_table> on 2024-01-31 13:51:45.502069+00:00
[2024-01-31 13:57:08,369] {standard_task_runner.py:52} INFO - Started process 7139 to run task
[2024-01-31 13:57:08,372] {standard_task_runner.py:79} INFO - Running: ['***', 'tasks', 'run', 'etl_postgresql', 'aggregate_dim_table', 'manual__2024-01-31T13:51:45.502069+00:00', '--job-id', '144', '--raw', '--subdir', 'DAGS_FOLDER/etl_dag.py', '--cfg-path', '/tmp/tmpwphxzds3', '--error-file', '/tmp/tmpc6aof1_6']
[2024-01-31 13:57:08,373] {standard_task_runner.py:80} INFO - Job 144: Subtask aggregate_dim_table
[2024-01-31 13:57:08,422] {task_command.py:369} INFO - Running <TaskInstance: etl_postgresql.aggregate_dim_table manual__2024-01-31T13:51:45.502069+00:00 [running]> on host d99f9e65d396
[2024-01-31 13:57:08,491] {taskinstance.py:1571} INFO - Exporting the following env vars:
AIRFLOW_CTX_DAG_OWNER=***
AIRFLOW_CTX_DAG_ID=etl_postgresql
AIRFLOW_CTX_TASK_ID=aggregate_dim_table
AIRFLOW_CTX_EXECUTION_DATE=2024-01-31T13:51:45.502069+00:00
AIRFLOW_CTX_TRY_NUMBER=2
AIRFLOW_CTX_DAG_RUN_ID=manual__2024-01-31T13:51:45.502069+00:00
[2024-01-31 13:57:11,603] {logging_mixin.py:115} INFO - Successfully install sqlalchemy
[2024-01-31 13:57:14,463] {logging_mixin.py:115} INFO - Successfully install pymysql
[2024-01-31 13:57:14,539] {logging_mixin.py:115} INFO - 1
[2024-01-31 13:57:14,539] {logging_mixin.py:115} INFO - Kabupaten Bandung
[2024-01-31 13:57:14,539] {logging_mixin.py:115} INFO - 2
[2024-01-31 13:57:14,540] {logging_mixin.py:115} INFO - Kabupaten Bandung Barat
[2024-01-31 13:57:14,540] {logging_mixin.py:115} INFO - 3
[2024-01-31 13:57:14,540] {logging_mixin.py:115} INFO - Kabupaten Bekasi
[2024-01-31 13:57:14,540] {logging_mixin.py:115} INFO - 4
[2024-01-31 13:57:14,540] {logging_mixin.py:115} INFO - Kabupaten Bogor
[2024-01-31 13:57:14,541] {logging_mixin.py:115} INFO - 5
[2024-01-31 13:57:14,541] {logging_mixin.py:115} INFO - Kabupaten Ciamis
[2024-01-31 13:57:14,541] {logging_mixin.py:115} INFO - 6
[2024-01-31 13:57:14,541] {logging_mixin.py:115} INFO - Kabupaten Cianjur
[2024-01-31 13:57:14,541] {logging_mixin.py:115} INFO - 7
[2024-01-31 13:57:14,542] {logging_mixin.py:115} INFO - Kabupaten Cirebon
[2024-01-31 13:57:14,542] {logging_mixin.py:115} INFO - 8
[2024-01-31 13:57:14,542] {logging_mixin.py:115} INFO - Kabupaten Garut
[2024-01-31 13:57:14,542] {logging_mixin.py:115} INFO - 9
[2024-01-31 13:57:14,542] {logging_mixin.py:115} INFO - Kabupaten Indramayu
[2024-01-31 13:57:14,542] {logging_mixin.py:115} INFO - 10
[2024-01-31 13:57:14,543] {logging_mixin.py:115} INFO - Kabupaten Karawang
[2024-01-31 13:57:14,543] {logging_mixin.py:115} INFO - 11
[2024-01-31 13:57:14,543] {logging_mixin.py:115} INFO - Kabupaten Kuningan
[2024-01-31 13:57:14,543] {logging_mixin.py:115} INFO - 12
[2024-01-31 13:57:14,543] {logging_mixin.py:115} INFO - Kabupaten Majalengka
[2024-01-31 13:57:14,543] {logging_mixin.py:115} INFO - 13
[2024-01-31 13:57:14,544] {logging_mixin.py:115} INFO - Kabupaten Pangandaran
[2024-01-31 13:57:14,544] {logging_mixin.py:115} INFO - 14
[2024-01-31 13:57:14,544] {logging_mixin.py:115} INFO - Kabupaten Purwakarta
[2024-01-31 13:57:14,544] {logging_mixin.py:115} INFO - 15
[2024-01-31 13:57:14,544] {logging_mixin.py:115} INFO - Kabupaten Subang
[2024-01-31 13:57:14,544] {logging_mixin.py:115} INFO - 16
[2024-01-31 13:57:14,545] {logging_mixin.py:115} INFO - Kabupaten Sukabumi
[2024-01-31 13:57:14,545] {logging_mixin.py:115} INFO - 17
[2024-01-31 13:57:14,545] {logging_mixin.py:115} INFO - Kabupaten Sumedang
[2024-01-31 13:57:14,545] {logging_mixin.py:115} INFO - 18
[2024-01-31 13:57:14,545] {logging_mixin.py:115} INFO - Kabupaten Tasikmalaya
[2024-01-31 13:57:14,545] {logging_mixin.py:115} INFO - 19
[2024-01-31 13:57:14,546] {logging_mixin.py:115} INFO - Kota Bandung
[2024-01-31 13:57:14,546] {logging_mixin.py:115} INFO - 20
[2024-01-31 13:57:14,546] {logging_mixin.py:115} INFO - Kota Banjar
[2024-01-31 13:57:14,546] {logging_mixin.py:115} INFO - 21
[2024-01-31 13:57:14,546] {logging_mixin.py:115} INFO - Kota Bekasi
[2024-01-31 13:57:14,546] {logging_mixin.py:115} INFO - 22
[2024-01-31 13:57:14,547] {logging_mixin.py:115} INFO - Kota Bogor
[2024-01-31 13:57:14,547] {logging_mixin.py:115} INFO - 23
[2024-01-31 13:57:14,547] {logging_mixin.py:115} INFO - Kota Cimahi
[2024-01-31 13:57:14,547] {logging_mixin.py:115} INFO - 24
[2024-01-31 13:57:14,547] {logging_mixin.py:115} INFO - Kota Cirebon
[2024-01-31 13:57:14,547] {logging_mixin.py:115} INFO - 25
[2024-01-31 13:57:14,548] {logging_mixin.py:115} INFO - Kota Depok
[2024-01-31 13:57:14,548] {logging_mixin.py:115} INFO - 26
[2024-01-31 13:57:14,548] {logging_mixin.py:115} INFO - Kota Sukabumi
[2024-01-31 13:57:14,548] {logging_mixin.py:115} INFO - 27
[2024-01-31 13:57:14,548] {logging_mixin.py:115} INFO - Kota Tasikmalaya
[2024-01-31 13:57:14,548] {logging_mixin.py:115} INFO - 28
[2024-01-31 13:57:14,548] {logging_mixin.py:115} INFO - Kabupaten Bandung
[2024-01-31 13:57:14,549] {logging_mixin.py:115} INFO - 29
[2024-01-31 13:57:14,549] {logging_mixin.py:115} INFO - Kabupaten Bandung Barat
[2024-01-31 13:57:14,549] {logging_mixin.py:115} INFO - 30
[2024-01-31 13:57:14,549] {logging_mixin.py:115} INFO - Kabupaten Bekasi
[2024-01-31 13:57:14,549] {logging_mixin.py:115} INFO - 31
[2024-01-31 13:57:14,549] {logging_mixin.py:115} INFO - Kabupaten Bogor
[2024-01-31 13:57:14,550] {logging_mixin.py:115} INFO - 32
[2024-01-31 13:57:14,550] {logging_mixin.py:115} INFO - Kabupaten Ciamis
[2024-01-31 13:57:14,550] {logging_mixin.py:115} INFO - 33
[2024-01-31 13:57:14,550] {logging_mixin.py:115} INFO - Kabupaten Cianjur
[2024-01-31 13:57:14,550] {logging_mixin.py:115} INFO - 34
[2024-01-31 13:57:14,550] {logging_mixin.py:115} INFO - Kabupaten Cirebon
[2024-01-31 13:57:14,551] {logging_mixin.py:115} INFO - 35
[2024-01-31 13:57:14,551] {logging_mixin.py:115} INFO - Kabupaten Garut
[2024-01-31 13:57:14,551] {logging_mixin.py:115} INFO - 36
[2024-01-31 13:57:14,551] {logging_mixin.py:115} INFO - Kabupaten Indramayu
[2024-01-31 13:57:14,551] {logging_mixin.py:115} INFO - 37
[2024-01-31 13:57:14,551] {logging_mixin.py:115} INFO - Kabupaten Karawang
[2024-01-31 13:57:14,551] {logging_mixin.py:115} INFO - 38
[2024-01-31 13:57:14,552] {logging_mixin.py:115} INFO - Kabupaten Kuningan
[2024-01-31 13:57:14,552] {logging_mixin.py:115} INFO - 39
[2024-01-31 13:57:14,552] {logging_mixin.py:115} INFO - Kabupaten Majalengka
[2024-01-31 13:57:14,552] {logging_mixin.py:115} INFO - 40
[2024-01-31 13:57:14,552] {logging_mixin.py:115} INFO - Kabupaten Pangandaran
[2024-01-31 13:57:14,552] {logging_mixin.py:115} INFO - 41
[2024-01-31 13:57:14,552] {logging_mixin.py:115} INFO - Kabupaten Purwakarta
[2024-01-31 13:57:14,553] {logging_mixin.py:115} INFO - 42
[2024-01-31 13:57:14,553] {logging_mixin.py:115} INFO - Kabupaten Subang
[2024-01-31 13:57:14,553] {logging_mixin.py:115} INFO - 43
[2024-01-31 13:57:14,553] {logging_mixin.py:115} INFO - Kabupaten Sukabumi
[2024-01-31 13:57:14,553] {logging_mixin.py:115} INFO - 44
[2024-01-31 13:57:14,553] {logging_mixin.py:115} INFO - Kabupaten Sumedang
[2024-01-31 13:57:14,554] {logging_mixin.py:115} INFO - 45
[2024-01-31 13:57:14,554] {logging_mixin.py:115} INFO - Kabupaten Tasikmalaya
[2024-01-31 13:57:14,554] {logging_mixin.py:115} INFO - 46
[2024-01-31 13:57:14,554] {logging_mixin.py:115} INFO - Kota Bandung
[2024-01-31 13:57:14,555] {logging_mixin.py:115} INFO - 47
[2024-01-31 13:57:14,555] {logging_mixin.py:115} INFO - Kota Banjar
[2024-01-31 13:57:14,555] {logging_mixin.py:115} INFO - 48
[2024-01-31 13:57:14,555] {logging_mixin.py:115} INFO - Kota Bekasi
[2024-01-31 13:57:14,555] {logging_mixin.py:115} INFO - 49
[2024-01-31 13:57:14,555] {logging_mixin.py:115} INFO - Kota Bogor
[2024-01-31 13:57:14,556] {logging_mixin.py:115} INFO - 50
[2024-01-31 13:57:14,556] {logging_mixin.py:115} INFO - Kota Cimahi
[2024-01-31 13:57:14,556] {logging_mixin.py:115} INFO - 51
[2024-01-31 13:57:14,556] {logging_mixin.py:115} INFO - Kota Cirebon
[2024-01-31 13:57:14,556] {logging_mixin.py:115} INFO - 52
[2024-01-31 13:57:14,556] {logging_mixin.py:115} INFO - Kota Depok
[2024-01-31 13:57:14,557] {logging_mixin.py:115} INFO - 53
[2024-01-31 13:57:14,557] {logging_mixin.py:115} INFO - Kota Sukabumi
[2024-01-31 13:57:14,557] {logging_mixin.py:115} INFO - 54
[2024-01-31 13:57:14,557] {logging_mixin.py:115} INFO - Kota Tasikmalaya
[2024-01-31 13:57:14,557] {logging_mixin.py:115} INFO - 55
[2024-01-31 13:57:14,557] {logging_mixin.py:115} INFO - Kabupaten Bandung
[2024-01-31 13:57:14,558] {logging_mixin.py:115} INFO - 56
[2024-01-31 13:57:14,558] {logging_mixin.py:115} INFO - Kabupaten Bandung Barat
[2024-01-31 13:57:14,558] {logging_mixin.py:115} INFO - 57
[2024-01-31 13:57:14,558] {logging_mixin.py:115} INFO - Kabupaten Bekasi
[2024-01-31 13:57:14,558] {logging_mixin.py:115} INFO - 58
[2024-01-31 13:57:14,558] {logging_mixin.py:115} INFO - Kabupaten Bogor
[2024-01-31 13:57:14,558] {logging_mixin.py:115} INFO - 59
[2024-01-31 13:57:14,559] {logging_mixin.py:115} INFO - Kabupaten Ciamis
[2024-01-31 13:57:14,559] {logging_mixin.py:115} INFO - 60
[2024-01-31 13:57:14,559] {logging_mixin.py:115} INFO - Kabupaten Cianjur
[2024-01-31 13:57:14,559] {logging_mixin.py:115} INFO - 61
[2024-01-31 13:57:14,559] {logging_mixin.py:115} INFO - Kabupaten Cirebon
[2024-01-31 13:57:14,559] {logging_mixin.py:115} INFO - 62
[2024-01-31 13:57:14,560] {logging_mixin.py:115} INFO - Kabupaten Garut
[2024-01-31 13:57:14,560] {logging_mixin.py:115} INFO - 63
[2024-01-31 13:57:14,560] {logging_mixin.py:115} INFO - Kabupaten Indramayu
[2024-01-31 13:57:14,560] {logging_mixin.py:115} INFO - 64
[2024-01-31 13:57:14,560] {logging_mixin.py:115} INFO - Kabupaten Karawang
[2024-01-31 13:57:14,560] {logging_mixin.py:115} INFO - 65
[2024-01-31 13:57:14,560] {logging_mixin.py:115} INFO - Kabupaten Kuningan
[2024-01-31 13:57:14,561] {logging_mixin.py:115} INFO - 66
[2024-01-31 13:57:14,561] {logging_mixin.py:115} INFO - Kabupaten Majalengka
[2024-01-31 13:57:14,561] {logging_mixin.py:115} INFO - 67
[2024-01-31 13:57:14,561] {logging_mixin.py:115} INFO - Kabupaten Pangandaran
[2024-01-31 13:57:14,561] {logging_mixin.py:115} INFO - 68
[2024-01-31 13:57:14,561] {logging_mixin.py:115} INFO - Kabupaten Purwakarta
[2024-01-31 13:57:14,562] {logging_mixin.py:115} INFO - 69
[2024-01-31 13:57:14,562] {logging_mixin.py:115} INFO - Kabupaten Subang
[2024-01-31 13:57:14,562] {logging_mixin.py:115} INFO - 70
[2024-01-31 13:57:14,562] {logging_mixin.py:115} INFO - Kabupaten Sukabumi
[2024-01-31 13:57:14,562] {logging_mixin.py:115} INFO - 71
[2024-01-31 13:57:14,562] {logging_mixin.py:115} INFO - Kabupaten Sumedang
[2024-01-31 13:57:14,562] {logging_mixin.py:115} INFO - 72
[2024-01-31 13:57:14,563] {logging_mixin.py:115} INFO - Kabupaten Tasikmalaya
[2024-01-31 13:57:14,563] {logging_mixin.py:115} INFO - 73
[2024-01-31 13:57:14,563] {logging_mixin.py:115} INFO - Kota Bandung
[2024-01-31 13:57:14,563] {logging_mixin.py:115} INFO - 74
[2024-01-31 13:57:14,563] {logging_mixin.py:115} INFO - Kota Banjar
[2024-01-31 13:57:14,563] {logging_mixin.py:115} INFO - 75
[2024-01-31 13:57:14,564] {logging_mixin.py:115} INFO - Kota Bekasi
[2024-01-31 13:57:14,564] {logging_mixin.py:115} INFO - 76
[2024-01-31 13:57:14,564] {logging_mixin.py:115} INFO - Kota Bogor
[2024-01-31 13:57:14,564] {logging_mixin.py:115} INFO - 77
[2024-01-31 13:57:14,564] {logging_mixin.py:115} INFO - Kota Cimahi
[2024-01-31 13:57:14,564] {logging_mixin.py:115} INFO - 78
[2024-01-31 13:57:14,565] {logging_mixin.py:115} INFO - Kota Cirebon
[2024-01-31 13:57:14,565] {logging_mixin.py:115} INFO - 79
[2024-01-31 13:57:14,565] {logging_mixin.py:115} INFO - Kota Depok
[2024-01-31 13:57:14,565] {logging_mixin.py:115} INFO - 80
[2024-01-31 13:57:14,565] {logging_mixin.py:115} INFO - Kota Sukabumi
[2024-01-31 13:57:14,565] {logging_mixin.py:115} INFO - 81
[2024-01-31 13:57:14,566] {logging_mixin.py:115} INFO - Kota Tasikmalaya
[2024-01-31 13:57:14,566] {logging_mixin.py:115} INFO - 82
[2024-01-31 13:57:14,566] {logging_mixin.py:115} INFO - Kabupaten Bandung
[2024-01-31 13:57:14,566] {logging_mixin.py:115} INFO - 83
[2024-01-31 13:57:14,566] {logging_mixin.py:115} INFO - Kabupaten Bandung Barat
[2024-01-31 13:57:14,566] {logging_mixin.py:115} INFO - 84
[2024-01-31 13:57:14,566] {logging_mixin.py:115} INFO - Kabupaten Bekasi
[2024-01-31 13:57:14,567] {logging_mixin.py:115} INFO - 85
[2024-01-31 13:57:14,567] {logging_mixin.py:115} INFO - Kabupaten Bogor
[2024-01-31 13:57:14,567] {logging_mixin.py:115} INFO - 86
[2024-01-31 13:57:14,567] {logging_mixin.py:115} INFO - Kabupaten Ciamis
[2024-01-31 13:57:14,567] {logging_mixin.py:115} INFO - 87
[2024-01-31 13:57:14,567] {logging_mixin.py:115} INFO - Kabupaten Cianjur
[2024-01-31 13:57:14,567] {logging_mixin.py:115} INFO - 88
[2024-01-31 13:57:14,568] {logging_mixin.py:115} INFO - Kabupaten Cirebon
[2024-01-31 13:57:14,568] {logging_mixin.py:115} INFO - 89
[2024-01-31 13:57:14,568] {logging_mixin.py:115} INFO - Kabupaten Garut
[2024-01-31 13:57:14,568] {logging_mixin.py:115} INFO - 90
[2024-01-31 13:57:14,568] {logging_mixin.py:115} INFO - Kabupaten Indramayu
[2024-01-31 13:57:14,568] {logging_mixin.py:115} INFO - 91
[2024-01-31 13:57:14,569] {logging_mixin.py:115} INFO - Kabupaten Karawang
[2024-01-31 13:57:14,569] {logging_mixin.py:115} INFO - 92
[2024-01-31 13:57:14,569] {logging_mixin.py:115} INFO - Kabupaten Kuningan
[2024-01-31 13:57:14,569] {logging_mixin.py:115} INFO - 93
[2024-01-31 13:57:14,569] {logging_mixin.py:115} INFO - Kabupaten Majalengka
[2024-01-31 13:57:14,569] {logging_mixin.py:115} INFO - 94
[2024-01-31 13:57:14,569] {logging_mixin.py:115} INFO - Kabupaten Pangandaran
[2024-01-31 13:57:14,570] {logging_mixin.py:115} INFO - 95
[2024-01-31 13:57:14,570] {logging_mixin.py:115} INFO - Kabupaten Purwakarta
[2024-01-31 13:57:14,570] {logging_mixin.py:115} INFO - 96
[2024-01-31 13:57:14,570] {logging_mixin.py:115} INFO - Kabupaten Subang
[2024-01-31 13:57:14,570] {logging_mixin.py:115} INFO - 97
[2024-01-31 13:57:14,570] {logging_mixin.py:115} INFO - Kabupaten Sukabumi
[2024-01-31 13:57:14,571] {logging_mixin.py:115} INFO - 98
[2024-01-31 13:57:14,571] {logging_mixin.py:115} INFO - Kabupaten Sumedang
[2024-01-31 13:57:14,571] {logging_mixin.py:115} INFO - 99
[2024-01-31 13:57:14,571] {logging_mixin.py:115} INFO - Kabupaten Tasikmalaya
[2024-01-31 13:57:14,571] {logging_mixin.py:115} INFO - 100
[2024-01-31 13:57:14,571] {logging_mixin.py:115} INFO - Kota Bandung
[2024-01-31 13:57:14,571] {logging_mixin.py:115} INFO - 101
[2024-01-31 13:57:14,572] {logging_mixin.py:115} INFO - Kota Banjar
[2024-01-31 13:57:14,572] {logging_mixin.py:115} INFO - 102
[2024-01-31 13:57:14,572] {logging_mixin.py:115} INFO - Kota Bekasi
[2024-01-31 13:57:14,572] {logging_mixin.py:115} INFO - 103
[2024-01-31 13:57:14,572] {logging_mixin.py:115} INFO - Kota Bogor
[2024-01-31 13:57:14,572] {logging_mixin.py:115} INFO - 104
[2024-01-31 13:57:14,572] {logging_mixin.py:115} INFO - Kota Cimahi
[2024-01-31 13:57:14,573] {logging_mixin.py:115} INFO - 105
[2024-01-31 13:57:14,573] {logging_mixin.py:115} INFO - Kota Cirebon
[2024-01-31 13:57:14,573] {logging_mixin.py:115} INFO - 106
[2024-01-31 13:57:14,573] {logging_mixin.py:115} INFO - Kota Depok
[2024-01-31 13:57:14,573] {logging_mixin.py:115} INFO - 107
[2024-01-31 13:57:14,573] {logging_mixin.py:115} INFO - Kota Sukabumi
[2024-01-31 13:57:14,574] {logging_mixin.py:115} INFO - 108
[2024-01-31 13:57:14,574] {logging_mixin.py:115} INFO - Kota Tasikmalaya
[2024-01-31 13:57:14,574] {logging_mixin.py:115} INFO - 109
[2024-01-31 13:57:14,574] {logging_mixin.py:115} INFO - Kabupaten Bandung
[2024-01-31 13:57:14,574] {logging_mixin.py:115} INFO - 110
[2024-01-31 13:57:14,574] {logging_mixin.py:115} INFO - Kabupaten Bandung Barat
[2024-01-31 13:57:14,575] {logging_mixin.py:115} INFO - 111
[2024-01-31 13:57:14,575] {logging_mixin.py:115} INFO - Kabupaten Bekasi
[2024-01-31 13:57:14,575] {logging_mixin.py:115} INFO - 112
[2024-01-31 13:57:14,575] {logging_mixin.py:115} INFO - Kabupaten Bogor
[2024-01-31 13:57:14,575] {logging_mixin.py:115} INFO - 113
[2024-01-31 13:57:14,575] {logging_mixin.py:115} INFO - Kabupaten Ciamis
[2024-01-31 13:57:14,575] {logging_mixin.py:115} INFO - 114
[2024-01-31 13:57:14,576] {logging_mixin.py:115} INFO - Kabupaten Cianjur
[2024-01-31 13:57:14,576] {logging_mixin.py:115} INFO - 115
[2024-01-31 13:57:14,576] {logging_mixin.py:115} INFO - Kabupaten Cirebon
[2024-01-31 13:57:14,576] {logging_mixin.py:115} INFO - 116
[2024-01-31 13:57:14,576] {logging_mixin.py:115} INFO - Kabupaten Garut
[2024-01-31 13:57:14,576] {logging_mixin.py:115} INFO - 117
[2024-01-31 13:57:14,576] {logging_mixin.py:115} INFO - Kabupaten Indramayu
[2024-01-31 13:57:14,577] {logging_mixin.py:115} INFO - 118
[2024-01-31 13:57:14,577] {logging_mixin.py:115} INFO - Kabupaten Karawang
[2024-01-31 13:57:14,577] {logging_mixin.py:115} INFO - 119
[2024-01-31 13:57:14,577] {logging_mixin.py:115} INFO - Kabupaten Kuningan
[2024-01-31 13:57:14,577] {logging_mixin.py:115} INFO - 120
[2024-01-31 13:57:14,577] {logging_mixin.py:115} INFO - Kabupaten Majalengka
[2024-01-31 13:57:14,578] {logging_mixin.py:115} INFO - 121
[2024-01-31 13:57:14,578] {logging_mixin.py:115} INFO - Kabupaten Pangandaran
[2024-01-31 13:57:14,578] {logging_mixin.py:115} INFO - 122
[2024-01-31 13:57:14,578] {logging_mixin.py:115} INFO - Kabupaten Purwakarta
[2024-01-31 13:57:14,578] {logging_mixin.py:115} INFO - 123
[2024-01-31 13:57:14,578] {logging_mixin.py:115} INFO - Kabupaten Subang
[2024-01-31 13:57:14,578] {logging_mixin.py:115} INFO - 124
[2024-01-31 13:57:14,579] {logging_mixin.py:115} INFO - Kabupaten Sukabumi
[2024-01-31 13:57:14,579] {logging_mixin.py:115} INFO - 125
[2024-01-31 13:57:14,579] {logging_mixin.py:115} INFO - Kabupaten Sumedang
[2024-01-31 13:57:14,579] {logging_mixin.py:115} INFO - 126
[2024-01-31 13:57:14,579] {logging_mixin.py:115} INFO - Kabupaten Tasikmalaya
[2024-01-31 13:57:14,579] {logging_mixin.py:115} INFO - 127
[2024-01-31 13:57:14,580] {logging_mixin.py:115} INFO - Kota Bandung
[2024-01-31 13:57:14,580] {logging_mixin.py:115} INFO - 128
[2024-01-31 13:57:14,580] {logging_mixin.py:115} INFO - Kota Banjar
[2024-01-31 13:57:14,580] {logging_mixin.py:115} INFO - 129
[2024-01-31 13:57:14,580] {logging_mixin.py:115} INFO - Kota Bekasi
[2024-01-31 13:57:14,580] {logging_mixin.py:115} INFO - 130
[2024-01-31 13:57:14,580] {logging_mixin.py:115} INFO - Kota Bogor
[2024-01-31 13:57:14,581] {logging_mixin.py:115} INFO - 131
[2024-01-31 13:57:14,581] {logging_mixin.py:115} INFO - Kota Cimahi
[2024-01-31 13:57:14,581] {logging_mixin.py:115} INFO - 132
[2024-01-31 13:57:14,581] {logging_mixin.py:115} INFO - Kota Cirebon
[2024-01-31 13:57:14,581] {logging_mixin.py:115} INFO - 133
[2024-01-31 13:57:14,581] {logging_mixin.py:115} INFO - Kota Depok
[2024-01-31 13:57:14,581] {logging_mixin.py:115} INFO - 134
[2024-01-31 13:57:14,582] {logging_mixin.py:115} INFO - Kota Sukabumi
[2024-01-31 13:57:14,582] {logging_mixin.py:115} INFO - 135
[2024-01-31 13:57:14,582] {logging_mixin.py:115} INFO - Kota Tasikmalaya
[2024-01-31 13:57:14,582] {logging_mixin.py:115} INFO - 136
[2024-01-31 13:57:14,582] {logging_mixin.py:115} INFO - Kabupaten Bandung
[2024-01-31 13:57:14,582] {logging_mixin.py:115} INFO - 137
[2024-01-31 13:57:14,583] {logging_mixin.py:115} INFO - Kabupaten Bandung Barat
[2024-01-31 13:57:14,583] {logging_mixin.py:115} INFO - 138
[2024-01-31 13:57:14,583] {logging_mixin.py:115} INFO - Kabupaten Bekasi
[2024-01-31 13:57:14,583] {logging_mixin.py:115} INFO - 139
[2024-01-31 13:57:14,583] {logging_mixin.py:115} INFO - Kabupaten Bogor
[2024-01-31 13:57:14,583] {logging_mixin.py:115} INFO - 140
[2024-01-31 13:57:14,583] {logging_mixin.py:115} INFO - Kabupaten Ciamis
[2024-01-31 13:57:14,584] {logging_mixin.py:115} INFO - 141
[2024-01-31 13:57:14,584] {logging_mixin.py:115} INFO - Kabupaten Cianjur
[2024-01-31 13:57:14,584] {logging_mixin.py:115} INFO - 142
[2024-01-31 13:57:14,584] {logging_mixin.py:115} INFO - Kabupaten Cirebon
[2024-01-31 13:57:14,584] {logging_mixin.py:115} INFO - 143
[2024-01-31 13:57:14,584] {logging_mixin.py:115} INFO - Kabupaten Garut
[2024-01-31 13:57:14,584] {logging_mixin.py:115} INFO - 144
[2024-01-31 13:57:14,585] {logging_mixin.py:115} INFO - Kabupaten Indramayu
[2024-01-31 13:57:14,585] {logging_mixin.py:115} INFO - 145
[2024-01-31 13:57:14,585] {logging_mixin.py:115} INFO - Kabupaten Karawang
[2024-01-31 13:57:14,585] {python.py:173} INFO - Done. Returned value was: None
[2024-01-31 13:57:14,596] {taskinstance.py:1400} INFO - Marking task as SUCCESS. dag_id=etl_postgresql, task_id=aggregate_dim_table, execution_date=20240131T135145, start_date=20240131T135708, end_date=20240131T135714
[2024-01-31 13:57:14,618] {local_task_job.py:156} INFO - Task exited with return code 0
[2024-01-31 13:57:14,639] {local_task_job.py:273} INFO - 1 downstream tasks scheduled from follow-on schedule check
