[2024-01-31 13:52:01,835] {taskinstance.py:1159} INFO - Dependencies all met for <TaskInstance: etl_postgresql.aggregate_dim_table manual__2024-01-31T13:51:45.502069+00:00 [queued]>
[2024-01-31 13:52:01,841] {taskinstance.py:1159} INFO - Dependencies all met for <TaskInstance: etl_postgresql.aggregate_dim_table manual__2024-01-31T13:51:45.502069+00:00 [queued]>
[2024-01-31 13:52:01,842] {taskinstance.py:1356} INFO - 
--------------------------------------------------------------------------------
[2024-01-31 13:52:01,842] {taskinstance.py:1357} INFO - Starting attempt 1 of 2
[2024-01-31 13:52:01,842] {taskinstance.py:1358} INFO - 
--------------------------------------------------------------------------------
[2024-01-31 13:52:01,850] {taskinstance.py:1377} INFO - Executing <Task(PythonOperator): aggregate_dim_table> on 2024-01-31 13:51:45.502069+00:00
[2024-01-31 13:52:01,854] {standard_task_runner.py:52} INFO - Started process 7022 to run task
[2024-01-31 13:52:01,856] {standard_task_runner.py:79} INFO - Running: ['***', 'tasks', 'run', 'etl_postgresql', 'aggregate_dim_table', 'manual__2024-01-31T13:51:45.502069+00:00', '--job-id', '143', '--raw', '--subdir', 'DAGS_FOLDER/etl_dag.py', '--cfg-path', '/tmp/tmpemosg1yh', '--error-file', '/tmp/tmp6ze9lyuu']
[2024-01-31 13:52:01,857] {standard_task_runner.py:80} INFO - Job 143: Subtask aggregate_dim_table
[2024-01-31 13:52:01,894] {task_command.py:369} INFO - Running <TaskInstance: etl_postgresql.aggregate_dim_table manual__2024-01-31T13:51:45.502069+00:00 [running]> on host d99f9e65d396
[2024-01-31 13:52:01,942] {taskinstance.py:1571} INFO - Exporting the following env vars:
AIRFLOW_CTX_DAG_OWNER=***
AIRFLOW_CTX_DAG_ID=etl_postgresql
AIRFLOW_CTX_TASK_ID=aggregate_dim_table
AIRFLOW_CTX_EXECUTION_DATE=2024-01-31T13:51:45.502069+00:00
AIRFLOW_CTX_TRY_NUMBER=1
AIRFLOW_CTX_DAG_RUN_ID=manual__2024-01-31T13:51:45.502069+00:00
[2024-01-31 13:52:04,873] {logging_mixin.py:115} INFO - Successfully install sqlalchemy
[2024-01-31 13:52:07,857] {logging_mixin.py:115} INFO - Successfully install pymysql
[2024-01-31 13:52:07,921] {logging_mixin.py:115} INFO - 1
[2024-01-31 13:52:07,921] {taskinstance.py:1889} ERROR - Task failed with exception
Traceback (most recent call last):
  File "/home/airflow/.local/lib/python3.7/site-packages/airflow/operators/python.py", line 171, in execute
    return_value = self.execute_callable()
  File "/home/airflow/.local/lib/python3.7/site-packages/airflow/operators/python.py", line 189, in execute_callable
    return self.python_callable(*self.op_args, **self.op_kwargs)
  File "/opt/airflow/dags/etl_dag.py", line 201, in _aggregate_dim_table
    print(row.nama_kab)
AttributeError: 'StagingData' object has no attribute 'nama_kab'
[2024-01-31 13:52:07,929] {taskinstance.py:1400} INFO - Marking task as UP_FOR_RETRY. dag_id=etl_postgresql, task_id=aggregate_dim_table, execution_date=20240131T135145, start_date=20240131T135201, end_date=20240131T135207
[2024-01-31 13:52:07,937] {standard_task_runner.py:97} ERROR - Failed to execute job 143 for task aggregate_dim_table ('StagingData' object has no attribute 'nama_kab'; 7022)
[2024-01-31 13:52:07,957] {local_task_job.py:156} INFO - Task exited with return code 1
[2024-01-31 13:52:07,983] {local_task_job.py:273} INFO - 0 downstream tasks scheduled from follow-on schedule check
