[2024-01-31 14:48:40,972] {taskinstance.py:1159} INFO - Dependencies all met for <TaskInstance: etl_postgresql.get_data_covid manual__2024-01-31T14:48:38.989543+00:00 [queued]>
[2024-01-31 14:48:40,980] {taskinstance.py:1159} INFO - Dependencies all met for <TaskInstance: etl_postgresql.get_data_covid manual__2024-01-31T14:48:38.989543+00:00 [queued]>
[2024-01-31 14:48:40,980] {taskinstance.py:1356} INFO - 
--------------------------------------------------------------------------------
[2024-01-31 14:48:40,980] {taskinstance.py:1357} INFO - Starting attempt 1 of 2
[2024-01-31 14:48:40,980] {taskinstance.py:1358} INFO - 
--------------------------------------------------------------------------------
[2024-01-31 14:48:40,990] {taskinstance.py:1377} INFO - Executing <Task(PythonOperator): get_data_covid> on 2024-01-31 14:48:38.989543+00:00
[2024-01-31 14:48:40,994] {standard_task_runner.py:52} INFO - Started process 8334 to run task
[2024-01-31 14:48:40,997] {standard_task_runner.py:79} INFO - Running: ['***', 'tasks', 'run', 'etl_postgresql', 'get_data_covid', 'manual__2024-01-31T14:48:38.989543+00:00', '--job-id', '161', '--raw', '--subdir', 'DAGS_FOLDER/etl_dag.py', '--cfg-path', '/tmp/tmpgd9yncpd', '--error-file', '/tmp/tmp914cgtzc']
[2024-01-31 14:48:40,998] {standard_task_runner.py:80} INFO - Job 161: Subtask get_data_covid
[2024-01-31 14:48:41,039] {task_command.py:369} INFO - Running <TaskInstance: etl_postgresql.get_data_covid manual__2024-01-31T14:48:38.989543+00:00 [running]> on host d99f9e65d396
[2024-01-31 14:48:41,093] {taskinstance.py:1571} INFO - Exporting the following env vars:
AIRFLOW_CTX_DAG_OWNER=***
AIRFLOW_CTX_DAG_ID=etl_postgresql
AIRFLOW_CTX_TASK_ID=get_data_covid
AIRFLOW_CTX_EXECUTION_DATE=2024-01-31T14:48:38.989543+00:00
AIRFLOW_CTX_TRY_NUMBER=1
AIRFLOW_CTX_DAG_RUN_ID=manual__2024-01-31T14:48:38.989543+00:00
[2024-01-31 14:48:43,987] {logging_mixin.py:115} INFO - Successfully install requests
[2024-01-31 14:48:44,053] {python.py:173} INFO - Done. Returned value was: get_data_covid
[2024-01-31 14:48:44,069] {taskinstance.py:1400} INFO - Marking task as SUCCESS. dag_id=etl_postgresql, task_id=get_data_covid, execution_date=20240131T144838, start_date=20240131T144840, end_date=20240131T144844
[2024-01-31 14:48:44,099] {local_task_job.py:156} INFO - Task exited with return code 0
[2024-01-31 14:48:44,127] {local_task_job.py:273} INFO - 1 downstream tasks scheduled from follow-on schedule check
