[2024-01-31 15:28:57,405] {taskinstance.py:1159} INFO - Dependencies all met for <TaskInstance: etl_postgresql.import_file_to_mysql manual__2024-01-31T15:28:52.259818+00:00 [queued]>
[2024-01-31 15:28:57,417] {taskinstance.py:1159} INFO - Dependencies all met for <TaskInstance: etl_postgresql.import_file_to_mysql manual__2024-01-31T15:28:52.259818+00:00 [queued]>
[2024-01-31 15:28:57,417] {taskinstance.py:1356} INFO - 
--------------------------------------------------------------------------------
[2024-01-31 15:28:57,417] {taskinstance.py:1357} INFO - Starting attempt 1 of 2
[2024-01-31 15:28:57,418] {taskinstance.py:1358} INFO - 
--------------------------------------------------------------------------------
[2024-01-31 15:28:57,428] {taskinstance.py:1377} INFO - Executing <Task(PythonOperator): import_file_to_mysql> on 2024-01-31 15:28:52.259818+00:00
[2024-01-31 15:28:57,432] {standard_task_runner.py:52} INFO - Started process 9994 to run task
[2024-01-31 15:28:57,435] {standard_task_runner.py:79} INFO - Running: ['***', 'tasks', 'run', 'etl_postgresql', 'import_file_to_mysql', 'manual__2024-01-31T15:28:52.259818+00:00', '--job-id', '190', '--raw', '--subdir', 'DAGS_FOLDER/etl_dag.py', '--cfg-path', '/tmp/tmpnvkuafoq', '--error-file', '/tmp/tmpvek7azxw']
[2024-01-31 15:28:57,436] {standard_task_runner.py:80} INFO - Job 190: Subtask import_file_to_mysql
[2024-01-31 15:28:57,478] {task_command.py:369} INFO - Running <TaskInstance: etl_postgresql.import_file_to_mysql manual__2024-01-31T15:28:52.259818+00:00 [running]> on host d99f9e65d396
[2024-01-31 15:28:57,529] {taskinstance.py:1571} INFO - Exporting the following env vars:
AIRFLOW_CTX_DAG_OWNER=***
AIRFLOW_CTX_DAG_ID=etl_postgresql
AIRFLOW_CTX_TASK_ID=import_file_to_mysql
AIRFLOW_CTX_EXECUTION_DATE=2024-01-31T15:28:52.259818+00:00
AIRFLOW_CTX_TRY_NUMBER=1
AIRFLOW_CTX_DAG_RUN_ID=manual__2024-01-31T15:28:52.259818+00:00
[2024-01-31 15:28:58,282] {logging_mixin.py:115} INFO - Error install json
[2024-01-31 15:29:01,107] {logging_mixin.py:115} INFO - Successfully install pandas
[2024-01-31 15:29:03,933] {logging_mixin.py:115} INFO - Successfully install pymysql
[2024-01-31 15:29:07,378] {logging_mixin.py:115} INFO - Successfully install sqlalchemy
[2024-01-31 15:29:10,248] {logging_mixin.py:115} INFO - Successfully install pymysql
[2024-01-31 15:29:10,359] {python.py:173} INFO - Done. Returned value was: import to mysql
[2024-01-31 15:29:10,378] {taskinstance.py:1400} INFO - Marking task as SUCCESS. dag_id=etl_postgresql, task_id=import_file_to_mysql, execution_date=20240131T152852, start_date=20240131T152857, end_date=20240131T152910
[2024-01-31 15:29:10,396] {local_task_job.py:156} INFO - Task exited with return code 0
[2024-01-31 15:29:10,420] {local_task_job.py:273} INFO - 1 downstream tasks scheduled from follow-on schedule check
