[2024-01-31 13:41:14,501] {taskinstance.py:1159} INFO - Dependencies all met for <TaskInstance: etl_postgresql.import_file_to_mysql manual__2024-01-31T13:41:09.078541+00:00 [queued]>
[2024-01-31 13:41:14,507] {taskinstance.py:1159} INFO - Dependencies all met for <TaskInstance: etl_postgresql.import_file_to_mysql manual__2024-01-31T13:41:09.078541+00:00 [queued]>
[2024-01-31 13:41:14,508] {taskinstance.py:1356} INFO - 
--------------------------------------------------------------------------------
[2024-01-31 13:41:14,508] {taskinstance.py:1357} INFO - Starting attempt 1 of 2
[2024-01-31 13:41:14,508] {taskinstance.py:1358} INFO - 
--------------------------------------------------------------------------------
[2024-01-31 13:41:14,516] {taskinstance.py:1377} INFO - Executing <Task(PythonOperator): import_file_to_mysql> on 2024-01-31 13:41:09.078541+00:00
[2024-01-31 13:41:14,520] {standard_task_runner.py:52} INFO - Started process 6583 to run task
[2024-01-31 13:41:14,522] {standard_task_runner.py:79} INFO - Running: ['***', 'tasks', 'run', 'etl_postgresql', 'import_file_to_mysql', 'manual__2024-01-31T13:41:09.078541+00:00', '--job-id', '128', '--raw', '--subdir', 'DAGS_FOLDER/etl_dag.py', '--cfg-path', '/tmp/tmp_5l0qgz2', '--error-file', '/tmp/tmpuwv1i8bc']
[2024-01-31 13:41:14,523] {standard_task_runner.py:80} INFO - Job 128: Subtask import_file_to_mysql
[2024-01-31 13:41:14,558] {task_command.py:369} INFO - Running <TaskInstance: etl_postgresql.import_file_to_mysql manual__2024-01-31T13:41:09.078541+00:00 [running]> on host d99f9e65d396
[2024-01-31 13:41:14,604] {taskinstance.py:1571} INFO - Exporting the following env vars:
AIRFLOW_CTX_DAG_OWNER=***
AIRFLOW_CTX_DAG_ID=etl_postgresql
AIRFLOW_CTX_TASK_ID=import_file_to_mysql
AIRFLOW_CTX_EXECUTION_DATE=2024-01-31T13:41:09.078541+00:00
AIRFLOW_CTX_TRY_NUMBER=1
AIRFLOW_CTX_DAG_RUN_ID=manual__2024-01-31T13:41:09.078541+00:00
[2024-01-31 13:41:15,019] {logging_mixin.py:115} INFO - Error install json
[2024-01-31 13:41:17,900] {logging_mixin.py:115} INFO - Successfully install pandas
[2024-01-31 13:41:20,828] {logging_mixin.py:115} INFO - Successfully install pymysql
[2024-01-31 13:41:21,255] {python.py:173} INFO - Done. Returned value was: import to mysql
[2024-01-31 13:41:21,275] {taskinstance.py:1400} INFO - Marking task as SUCCESS. dag_id=etl_postgresql, task_id=import_file_to_mysql, execution_date=20240131T134109, start_date=20240131T134114, end_date=20240131T134121
[2024-01-31 13:41:21,329] {local_task_job.py:156} INFO - Task exited with return code 0
[2024-01-31 13:41:21,354] {local_task_job.py:273} INFO - 1 downstream tasks scheduled from follow-on schedule check
