[2024-02-02 04:05:10,365] {taskinstance.py:1159} INFO - Dependencies all met for <TaskInstance: etl_postgresql.aggregate_province_yearly manual__2024-02-02T04:04:42.454291+00:00 [queued]>
[2024-02-02 04:05:10,371] {taskinstance.py:1159} INFO - Dependencies all met for <TaskInstance: etl_postgresql.aggregate_province_yearly manual__2024-02-02T04:04:42.454291+00:00 [queued]>
[2024-02-02 04:05:10,371] {taskinstance.py:1356} INFO - 
--------------------------------------------------------------------------------
[2024-02-02 04:05:10,371] {taskinstance.py:1357} INFO - Starting attempt 1 of 2
[2024-02-02 04:05:10,371] {taskinstance.py:1358} INFO - 
--------------------------------------------------------------------------------
[2024-02-02 04:05:10,379] {taskinstance.py:1377} INFO - Executing <Task(PythonOperator): aggregate_province_yearly> on 2024-02-02 04:04:42.454291+00:00
[2024-02-02 04:05:10,382] {standard_task_runner.py:52} INFO - Started process 577 to run task
[2024-02-02 04:05:10,384] {standard_task_runner.py:79} INFO - Running: ['***', 'tasks', 'run', 'etl_postgresql', 'aggregate_province_yearly', 'manual__2024-02-02T04:04:42.454291+00:00', '--job-id', '307', '--raw', '--subdir', 'DAGS_FOLDER/etl_dag.py', '--cfg-path', '/tmp/tmpok37_bup', '--error-file', '/tmp/tmpocy4tsos']
[2024-02-02 04:05:10,385] {standard_task_runner.py:80} INFO - Job 307: Subtask aggregate_province_yearly
[2024-02-02 04:05:10,419] {task_command.py:369} INFO - Running <TaskInstance: etl_postgresql.aggregate_province_yearly manual__2024-02-02T04:04:42.454291+00:00 [running]> on host c3bb523480bf
[2024-02-02 04:05:10,466] {taskinstance.py:1571} INFO - Exporting the following env vars:
AIRFLOW_CTX_DAG_OWNER=***
AIRFLOW_CTX_DAG_ID=etl_postgresql
AIRFLOW_CTX_TASK_ID=aggregate_province_yearly
AIRFLOW_CTX_EXECUTION_DATE=2024-02-02T04:04:42.454291+00:00
AIRFLOW_CTX_TRY_NUMBER=1
AIRFLOW_CTX_DAG_RUN_ID=manual__2024-02-02T04:04:42.454291+00:00
[2024-02-02 04:05:12,875] {logging_mixin.py:115} INFO - Successfully install pandas
[2024-02-02 04:05:15,584] {logging_mixin.py:115} INFO - Successfully install sqlalchemy
[2024-02-02 04:05:18,079] {logging_mixin.py:115} INFO - Successfully install pymysql
[2024-02-02 04:05:20,522] {logging_mixin.py:115} INFO - Successfully install sqlalchemy
[2024-02-02 04:05:20,613] {python.py:173} INFO - Done. Returned value was: aggregate_province_yearly
[2024-02-02 04:05:20,632] {taskinstance.py:1400} INFO - Marking task as SUCCESS. dag_id=etl_postgresql, task_id=aggregate_province_yearly, execution_date=20240202T040442, start_date=20240202T040510, end_date=20240202T040520
[2024-02-02 04:05:20,674] {local_task_job.py:156} INFO - Task exited with return code 0
[2024-02-02 04:05:20,693] {local_task_job.py:273} INFO - 0 downstream tasks scheduled from follow-on schedule check
