[2024-02-02 11:16:50,525] {taskinstance.py:1159} INFO - Dependencies all met for <TaskInstance: etl_postgresql.create_ddl_postgres manual__2024-02-02T11:16:34.086943+00:00 [queued]>
[2024-02-02 11:16:50,531] {taskinstance.py:1159} INFO - Dependencies all met for <TaskInstance: etl_postgresql.create_ddl_postgres manual__2024-02-02T11:16:34.086943+00:00 [queued]>
[2024-02-02 11:16:50,532] {taskinstance.py:1356} INFO - 
--------------------------------------------------------------------------------
[2024-02-02 11:16:50,532] {taskinstance.py:1357} INFO - Starting attempt 1 of 2
[2024-02-02 11:16:50,532] {taskinstance.py:1358} INFO - 
--------------------------------------------------------------------------------
[2024-02-02 11:16:50,541] {taskinstance.py:1377} INFO - Executing <Task(PythonOperator): create_ddl_postgres> on 2024-02-02 11:16:34.086943+00:00
[2024-02-02 11:16:50,544] {standard_task_runner.py:52} INFO - Started process 11499 to run task
[2024-02-02 11:16:50,547] {standard_task_runner.py:79} INFO - Running: ['***', 'tasks', 'run', 'etl_postgresql', 'create_ddl_postgres', 'manual__2024-02-02T11:16:34.086943+00:00', '--job-id', '358', '--raw', '--subdir', 'DAGS_FOLDER/etl_dag.py', '--cfg-path', '/tmp/tmp91tz_q03', '--error-file', '/tmp/tmp_favzh__']
[2024-02-02 11:16:50,548] {standard_task_runner.py:80} INFO - Job 358: Subtask create_ddl_postgres
[2024-02-02 11:16:50,583] {task_command.py:369} INFO - Running <TaskInstance: etl_postgresql.create_ddl_postgres manual__2024-02-02T11:16:34.086943+00:00 [running]> on host c3bb523480bf
[2024-02-02 11:16:50,630] {taskinstance.py:1571} INFO - Exporting the following env vars:
AIRFLOW_CTX_DAG_OWNER=***
AIRFLOW_CTX_DAG_ID=etl_postgresql
AIRFLOW_CTX_TASK_ID=create_ddl_postgres
AIRFLOW_CTX_EXECUTION_DATE=2024-02-02T11:16:34.086943+00:00
AIRFLOW_CTX_TRY_NUMBER=1
AIRFLOW_CTX_DAG_RUN_ID=manual__2024-02-02T11:16:34.086943+00:00
[2024-02-02 11:16:53,518] {logging_mixin.py:115} INFO - Successfully install sqlalchemy
[2024-02-02 11:16:56,409] {logging_mixin.py:115} INFO - Successfully install sqlalchemy
[2024-02-02 11:16:56,472] {logging_mixin.py:115} INFO - success migrate table
[2024-02-02 11:16:56,472] {python.py:173} INFO - Done. Returned value was: None
[2024-02-02 11:16:56,482] {taskinstance.py:1400} INFO - Marking task as SUCCESS. dag_id=etl_postgresql, task_id=create_ddl_postgres, execution_date=20240202T111634, start_date=20240202T111650, end_date=20240202T111656
[2024-02-02 11:16:56,494] {local_task_job.py:156} INFO - Task exited with return code 0
[2024-02-02 11:16:56,519] {local_task_job.py:273} INFO - 1 downstream tasks scheduled from follow-on schedule check
