[2024-02-02 04:16:55,615] {taskinstance.py:1159} INFO - Dependencies all met for <TaskInstance: etl_postgresql.aggregate_dim_table manual__2024-02-02T04:16:36.778282+00:00 [queued]>
[2024-02-02 04:16:55,620] {taskinstance.py:1159} INFO - Dependencies all met for <TaskInstance: etl_postgresql.aggregate_dim_table manual__2024-02-02T04:16:36.778282+00:00 [queued]>
[2024-02-02 04:16:55,620] {taskinstance.py:1356} INFO - 
--------------------------------------------------------------------------------
[2024-02-02 04:16:55,621] {taskinstance.py:1357} INFO - Starting attempt 1 of 2
[2024-02-02 04:16:55,621] {taskinstance.py:1358} INFO - 
--------------------------------------------------------------------------------
[2024-02-02 04:16:55,627] {taskinstance.py:1377} INFO - Executing <Task(PythonOperator): aggregate_dim_table> on 2024-02-02 04:16:36.778282+00:00
[2024-02-02 04:16:55,630] {standard_task_runner.py:52} INFO - Started process 1173 to run task
[2024-02-02 04:16:55,632] {standard_task_runner.py:79} INFO - Running: ['***', 'tasks', 'run', 'etl_postgresql', 'aggregate_dim_table', 'manual__2024-02-02T04:16:36.778282+00:00', '--job-id', '322', '--raw', '--subdir', 'DAGS_FOLDER/etl_dag.py', '--cfg-path', '/tmp/tmp8gyd0ucd', '--error-file', '/tmp/tmp0svvota8']
[2024-02-02 04:16:55,633] {standard_task_runner.py:80} INFO - Job 322: Subtask aggregate_dim_table
[2024-02-02 04:16:55,662] {task_command.py:369} INFO - Running <TaskInstance: etl_postgresql.aggregate_dim_table manual__2024-02-02T04:16:36.778282+00:00 [running]> on host c3bb523480bf
[2024-02-02 04:16:55,703] {taskinstance.py:1571} INFO - Exporting the following env vars:
AIRFLOW_CTX_DAG_OWNER=***
AIRFLOW_CTX_DAG_ID=etl_postgresql
AIRFLOW_CTX_TASK_ID=aggregate_dim_table
AIRFLOW_CTX_EXECUTION_DATE=2024-02-02T04:16:36.778282+00:00
AIRFLOW_CTX_TRY_NUMBER=1
AIRFLOW_CTX_DAG_RUN_ID=manual__2024-02-02T04:16:36.778282+00:00
[2024-02-02 04:16:57,966] {logging_mixin.py:115} INFO - Successfully install sqlalchemy
[2024-02-02 04:17:00,157] {logging_mixin.py:115} INFO - Successfully install sqlalchemy
[2024-02-02 04:17:02,375] {logging_mixin.py:115} INFO - Successfully install pymysql
[2024-02-02 04:17:04,695] {logging_mixin.py:115} INFO - Successfully install sqlalchemy
[2024-02-02 04:17:04,751] {python.py:173} INFO - Done. Returned value was: insert dim table
[2024-02-02 04:17:04,766] {taskinstance.py:1400} INFO - Marking task as SUCCESS. dag_id=etl_postgresql, task_id=aggregate_dim_table, execution_date=20240202T041636, start_date=20240202T041655, end_date=20240202T041704
[2024-02-02 04:17:04,786] {local_task_job.py:156} INFO - Task exited with return code 0
[2024-02-02 04:17:04,807] {local_task_job.py:273} INFO - 5 downstream tasks scheduled from follow-on schedule check
