[2024-01-31 15:07:41,589] {taskinstance.py:1159} INFO - Dependencies all met for <TaskInstance: etl_postgresql.aggregate_dim_table manual__2024-01-31T15:07:16.557152+00:00 [queued]>
[2024-01-31 15:07:41,596] {taskinstance.py:1159} INFO - Dependencies all met for <TaskInstance: etl_postgresql.aggregate_dim_table manual__2024-01-31T15:07:16.557152+00:00 [queued]>
[2024-01-31 15:07:41,596] {taskinstance.py:1356} INFO - 
--------------------------------------------------------------------------------
[2024-01-31 15:07:41,596] {taskinstance.py:1357} INFO - Starting attempt 1 of 2
[2024-01-31 15:07:41,596] {taskinstance.py:1358} INFO - 
--------------------------------------------------------------------------------
[2024-01-31 15:07:41,605] {taskinstance.py:1377} INFO - Executing <Task(PythonOperator): aggregate_dim_table> on 2024-01-31 15:07:16.557152+00:00
[2024-01-31 15:07:41,608] {standard_task_runner.py:52} INFO - Started process 9173 to run task
[2024-01-31 15:07:41,611] {standard_task_runner.py:79} INFO - Running: ['***', 'tasks', 'run', 'etl_postgresql', 'aggregate_dim_table', 'manual__2024-01-31T15:07:16.557152+00:00', '--job-id', '176', '--raw', '--subdir', 'DAGS_FOLDER/etl_dag.py', '--cfg-path', '/tmp/tmpsyeu7qv8', '--error-file', '/tmp/tmpbkbbtr04']
[2024-01-31 15:07:41,612] {standard_task_runner.py:80} INFO - Job 176: Subtask aggregate_dim_table
[2024-01-31 15:07:41,647] {task_command.py:369} INFO - Running <TaskInstance: etl_postgresql.aggregate_dim_table manual__2024-01-31T15:07:16.557152+00:00 [running]> on host d99f9e65d396
[2024-01-31 15:07:41,693] {taskinstance.py:1571} INFO - Exporting the following env vars:
AIRFLOW_CTX_DAG_OWNER=***
AIRFLOW_CTX_DAG_ID=etl_postgresql
AIRFLOW_CTX_TASK_ID=aggregate_dim_table
AIRFLOW_CTX_EXECUTION_DATE=2024-01-31T15:07:16.557152+00:00
AIRFLOW_CTX_TRY_NUMBER=1
AIRFLOW_CTX_DAG_RUN_ID=manual__2024-01-31T15:07:16.557152+00:00
[2024-01-31 15:07:44,525] {logging_mixin.py:115} INFO - Successfully install sqlalchemy
[2024-01-31 15:07:47,350] {logging_mixin.py:115} INFO - Successfully install sqlalchemy
[2024-01-31 15:07:50,182] {logging_mixin.py:115} INFO - Successfully install pymysql
[2024-01-31 15:07:53,056] {logging_mixin.py:115} INFO - Successfully install sqlalchemy
[2024-01-31 15:07:53,093] {logging_mixin.py:115} INFO - An error occurred: Class 'sqlalchemy.orm.decl_api.DeclarativeMeta' is not mapped; was a class (unusual_prefix_52d2187e6adbc9e546561e4e4242209b40716252_etl_dag.Province) supplied where an instance was required?
[2024-01-31 15:07:53,093] {python.py:173} INFO - Done. Returned value was: end
[2024-01-31 15:07:53,112] {taskinstance.py:1400} INFO - Marking task as SUCCESS. dag_id=etl_postgresql, task_id=aggregate_dim_table, execution_date=20240131T150716, start_date=20240131T150741, end_date=20240131T150753
[2024-01-31 15:07:53,148] {local_task_job.py:156} INFO - Task exited with return code 0
[2024-01-31 15:07:53,168] {local_task_job.py:273} INFO - 1 downstream tasks scheduled from follow-on schedule check
