[2024-01-31 15:33:50,552] {taskinstance.py:1159} INFO - Dependencies all met for <TaskInstance: etl_postgresql.import_file_to_mysql manual__2024-01-31T15:33:44.905779+00:00 [queued]>
[2024-01-31 15:33:50,558] {taskinstance.py:1159} INFO - Dependencies all met for <TaskInstance: etl_postgresql.import_file_to_mysql manual__2024-01-31T15:33:44.905779+00:00 [queued]>
[2024-01-31 15:33:50,558] {taskinstance.py:1356} INFO - 
--------------------------------------------------------------------------------
[2024-01-31 15:33:50,558] {taskinstance.py:1357} INFO - Starting attempt 1 of 2
[2024-01-31 15:33:50,558] {taskinstance.py:1358} INFO - 
--------------------------------------------------------------------------------
[2024-01-31 15:33:50,567] {taskinstance.py:1377} INFO - Executing <Task(PythonOperator): import_file_to_mysql> on 2024-01-31 15:33:44.905779+00:00
[2024-01-31 15:33:50,570] {standard_task_runner.py:52} INFO - Started process 10332 to run task
[2024-01-31 15:33:50,573] {standard_task_runner.py:79} INFO - Running: ['***', 'tasks', 'run', 'etl_postgresql', 'import_file_to_mysql', 'manual__2024-01-31T15:33:44.905779+00:00', '--job-id', '198', '--raw', '--subdir', 'DAGS_FOLDER/etl_dag.py', '--cfg-path', '/tmp/tmphry6x94q', '--error-file', '/tmp/tmpp03byyur']
[2024-01-31 15:33:50,574] {standard_task_runner.py:80} INFO - Job 198: Subtask import_file_to_mysql
[2024-01-31 15:33:50,608] {task_command.py:369} INFO - Running <TaskInstance: etl_postgresql.import_file_to_mysql manual__2024-01-31T15:33:44.905779+00:00 [running]> on host d99f9e65d396
[2024-01-31 15:33:50,654] {taskinstance.py:1571} INFO - Exporting the following env vars:
AIRFLOW_CTX_DAG_OWNER=***
AIRFLOW_CTX_DAG_ID=etl_postgresql
AIRFLOW_CTX_TASK_ID=import_file_to_mysql
AIRFLOW_CTX_EXECUTION_DATE=2024-01-31T15:33:44.905779+00:00
AIRFLOW_CTX_TRY_NUMBER=1
AIRFLOW_CTX_DAG_RUN_ID=manual__2024-01-31T15:33:44.905779+00:00
[2024-01-31 15:33:51,356] {logging_mixin.py:115} INFO - Error install json
[2024-01-31 15:33:54,182] {logging_mixin.py:115} INFO - Successfully install pandas
[2024-01-31 15:33:57,068] {logging_mixin.py:115} INFO - Successfully install pymysql
[2024-01-31 15:34:00,368] {logging_mixin.py:115} INFO - Successfully install sqlalchemy
[2024-01-31 15:34:03,205] {logging_mixin.py:115} INFO - Successfully install pymysql
[2024-01-31 15:34:03,341] {python.py:173} INFO - Done. Returned value was: import to mysql
[2024-01-31 15:34:03,360] {taskinstance.py:1400} INFO - Marking task as SUCCESS. dag_id=etl_postgresql, task_id=import_file_to_mysql, execution_date=20240131T153344, start_date=20240131T153350, end_date=20240131T153403
[2024-01-31 15:34:03,413] {local_task_job.py:156} INFO - Task exited with return code 0
[2024-01-31 15:34:03,438] {local_task_job.py:273} INFO - 1 downstream tasks scheduled from follow-on schedule check
