[2024-02-02 04:27:34,730] {taskinstance.py:1159} INFO - Dependencies all met for <TaskInstance: etl_postgresql.aggregate_province_monthly manual__2024-02-02T04:27:05.973041+00:00 [queued]>
[2024-02-02 04:27:34,736] {taskinstance.py:1159} INFO - Dependencies all met for <TaskInstance: etl_postgresql.aggregate_province_monthly manual__2024-02-02T04:27:05.973041+00:00 [queued]>
[2024-02-02 04:27:34,737] {taskinstance.py:1356} INFO - 
--------------------------------------------------------------------------------
[2024-02-02 04:27:34,737] {taskinstance.py:1357} INFO - Starting attempt 1 of 2
[2024-02-02 04:27:34,737] {taskinstance.py:1358} INFO - 
--------------------------------------------------------------------------------
[2024-02-02 04:27:34,745] {taskinstance.py:1377} INFO - Executing <Task(PythonOperator): aggregate_province_monthly> on 2024-02-02 04:27:05.973041+00:00
[2024-02-02 04:27:34,748] {standard_task_runner.py:52} INFO - Started process 1971 to run task
[2024-02-02 04:27:34,750] {standard_task_runner.py:79} INFO - Running: ['***', 'tasks', 'run', 'etl_postgresql', 'aggregate_province_monthly', 'manual__2024-02-02T04:27:05.973041+00:00', '--job-id', '351', '--raw', '--subdir', 'DAGS_FOLDER/etl_dag.py', '--cfg-path', '/tmp/tmp9t7u9n6p', '--error-file', '/tmp/tmpopmdxdmc']
[2024-02-02 04:27:34,751] {standard_task_runner.py:80} INFO - Job 351: Subtask aggregate_province_monthly
[2024-02-02 04:27:34,783] {task_command.py:369} INFO - Running <TaskInstance: etl_postgresql.aggregate_province_monthly manual__2024-02-02T04:27:05.973041+00:00 [running]> on host c3bb523480bf
[2024-02-02 04:27:34,834] {taskinstance.py:1571} INFO - Exporting the following env vars:
AIRFLOW_CTX_DAG_OWNER=***
AIRFLOW_CTX_DAG_ID=etl_postgresql
AIRFLOW_CTX_TASK_ID=aggregate_province_monthly
AIRFLOW_CTX_EXECUTION_DATE=2024-02-02T04:27:05.973041+00:00
AIRFLOW_CTX_TRY_NUMBER=1
AIRFLOW_CTX_DAG_RUN_ID=manual__2024-02-02T04:27:05.973041+00:00
[2024-02-02 04:27:37,489] {logging_mixin.py:115} INFO - Successfully install pandas
[2024-02-02 04:27:40,515] {logging_mixin.py:115} INFO - Successfully install sqlalchemy
[2024-02-02 04:27:42,968] {logging_mixin.py:115} INFO - Successfully install pymysql
[2024-02-02 04:27:45,543] {logging_mixin.py:115} INFO - Successfully install sqlalchemy
[2024-02-02 04:27:45,673] {python.py:173} INFO - Done. Returned value was: aggregate_province_monthly
[2024-02-02 04:27:45,697] {taskinstance.py:1400} INFO - Marking task as SUCCESS. dag_id=etl_postgresql, task_id=aggregate_province_monthly, execution_date=20240202T042705, start_date=20240202T042734, end_date=20240202T042745
[2024-02-02 04:27:45,716] {local_task_job.py:156} INFO - Task exited with return code 0
[2024-02-02 04:27:45,739] {local_task_job.py:273} INFO - 0 downstream tasks scheduled from follow-on schedule check
