[2024-01-31 09:42:46,881] {taskinstance.py:1159} INFO - Dependencies all met for <TaskInstance: etl_postgresql.import_file_to_mysql manual__2024-01-31T09:42:46.345189+00:00 [queued]>
[2024-01-31 09:42:46,886] {taskinstance.py:1159} INFO - Dependencies all met for <TaskInstance: etl_postgresql.import_file_to_mysql manual__2024-01-31T09:42:46.345189+00:00 [queued]>
[2024-01-31 09:42:46,887] {taskinstance.py:1356} INFO - 
--------------------------------------------------------------------------------
[2024-01-31 09:42:46,887] {taskinstance.py:1357} INFO - Starting attempt 1 of 2
[2024-01-31 09:42:46,887] {taskinstance.py:1358} INFO - 
--------------------------------------------------------------------------------
[2024-01-31 09:42:46,896] {taskinstance.py:1377} INFO - Executing <Task(PythonOperator): import_file_to_mysql> on 2024-01-31 09:42:46.345189+00:00
[2024-01-31 09:42:46,899] {standard_task_runner.py:52} INFO - Started process 1541 to run task
[2024-01-31 09:42:46,901] {standard_task_runner.py:79} INFO - Running: ['***', 'tasks', 'run', 'etl_postgresql', 'import_file_to_mysql', 'manual__2024-01-31T09:42:46.345189+00:00', '--job-id', '93', '--raw', '--subdir', 'DAGS_FOLDER/etl_dag.py', '--cfg-path', '/tmp/tmp2olmdl6d', '--error-file', '/tmp/tmp7fxzh28v']
[2024-01-31 09:42:46,903] {standard_task_runner.py:80} INFO - Job 93: Subtask import_file_to_mysql
[2024-01-31 09:42:46,940] {task_command.py:369} INFO - Running <TaskInstance: etl_postgresql.import_file_to_mysql manual__2024-01-31T09:42:46.345189+00:00 [running]> on host d99f9e65d396
[2024-01-31 09:42:46,985] {taskinstance.py:1571} INFO - Exporting the following env vars:
AIRFLOW_CTX_DAG_OWNER=***
AIRFLOW_CTX_DAG_ID=etl_postgresql
AIRFLOW_CTX_TASK_ID=import_file_to_mysql
AIRFLOW_CTX_EXECUTION_DATE=2024-01-31T09:42:46.345189+00:00
AIRFLOW_CTX_TRY_NUMBER=1
AIRFLOW_CTX_DAG_RUN_ID=manual__2024-01-31T09:42:46.345189+00:00
[2024-01-31 09:42:46,986] {logging_mixin.py:115} INFO - masuk kesini coy
[2024-01-31 09:42:46,992] {logging_mixin.py:115} INFO - None
[2024-01-31 09:42:46,992] {python.py:173} INFO - Done. Returned value was: None
[2024-01-31 09:42:46,999] {taskinstance.py:1400} INFO - Marking task as SUCCESS. dag_id=etl_postgresql, task_id=import_file_to_mysql, execution_date=20240131T094246, start_date=20240131T094246, end_date=20240131T094246
[2024-01-31 09:42:47,039] {local_task_job.py:156} INFO - Task exited with return code 0
[2024-01-31 09:42:47,057] {local_task_job.py:273} INFO - 0 downstream tasks scheduled from follow-on schedule check
