[2024-02-01 13:51:21,432] {taskinstance.py:1159} INFO - Dependencies all met for <TaskInstance: etl_postgresql.aggregate_dim_table manual__2024-02-01T13:51:20.850858+00:00 [queued]>
[2024-02-01 13:51:21,439] {taskinstance.py:1159} INFO - Dependencies all met for <TaskInstance: etl_postgresql.aggregate_dim_table manual__2024-02-01T13:51:20.850858+00:00 [queued]>
[2024-02-01 13:51:21,439] {taskinstance.py:1356} INFO - 
--------------------------------------------------------------------------------
[2024-02-01 13:51:21,440] {taskinstance.py:1357} INFO - Starting attempt 1 of 2
[2024-02-01 13:51:21,440] {taskinstance.py:1358} INFO - 
--------------------------------------------------------------------------------
[2024-02-01 13:51:21,451] {taskinstance.py:1377} INFO - Executing <Task(PythonOperator): aggregate_dim_table> on 2024-02-01 13:51:20.850858+00:00
[2024-02-01 13:51:21,455] {standard_task_runner.py:52} INFO - Started process 4378 to run task
[2024-02-01 13:51:21,459] {standard_task_runner.py:79} INFO - Running: ['***', 'tasks', 'run', 'etl_postgresql', 'aggregate_dim_table', 'manual__2024-02-01T13:51:20.850858+00:00', '--job-id', '275', '--raw', '--subdir', 'DAGS_FOLDER/etl_dag.py', '--cfg-path', '/tmp/tmpvcfhec_l', '--error-file', '/tmp/tmpfgyjgyog']
[2024-02-01 13:51:21,461] {standard_task_runner.py:80} INFO - Job 275: Subtask aggregate_dim_table
[2024-02-01 13:51:21,528] {task_command.py:369} INFO - Running <TaskInstance: etl_postgresql.aggregate_dim_table manual__2024-02-01T13:51:20.850858+00:00 [running]> on host 0cb2a3b23a40
[2024-02-01 13:51:21,616] {taskinstance.py:1571} INFO - Exporting the following env vars:
AIRFLOW_CTX_DAG_OWNER=***
AIRFLOW_CTX_DAG_ID=etl_postgresql
AIRFLOW_CTX_TASK_ID=aggregate_dim_table
AIRFLOW_CTX_EXECUTION_DATE=2024-02-01T13:51:20.850858+00:00
AIRFLOW_CTX_TRY_NUMBER=1
AIRFLOW_CTX_DAG_RUN_ID=manual__2024-02-01T13:51:20.850858+00:00
[2024-02-01 13:51:25,255] {logging_mixin.py:115} INFO - Successfully install sqlalchemy
[2024-02-01 13:51:28,299] {logging_mixin.py:115} INFO - Successfully install sqlalchemy
[2024-02-01 13:51:31,231] {logging_mixin.py:115} INFO - Successfully install pymysql
[2024-02-01 13:51:34,259] {logging_mixin.py:115} INFO - Successfully install sqlalchemy
[2024-02-01 13:51:34,333] {python.py:173} INFO - Done. Returned value was: insert dim table
[2024-02-01 13:51:34,356] {taskinstance.py:1400} INFO - Marking task as SUCCESS. dag_id=etl_postgresql, task_id=aggregate_dim_table, execution_date=20240201T135120, start_date=20240201T135121, end_date=20240201T135134
[2024-02-01 13:51:34,397] {local_task_job.py:156} INFO - Task exited with return code 0
[2024-02-01 13:51:34,416] {local_task_job.py:273} INFO - 0 downstream tasks scheduled from follow-on schedule check
