[2024-01-31 15:11:28,138] {taskinstance.py:1159} INFO - Dependencies all met for <TaskInstance: etl_postgresql.aggregate_dim_table manual__2024-01-31T15:11:03.693379+00:00 [queued]>
[2024-01-31 15:11:28,144] {taskinstance.py:1159} INFO - Dependencies all met for <TaskInstance: etl_postgresql.aggregate_dim_table manual__2024-01-31T15:11:03.693379+00:00 [queued]>
[2024-01-31 15:11:28,144] {taskinstance.py:1356} INFO - 
--------------------------------------------------------------------------------
[2024-01-31 15:11:28,144] {taskinstance.py:1357} INFO - Starting attempt 1 of 2
[2024-01-31 15:11:28,145] {taskinstance.py:1358} INFO - 
--------------------------------------------------------------------------------
[2024-01-31 15:11:28,152] {taskinstance.py:1377} INFO - Executing <Task(PythonOperator): aggregate_dim_table> on 2024-01-31 15:11:03.693379+00:00
[2024-01-31 15:11:28,156] {standard_task_runner.py:52} INFO - Started process 9347 to run task
[2024-01-31 15:11:28,158] {standard_task_runner.py:79} INFO - Running: ['***', 'tasks', 'run', 'etl_postgresql', 'aggregate_dim_table', 'manual__2024-01-31T15:11:03.693379+00:00', '--job-id', '180', '--raw', '--subdir', 'DAGS_FOLDER/etl_dag.py', '--cfg-path', '/tmp/tmpf7fk3des', '--error-file', '/tmp/tmp6s0hrnpp']
[2024-01-31 15:11:28,159] {standard_task_runner.py:80} INFO - Job 180: Subtask aggregate_dim_table
[2024-01-31 15:11:28,196] {task_command.py:369} INFO - Running <TaskInstance: etl_postgresql.aggregate_dim_table manual__2024-01-31T15:11:03.693379+00:00 [running]> on host d99f9e65d396
[2024-01-31 15:11:28,248] {taskinstance.py:1571} INFO - Exporting the following env vars:
AIRFLOW_CTX_DAG_OWNER=***
AIRFLOW_CTX_DAG_ID=etl_postgresql
AIRFLOW_CTX_TASK_ID=aggregate_dim_table
AIRFLOW_CTX_EXECUTION_DATE=2024-01-31T15:11:03.693379+00:00
AIRFLOW_CTX_TRY_NUMBER=1
AIRFLOW_CTX_DAG_RUN_ID=manual__2024-01-31T15:11:03.693379+00:00
[2024-01-31 15:11:31,084] {logging_mixin.py:115} INFO - Successfully install sqlalchemy
[2024-01-31 15:11:33,942] {logging_mixin.py:115} INFO - Successfully install sqlalchemy
[2024-01-31 15:11:36,754] {logging_mixin.py:115} INFO - Successfully install pymysql
[2024-01-31 15:11:39,594] {logging_mixin.py:115} INFO - Successfully install sqlalchemy
[2024-01-31 15:11:39,630] {logging_mixin.py:115} INFO - An error occurred: Class 'sqlalchemy.orm.decl_api.DeclarativeMeta' is not mapped; was a class (unusual_prefix_52d2187e6adbc9e546561e4e4242209b40716252_etl_dag.Province) supplied where an instance was required?
[2024-01-31 15:11:39,630] {python.py:173} INFO - Done. Returned value was: end
[2024-01-31 15:11:39,649] {taskinstance.py:1400} INFO - Marking task as SUCCESS. dag_id=etl_postgresql, task_id=aggregate_dim_table, execution_date=20240131T151103, start_date=20240131T151128, end_date=20240131T151139
[2024-01-31 15:11:39,700] {local_task_job.py:156} INFO - Task exited with return code 0
[2024-01-31 15:11:39,717] {local_task_job.py:273} INFO - 0 downstream tasks scheduled from follow-on schedule check
