[2024-02-02 11:17:09,530] {taskinstance.py:1159} INFO - Dependencies all met for <TaskInstance: etl_postgresql.aggregate_province_monthly manual__2024-02-02T11:16:34.086943+00:00 [queued]>
[2024-02-02 11:17:09,537] {taskinstance.py:1159} INFO - Dependencies all met for <TaskInstance: etl_postgresql.aggregate_province_monthly manual__2024-02-02T11:16:34.086943+00:00 [queued]>
[2024-02-02 11:17:09,537] {taskinstance.py:1356} INFO - 
--------------------------------------------------------------------------------
[2024-02-02 11:17:09,537] {taskinstance.py:1357} INFO - Starting attempt 1 of 2
[2024-02-02 11:17:09,537] {taskinstance.py:1358} INFO - 
--------------------------------------------------------------------------------
[2024-02-02 11:17:09,547] {taskinstance.py:1377} INFO - Executing <Task(PythonOperator): aggregate_province_monthly> on 2024-02-02 11:16:34.086943+00:00
[2024-02-02 11:17:09,550] {standard_task_runner.py:52} INFO - Started process 11539 to run task
[2024-02-02 11:17:09,553] {standard_task_runner.py:79} INFO - Running: ['***', 'tasks', 'run', 'etl_postgresql', 'aggregate_province_monthly', 'manual__2024-02-02T11:16:34.086943+00:00', '--job-id', '363', '--raw', '--subdir', 'DAGS_FOLDER/etl_dag.py', '--cfg-path', '/tmp/tmpv6rmu4mi', '--error-file', '/tmp/tmpn2zi7t47']
[2024-02-02 11:17:09,555] {standard_task_runner.py:80} INFO - Job 363: Subtask aggregate_province_monthly
[2024-02-02 11:17:09,619] {task_command.py:369} INFO - Running <TaskInstance: etl_postgresql.aggregate_province_monthly manual__2024-02-02T11:16:34.086943+00:00 [running]> on host c3bb523480bf
[2024-02-02 11:17:09,695] {taskinstance.py:1571} INFO - Exporting the following env vars:
AIRFLOW_CTX_DAG_OWNER=***
AIRFLOW_CTX_DAG_ID=etl_postgresql
AIRFLOW_CTX_TASK_ID=aggregate_province_monthly
AIRFLOW_CTX_EXECUTION_DATE=2024-02-02T11:16:34.086943+00:00
AIRFLOW_CTX_TRY_NUMBER=1
AIRFLOW_CTX_DAG_RUN_ID=manual__2024-02-02T11:16:34.086943+00:00
[2024-02-02 11:17:12,997] {logging_mixin.py:115} INFO - Successfully install pandas
[2024-02-02 11:17:16,806] {logging_mixin.py:115} INFO - Successfully install sqlalchemy
[2024-02-02 11:17:20,334] {logging_mixin.py:115} INFO - Successfully install pymysql
[2024-02-02 11:17:24,407] {logging_mixin.py:115} INFO - Successfully install sqlalchemy
[2024-02-02 11:17:24,610] {python.py:173} INFO - Done. Returned value was: aggregate_province_monthly
[2024-02-02 11:17:24,659] {taskinstance.py:1400} INFO - Marking task as SUCCESS. dag_id=etl_postgresql, task_id=aggregate_province_monthly, execution_date=20240202T111634, start_date=20240202T111709, end_date=20240202T111724
[2024-02-02 11:17:24,709] {local_task_job.py:156} INFO - Task exited with return code 0
[2024-02-02 11:17:24,741] {local_task_job.py:273} INFO - 0 downstream tasks scheduled from follow-on schedule check
