[2024-02-02 04:20:16,771] {taskinstance.py:1159} INFO - Dependencies all met for <TaskInstance: etl_postgresql.aggregate_dim_table manual__2024-02-02T04:19:58.580564+00:00 [queued]>
[2024-02-02 04:20:16,777] {taskinstance.py:1159} INFO - Dependencies all met for <TaskInstance: etl_postgresql.aggregate_dim_table manual__2024-02-02T04:19:58.580564+00:00 [queued]>
[2024-02-02 04:20:16,778] {taskinstance.py:1356} INFO - 
--------------------------------------------------------------------------------
[2024-02-02 04:20:16,778] {taskinstance.py:1357} INFO - Starting attempt 1 of 2
[2024-02-02 04:20:16,778] {taskinstance.py:1358} INFO - 
--------------------------------------------------------------------------------
[2024-02-02 04:20:16,787] {taskinstance.py:1377} INFO - Executing <Task(PythonOperator): aggregate_dim_table> on 2024-02-02 04:19:58.580564+00:00
[2024-02-02 04:20:16,791] {standard_task_runner.py:52} INFO - Started process 1417 to run task
[2024-02-02 04:20:16,793] {standard_task_runner.py:79} INFO - Running: ['***', 'tasks', 'run', 'etl_postgresql', 'aggregate_dim_table', 'manual__2024-02-02T04:19:58.580564+00:00', '--job-id', '331', '--raw', '--subdir', 'DAGS_FOLDER/etl_dag.py', '--cfg-path', '/tmp/tmpw2nsu8ms', '--error-file', '/tmp/tmpui2_nt0q']
[2024-02-02 04:20:16,794] {standard_task_runner.py:80} INFO - Job 331: Subtask aggregate_dim_table
[2024-02-02 04:20:16,824] {task_command.py:369} INFO - Running <TaskInstance: etl_postgresql.aggregate_dim_table manual__2024-02-02T04:19:58.580564+00:00 [running]> on host c3bb523480bf
[2024-02-02 04:20:16,863] {taskinstance.py:1571} INFO - Exporting the following env vars:
AIRFLOW_CTX_DAG_OWNER=***
AIRFLOW_CTX_DAG_ID=etl_postgresql
AIRFLOW_CTX_TASK_ID=aggregate_dim_table
AIRFLOW_CTX_EXECUTION_DATE=2024-02-02T04:19:58.580564+00:00
AIRFLOW_CTX_TRY_NUMBER=1
AIRFLOW_CTX_DAG_RUN_ID=manual__2024-02-02T04:19:58.580564+00:00
[2024-02-02 04:20:19,123] {logging_mixin.py:115} INFO - Successfully install sqlalchemy
[2024-02-02 04:20:21,350] {logging_mixin.py:115} INFO - Successfully install sqlalchemy
[2024-02-02 04:20:23,673] {logging_mixin.py:115} INFO - Successfully install pymysql
[2024-02-02 04:20:25,901] {logging_mixin.py:115} INFO - Successfully install sqlalchemy
[2024-02-02 04:20:25,957] {python.py:173} INFO - Done. Returned value was: insert dim table
[2024-02-02 04:20:25,972] {taskinstance.py:1400} INFO - Marking task as SUCCESS. dag_id=etl_postgresql, task_id=aggregate_dim_table, execution_date=20240202T041958, start_date=20240202T042016, end_date=20240202T042025
[2024-02-02 04:20:26,018] {local_task_job.py:156} INFO - Task exited with return code 0
[2024-02-02 04:20:26,040] {local_task_job.py:273} INFO - 5 downstream tasks scheduled from follow-on schedule check
