[2024-02-02 04:24:40,285] {taskinstance.py:1159} INFO - Dependencies all met for <TaskInstance: etl_postgresql.aggregate_province_yearly manual__2024-02-02T04:24:11.255303+00:00 [queued]>
[2024-02-02 04:24:40,290] {taskinstance.py:1159} INFO - Dependencies all met for <TaskInstance: etl_postgresql.aggregate_province_yearly manual__2024-02-02T04:24:11.255303+00:00 [queued]>
[2024-02-02 04:24:40,291] {taskinstance.py:1356} INFO - 
--------------------------------------------------------------------------------
[2024-02-02 04:24:40,291] {taskinstance.py:1357} INFO - Starting attempt 1 of 2
[2024-02-02 04:24:40,291] {taskinstance.py:1358} INFO - 
--------------------------------------------------------------------------------
[2024-02-02 04:24:40,298] {taskinstance.py:1377} INFO - Executing <Task(PythonOperator): aggregate_province_yearly> on 2024-02-02 04:24:11.255303+00:00
[2024-02-02 04:24:40,301] {standard_task_runner.py:52} INFO - Started process 1744 to run task
[2024-02-02 04:24:40,304] {standard_task_runner.py:79} INFO - Running: ['***', 'tasks', 'run', 'etl_postgresql', 'aggregate_province_yearly', 'manual__2024-02-02T04:24:11.255303+00:00', '--job-id', '343', '--raw', '--subdir', 'DAGS_FOLDER/etl_dag.py', '--cfg-path', '/tmp/tmpveezk9vr', '--error-file', '/tmp/tmpgv0kwycq']
[2024-02-02 04:24:40,305] {standard_task_runner.py:80} INFO - Job 343: Subtask aggregate_province_yearly
[2024-02-02 04:24:40,341] {task_command.py:369} INFO - Running <TaskInstance: etl_postgresql.aggregate_province_yearly manual__2024-02-02T04:24:11.255303+00:00 [running]> on host c3bb523480bf
[2024-02-02 04:24:40,386] {taskinstance.py:1571} INFO - Exporting the following env vars:
AIRFLOW_CTX_DAG_OWNER=***
AIRFLOW_CTX_DAG_ID=etl_postgresql
AIRFLOW_CTX_TASK_ID=aggregate_province_yearly
AIRFLOW_CTX_EXECUTION_DATE=2024-02-02T04:24:11.255303+00:00
AIRFLOW_CTX_TRY_NUMBER=1
AIRFLOW_CTX_DAG_RUN_ID=manual__2024-02-02T04:24:11.255303+00:00
[2024-02-02 04:24:42,996] {logging_mixin.py:115} INFO - Successfully install pandas
[2024-02-02 04:24:45,808] {logging_mixin.py:115} INFO - Successfully install sqlalchemy
[2024-02-02 04:24:48,377] {logging_mixin.py:115} INFO - Successfully install pymysql
[2024-02-02 04:24:50,906] {logging_mixin.py:115} INFO - Successfully install sqlalchemy
[2024-02-02 04:24:50,996] {python.py:173} INFO - Done. Returned value was: aggregate_province_yearly
[2024-02-02 04:24:51,019] {taskinstance.py:1400} INFO - Marking task as SUCCESS. dag_id=etl_postgresql, task_id=aggregate_province_yearly, execution_date=20240202T042411, start_date=20240202T042440, end_date=20240202T042451
[2024-02-02 04:24:51,062] {local_task_job.py:156} INFO - Task exited with return code 0
[2024-02-02 04:24:51,084] {local_task_job.py:273} INFO - 0 downstream tasks scheduled from follow-on schedule check
