[2024-02-02 04:17:05,772] {taskinstance.py:1159} INFO - Dependencies all met for <TaskInstance: etl_postgresql.aggregate_province_yearly manual__2024-02-02T04:16:36.778282+00:00 [queued]>
[2024-02-02 04:17:05,777] {taskinstance.py:1159} INFO - Dependencies all met for <TaskInstance: etl_postgresql.aggregate_province_yearly manual__2024-02-02T04:16:36.778282+00:00 [queued]>
[2024-02-02 04:17:05,777] {taskinstance.py:1356} INFO - 
--------------------------------------------------------------------------------
[2024-02-02 04:17:05,778] {taskinstance.py:1357} INFO - Starting attempt 1 of 2
[2024-02-02 04:17:05,778] {taskinstance.py:1358} INFO - 
--------------------------------------------------------------------------------
[2024-02-02 04:17:05,784] {taskinstance.py:1377} INFO - Executing <Task(PythonOperator): aggregate_province_yearly> on 2024-02-02 04:16:36.778282+00:00
[2024-02-02 04:17:05,787] {standard_task_runner.py:52} INFO - Started process 1204 to run task
[2024-02-02 04:17:05,789] {standard_task_runner.py:79} INFO - Running: ['***', 'tasks', 'run', 'etl_postgresql', 'aggregate_province_yearly', 'manual__2024-02-02T04:16:36.778282+00:00', '--job-id', '324', '--raw', '--subdir', 'DAGS_FOLDER/etl_dag.py', '--cfg-path', '/tmp/tmpwlzcz3iw', '--error-file', '/tmp/tmpeeccaxr8']
[2024-02-02 04:17:05,790] {standard_task_runner.py:80} INFO - Job 324: Subtask aggregate_province_yearly
[2024-02-02 04:17:05,821] {task_command.py:369} INFO - Running <TaskInstance: etl_postgresql.aggregate_province_yearly manual__2024-02-02T04:16:36.778282+00:00 [running]> on host c3bb523480bf
[2024-02-02 04:17:05,877] {taskinstance.py:1571} INFO - Exporting the following env vars:
AIRFLOW_CTX_DAG_OWNER=***
AIRFLOW_CTX_DAG_ID=etl_postgresql
AIRFLOW_CTX_TASK_ID=aggregate_province_yearly
AIRFLOW_CTX_EXECUTION_DATE=2024-02-02T04:16:36.778282+00:00
AIRFLOW_CTX_TRY_NUMBER=1
AIRFLOW_CTX_DAG_RUN_ID=manual__2024-02-02T04:16:36.778282+00:00
[2024-02-02 04:17:08,353] {logging_mixin.py:115} INFO - Successfully install pandas
[2024-02-02 04:17:11,134] {logging_mixin.py:115} INFO - Successfully install sqlalchemy
[2024-02-02 04:17:13,559] {logging_mixin.py:115} INFO - Successfully install pymysql
[2024-02-02 04:17:16,045] {logging_mixin.py:115} INFO - Successfully install sqlalchemy
[2024-02-02 04:17:16,130] {python.py:173} INFO - Done. Returned value was: aggregate_province_yearly
[2024-02-02 04:17:16,153] {taskinstance.py:1400} INFO - Marking task as SUCCESS. dag_id=etl_postgresql, task_id=aggregate_province_yearly, execution_date=20240202T041636, start_date=20240202T041705, end_date=20240202T041716
[2024-02-02 04:17:16,193] {local_task_job.py:156} INFO - Task exited with return code 0
[2024-02-02 04:17:16,212] {local_task_job.py:273} INFO - 0 downstream tasks scheduled from follow-on schedule check
