[2024-01-31 16:11:05,516] {taskinstance.py:1159} INFO - Dependencies all met for <TaskInstance: etl_postgresql.import_file_to_mysql manual__2024-01-31T16:10:59.116069+00:00 [queued]>
[2024-01-31 16:11:05,522] {taskinstance.py:1159} INFO - Dependencies all met for <TaskInstance: etl_postgresql.import_file_to_mysql manual__2024-01-31T16:10:59.116069+00:00 [queued]>
[2024-01-31 16:11:05,523] {taskinstance.py:1356} INFO - 
--------------------------------------------------------------------------------
[2024-01-31 16:11:05,523] {taskinstance.py:1357} INFO - Starting attempt 1 of 2
[2024-01-31 16:11:05,523] {taskinstance.py:1358} INFO - 
--------------------------------------------------------------------------------
[2024-01-31 16:11:05,531] {taskinstance.py:1377} INFO - Executing <Task(PythonOperator): import_file_to_mysql> on 2024-01-31 16:10:59.116069+00:00
[2024-01-31 16:11:05,535] {standard_task_runner.py:52} INFO - Started process 11469 to run task
[2024-01-31 16:11:05,538] {standard_task_runner.py:79} INFO - Running: ['***', 'tasks', 'run', 'etl_postgresql', 'import_file_to_mysql', 'manual__2024-01-31T16:10:59.116069+00:00', '--job-id', '210', '--raw', '--subdir', 'DAGS_FOLDER/etl_dag.py', '--cfg-path', '/tmp/tmpruwl_8w7', '--error-file', '/tmp/tmpiadrlryg']
[2024-01-31 16:11:05,539] {standard_task_runner.py:80} INFO - Job 210: Subtask import_file_to_mysql
[2024-01-31 16:11:05,576] {task_command.py:369} INFO - Running <TaskInstance: etl_postgresql.import_file_to_mysql manual__2024-01-31T16:10:59.116069+00:00 [running]> on host d99f9e65d396
[2024-01-31 16:11:05,624] {taskinstance.py:1571} INFO - Exporting the following env vars:
AIRFLOW_CTX_DAG_OWNER=***
AIRFLOW_CTX_DAG_ID=etl_postgresql
AIRFLOW_CTX_TASK_ID=import_file_to_mysql
AIRFLOW_CTX_EXECUTION_DATE=2024-01-31T16:10:59.116069+00:00
AIRFLOW_CTX_TRY_NUMBER=1
AIRFLOW_CTX_DAG_RUN_ID=manual__2024-01-31T16:10:59.116069+00:00
[2024-01-31 16:11:06,387] {logging_mixin.py:115} INFO - Error install json
[2024-01-31 16:11:09,419] {logging_mixin.py:115} INFO - Successfully install pandas
[2024-01-31 16:11:12,915] {logging_mixin.py:115} INFO - Successfully install pymysql
[2024-01-31 16:11:16,426] {logging_mixin.py:115} INFO - Successfully install sqlalchemy
[2024-01-31 16:11:19,490] {logging_mixin.py:115} INFO - Successfully install pymysql
[2024-01-31 16:11:19,638] {python.py:173} INFO - Done. Returned value was: import to mysql
[2024-01-31 16:11:19,660] {taskinstance.py:1400} INFO - Marking task as SUCCESS. dag_id=etl_postgresql, task_id=import_file_to_mysql, execution_date=20240131T161059, start_date=20240131T161105, end_date=20240131T161119
[2024-01-31 16:11:19,721] {local_task_job.py:156} INFO - Task exited with return code 0
[2024-01-31 16:11:19,753] {local_task_job.py:273} INFO - 1 downstream tasks scheduled from follow-on schedule check
