[2024-02-01 13:25:23,196] {taskinstance.py:1159} INFO - Dependencies all met for <TaskInstance: etl_postgresql.create_ddl_postgres manual__2024-02-01T13:25:22.301955+00:00 [queued]>
[2024-02-01 13:25:23,204] {taskinstance.py:1159} INFO - Dependencies all met for <TaskInstance: etl_postgresql.create_ddl_postgres manual__2024-02-01T13:25:22.301955+00:00 [queued]>
[2024-02-01 13:25:23,204] {taskinstance.py:1356} INFO - 
--------------------------------------------------------------------------------
[2024-02-01 13:25:23,205] {taskinstance.py:1357} INFO - Starting attempt 1 of 2
[2024-02-01 13:25:23,205] {taskinstance.py:1358} INFO - 
--------------------------------------------------------------------------------
[2024-02-01 13:25:23,215] {taskinstance.py:1377} INFO - Executing <Task(PythonOperator): create_ddl_postgres> on 2024-02-01 13:25:22.301955+00:00
[2024-02-01 13:25:23,219] {standard_task_runner.py:52} INFO - Started process 3062 to run task
[2024-02-01 13:25:23,222] {standard_task_runner.py:79} INFO - Running: ['***', 'tasks', 'run', 'etl_postgresql', 'create_ddl_postgres', 'manual__2024-02-01T13:25:22.301955+00:00', '--job-id', '249', '--raw', '--subdir', 'DAGS_FOLDER/etl_dag.py', '--cfg-path', '/tmp/tmprsrp4vn9', '--error-file', '/tmp/tmp6_9dkdxt']
[2024-02-01 13:25:23,223] {standard_task_runner.py:80} INFO - Job 249: Subtask create_ddl_postgres
[2024-02-01 13:25:23,269] {task_command.py:369} INFO - Running <TaskInstance: etl_postgresql.create_ddl_postgres manual__2024-02-01T13:25:22.301955+00:00 [running]> on host 0cb2a3b23a40
[2024-02-01 13:25:23,360] {taskinstance.py:1571} INFO - Exporting the following env vars:
AIRFLOW_CTX_DAG_OWNER=***
AIRFLOW_CTX_DAG_ID=etl_postgresql
AIRFLOW_CTX_TASK_ID=create_ddl_postgres
AIRFLOW_CTX_EXECUTION_DATE=2024-02-01T13:25:22.301955+00:00
AIRFLOW_CTX_TRY_NUMBER=1
AIRFLOW_CTX_DAG_RUN_ID=manual__2024-02-01T13:25:22.301955+00:00
[2024-02-01 13:25:26,558] {logging_mixin.py:115} INFO - Successfully install sqlalchemy
[2024-02-01 13:25:29,587] {logging_mixin.py:115} INFO - Successfully install sqlalchemy
[2024-02-01 13:25:29,622] {logging_mixin.py:115} INFO - success migrate table
[2024-02-01 13:25:29,623] {python.py:173} INFO - Done. Returned value was: None
[2024-02-01 13:25:29,632] {taskinstance.py:1400} INFO - Marking task as SUCCESS. dag_id=etl_postgresql, task_id=create_ddl_postgres, execution_date=20240201T132522, start_date=20240201T132523, end_date=20240201T132529
[2024-02-01 13:25:29,649] {local_task_job.py:156} INFO - Task exited with return code 0
[2024-02-01 13:25:29,668] {local_task_job.py:273} INFO - 0 downstream tasks scheduled from follow-on schedule check
