[2024-01-31 13:30:17,023] {taskinstance.py:1159} INFO - Dependencies all met for <TaskInstance: etl_postgresql.aggregate_dim_table manual__2024-01-31T13:30:00.630819+00:00 [queued]>
[2024-01-31 13:30:17,030] {taskinstance.py:1159} INFO - Dependencies all met for <TaskInstance: etl_postgresql.aggregate_dim_table manual__2024-01-31T13:30:00.630819+00:00 [queued]>
[2024-01-31 13:30:17,030] {taskinstance.py:1356} INFO - 
--------------------------------------------------------------------------------
[2024-01-31 13:30:17,030] {taskinstance.py:1357} INFO - Starting attempt 1 of 2
[2024-01-31 13:30:17,030] {taskinstance.py:1358} INFO - 
--------------------------------------------------------------------------------
[2024-01-31 13:30:17,038] {taskinstance.py:1377} INFO - Executing <Task(PythonOperator): aggregate_dim_table> on 2024-01-31 13:30:00.630819+00:00
[2024-01-31 13:30:17,042] {standard_task_runner.py:52} INFO - Started process 6216 to run task
[2024-01-31 13:30:17,044] {standard_task_runner.py:79} INFO - Running: ['***', 'tasks', 'run', 'etl_postgresql', 'aggregate_dim_table', 'manual__2024-01-31T13:30:00.630819+00:00', '--job-id', '118', '--raw', '--subdir', 'DAGS_FOLDER/etl_dag.py', '--cfg-path', '/tmp/tmpwduh3g_7', '--error-file', '/tmp/tmpbm831v5l']
[2024-01-31 13:30:17,045] {standard_task_runner.py:80} INFO - Job 118: Subtask aggregate_dim_table
[2024-01-31 13:30:17,080] {task_command.py:369} INFO - Running <TaskInstance: etl_postgresql.aggregate_dim_table manual__2024-01-31T13:30:00.630819+00:00 [running]> on host d99f9e65d396
[2024-01-31 13:30:17,125] {taskinstance.py:1571} INFO - Exporting the following env vars:
AIRFLOW_CTX_DAG_OWNER=***
AIRFLOW_CTX_DAG_ID=etl_postgresql
AIRFLOW_CTX_TASK_ID=aggregate_dim_table
AIRFLOW_CTX_EXECUTION_DATE=2024-01-31T13:30:00.630819+00:00
AIRFLOW_CTX_TRY_NUMBER=1
AIRFLOW_CTX_DAG_RUN_ID=manual__2024-01-31T13:30:00.630819+00:00
[2024-01-31 13:30:19,963] {logging_mixin.py:115} INFO - Successfully install sqlalchemy
[2024-01-31 13:30:22,784] {logging_mixin.py:115} INFO - Successfully install pymysql
[2024-01-31 13:30:22,830] {taskinstance.py:1889} ERROR - Task failed with exception
Traceback (most recent call last):
  File "/home/airflow/.local/lib/python3.7/site-packages/airflow/operators/python.py", line 171, in execute
    return_value = self.execute_callable()
  File "/home/airflow/.local/lib/python3.7/site-packages/airflow/operators/python.py", line 189, in execute_callable
    return self.python_callable(*self.op_args, **self.op_kwargs)
  File "/opt/airflow/dags/etl_dag.py", line 176, in _aggregate_dim_table
    mysql_engine = create_engine(mysql_url)
  File "<string>", line 2, in create_engine
  File "/home/airflow/.local/lib/python3.7/site-packages/sqlalchemy/util/deprecations.py", line 298, in warned
    return fn(*args, **kwargs)
  File "/home/airflow/.local/lib/python3.7/site-packages/sqlalchemy/engine/create.py", line 548, in create_engine
    dbapi = dialect_cls.dbapi(**dbapi_args)
  File "/home/airflow/.local/lib/python3.7/site-packages/sqlalchemy/dialects/mysql/mysqlconnector.py", line 129, in dbapi
    from mysql import connector
ModuleNotFoundError: No module named 'mysql'
[2024-01-31 13:30:22,838] {taskinstance.py:1400} INFO - Marking task as UP_FOR_RETRY. dag_id=etl_postgresql, task_id=aggregate_dim_table, execution_date=20240131T133000, start_date=20240131T133017, end_date=20240131T133022
[2024-01-31 13:30:22,847] {standard_task_runner.py:97} ERROR - Failed to execute job 118 for task aggregate_dim_table (No module named 'mysql'; 6216)
[2024-01-31 13:30:22,874] {local_task_job.py:156} INFO - Task exited with return code 1
[2024-01-31 13:30:22,896] {local_task_job.py:273} INFO - 0 downstream tasks scheduled from follow-on schedule check
