[2024-01-31 14:29:45,009] {taskinstance.py:1159} INFO - Dependencies all met for <TaskInstance: etl_postgresql.create_ddl_postgres manual__2024-01-31T14:29:31.747504+00:00 [queued]>
[2024-01-31 14:29:45,015] {taskinstance.py:1159} INFO - Dependencies all met for <TaskInstance: etl_postgresql.create_ddl_postgres manual__2024-01-31T14:29:31.747504+00:00 [queued]>
[2024-01-31 14:29:45,015] {taskinstance.py:1356} INFO - 
--------------------------------------------------------------------------------
[2024-01-31 14:29:45,015] {taskinstance.py:1357} INFO - Starting attempt 1 of 2
[2024-01-31 14:29:45,016] {taskinstance.py:1358} INFO - 
--------------------------------------------------------------------------------
[2024-01-31 14:29:45,023] {taskinstance.py:1377} INFO - Executing <Task(PythonOperator): create_ddl_postgres> on 2024-01-31 14:29:31.747504+00:00
[2024-01-31 14:29:45,027] {standard_task_runner.py:52} INFO - Started process 7512 to run task
[2024-01-31 14:29:45,029] {standard_task_runner.py:79} INFO - Running: ['***', 'tasks', 'run', 'etl_postgresql', 'create_ddl_postgres', 'manual__2024-01-31T14:29:31.747504+00:00', '--job-id', '151', '--raw', '--subdir', 'DAGS_FOLDER/etl_dag.py', '--cfg-path', '/tmp/tmp1udo_q4p', '--error-file', '/tmp/tmpiwvgvvx8']
[2024-01-31 14:29:45,030] {standard_task_runner.py:80} INFO - Job 151: Subtask create_ddl_postgres
[2024-01-31 14:29:45,065] {task_command.py:369} INFO - Running <TaskInstance: etl_postgresql.create_ddl_postgres manual__2024-01-31T14:29:31.747504+00:00 [running]> on host d99f9e65d396
[2024-01-31 14:29:45,112] {taskinstance.py:1571} INFO - Exporting the following env vars:
AIRFLOW_CTX_DAG_OWNER=***
AIRFLOW_CTX_DAG_ID=etl_postgresql
AIRFLOW_CTX_TASK_ID=create_ddl_postgres
AIRFLOW_CTX_EXECUTION_DATE=2024-01-31T14:29:31.747504+00:00
AIRFLOW_CTX_TRY_NUMBER=1
AIRFLOW_CTX_DAG_RUN_ID=manual__2024-01-31T14:29:31.747504+00:00
[2024-01-31 14:29:47,941] {logging_mixin.py:115} INFO - Successfully install sqlalchemy
[2024-01-31 14:29:47,980] {logging_mixin.py:115} INFO - success migrate table
[2024-01-31 14:29:47,981] {python.py:173} INFO - Done. Returned value was: None
[2024-01-31 14:29:47,990] {taskinstance.py:1400} INFO - Marking task as SUCCESS. dag_id=etl_postgresql, task_id=create_ddl_postgres, execution_date=20240131T142931, start_date=20240131T142945, end_date=20240131T142947
[2024-01-31 14:29:48,007] {local_task_job.py:156} INFO - Task exited with return code 0
[2024-01-31 14:29:48,034] {local_task_job.py:273} INFO - 1 downstream tasks scheduled from follow-on schedule check
