[2024-02-02 04:24:40,322] {taskinstance.py:1159} INFO - Dependencies all met for <TaskInstance: etl_postgresql.aggregate_province_monthly manual__2024-02-02T04:24:11.255303+00:00 [queued]>
[2024-02-02 04:24:40,328] {taskinstance.py:1159} INFO - Dependencies all met for <TaskInstance: etl_postgresql.aggregate_province_monthly manual__2024-02-02T04:24:11.255303+00:00 [queued]>
[2024-02-02 04:24:40,329] {taskinstance.py:1356} INFO - 
--------------------------------------------------------------------------------
[2024-02-02 04:24:40,329] {taskinstance.py:1357} INFO - Starting attempt 1 of 2
[2024-02-02 04:24:40,329] {taskinstance.py:1358} INFO - 
--------------------------------------------------------------------------------
[2024-02-02 04:24:40,337] {taskinstance.py:1377} INFO - Executing <Task(PythonOperator): aggregate_province_monthly> on 2024-02-02 04:24:11.255303+00:00
[2024-02-02 04:24:40,340] {standard_task_runner.py:52} INFO - Started process 1746 to run task
[2024-02-02 04:24:40,343] {standard_task_runner.py:79} INFO - Running: ['***', 'tasks', 'run', 'etl_postgresql', 'aggregate_province_monthly', 'manual__2024-02-02T04:24:11.255303+00:00', '--job-id', '345', '--raw', '--subdir', 'DAGS_FOLDER/etl_dag.py', '--cfg-path', '/tmp/tmpirneqkez', '--error-file', '/tmp/tmpx1ndkb3m']
[2024-02-02 04:24:40,344] {standard_task_runner.py:80} INFO - Job 345: Subtask aggregate_province_monthly
[2024-02-02 04:24:40,380] {task_command.py:369} INFO - Running <TaskInstance: etl_postgresql.aggregate_province_monthly manual__2024-02-02T04:24:11.255303+00:00 [running]> on host c3bb523480bf
[2024-02-02 04:24:40,427] {taskinstance.py:1571} INFO - Exporting the following env vars:
AIRFLOW_CTX_DAG_OWNER=***
AIRFLOW_CTX_DAG_ID=etl_postgresql
AIRFLOW_CTX_TASK_ID=aggregate_province_monthly
AIRFLOW_CTX_EXECUTION_DATE=2024-02-02T04:24:11.255303+00:00
AIRFLOW_CTX_TRY_NUMBER=1
AIRFLOW_CTX_DAG_RUN_ID=manual__2024-02-02T04:24:11.255303+00:00
[2024-02-02 04:24:43,021] {logging_mixin.py:115} INFO - Successfully install pandas
[2024-02-02 04:24:45,871] {logging_mixin.py:115} INFO - Successfully install sqlalchemy
[2024-02-02 04:24:48,437] {logging_mixin.py:115} INFO - Successfully install pymysql
[2024-02-02 04:24:50,899] {logging_mixin.py:115} INFO - Successfully install sqlalchemy
[2024-02-02 04:24:50,995] {python.py:173} INFO - Done. Returned value was: aggregate_province_monthly
[2024-02-02 04:24:51,013] {taskinstance.py:1400} INFO - Marking task as SUCCESS. dag_id=etl_postgresql, task_id=aggregate_province_monthly, execution_date=20240202T042411, start_date=20240202T042440, end_date=20240202T042451
[2024-02-02 04:24:51,042] {local_task_job.py:156} INFO - Task exited with return code 0
[2024-02-02 04:24:51,066] {local_task_job.py:273} INFO - 0 downstream tasks scheduled from follow-on schedule check
