[2024-02-02 04:27:10,403] {taskinstance.py:1159} INFO - Dependencies all met for <TaskInstance: etl_postgresql.import_file_to_mysql manual__2024-02-02T04:27:05.973041+00:00 [queued]>
[2024-02-02 04:27:10,408] {taskinstance.py:1159} INFO - Dependencies all met for <TaskInstance: etl_postgresql.import_file_to_mysql manual__2024-02-02T04:27:05.973041+00:00 [queued]>
[2024-02-02 04:27:10,408] {taskinstance.py:1356} INFO - 
--------------------------------------------------------------------------------
[2024-02-02 04:27:10,408] {taskinstance.py:1357} INFO - Starting attempt 1 of 2
[2024-02-02 04:27:10,408] {taskinstance.py:1358} INFO - 
--------------------------------------------------------------------------------
[2024-02-02 04:27:10,415] {taskinstance.py:1377} INFO - Executing <Task(PythonOperator): import_file_to_mysql> on 2024-02-02 04:27:05.973041+00:00
[2024-02-02 04:27:10,418] {standard_task_runner.py:52} INFO - Started process 1910 to run task
[2024-02-02 04:27:10,420] {standard_task_runner.py:79} INFO - Running: ['***', 'tasks', 'run', 'etl_postgresql', 'import_file_to_mysql', 'manual__2024-02-02T04:27:05.973041+00:00', '--job-id', '347', '--raw', '--subdir', 'DAGS_FOLDER/etl_dag.py', '--cfg-path', '/tmp/tmphfjcj077', '--error-file', '/tmp/tmpl6d1p33a']
[2024-02-02 04:27:10,421] {standard_task_runner.py:80} INFO - Job 347: Subtask import_file_to_mysql
[2024-02-02 04:27:10,450] {task_command.py:369} INFO - Running <TaskInstance: etl_postgresql.import_file_to_mysql manual__2024-02-02T04:27:05.973041+00:00 [running]> on host c3bb523480bf
[2024-02-02 04:27:10,488] {taskinstance.py:1571} INFO - Exporting the following env vars:
AIRFLOW_CTX_DAG_OWNER=***
AIRFLOW_CTX_DAG_ID=etl_postgresql
AIRFLOW_CTX_TASK_ID=import_file_to_mysql
AIRFLOW_CTX_EXECUTION_DATE=2024-02-02T04:27:05.973041+00:00
AIRFLOW_CTX_TRY_NUMBER=1
AIRFLOW_CTX_DAG_RUN_ID=manual__2024-02-02T04:27:05.973041+00:00
[2024-02-02 04:27:12,654] {logging_mixin.py:115} INFO - Successfully install pandas
[2024-02-02 04:27:15,130] {logging_mixin.py:115} INFO - Successfully install sqlalchemy
[2024-02-02 04:27:17,305] {logging_mixin.py:115} INFO - Successfully install pymysql
[2024-02-02 04:27:17,402] {python.py:173} INFO - Done. Returned value was: import to mysql
[2024-02-02 04:27:17,418] {taskinstance.py:1400} INFO - Marking task as SUCCESS. dag_id=etl_postgresql, task_id=import_file_to_mysql, execution_date=20240202T042705, start_date=20240202T042710, end_date=20240202T042717
[2024-02-02 04:27:17,439] {local_task_job.py:156} INFO - Task exited with return code 0
[2024-02-02 04:27:17,460] {local_task_job.py:273} INFO - 1 downstream tasks scheduled from follow-on schedule check
