[2024-02-01 14:14:20,464] {taskinstance.py:1159} INFO - Dependencies all met for <TaskInstance: etl_postgresql.create_ddl_postgres manual__2024-02-01T14:14:06.218797+00:00 [queued]>
[2024-02-01 14:14:20,471] {taskinstance.py:1159} INFO - Dependencies all met for <TaskInstance: etl_postgresql.create_ddl_postgres manual__2024-02-01T14:14:06.218797+00:00 [queued]>
[2024-02-01 14:14:20,471] {taskinstance.py:1356} INFO - 
--------------------------------------------------------------------------------
[2024-02-01 14:14:20,471] {taskinstance.py:1357} INFO - Starting attempt 1 of 2
[2024-02-01 14:14:20,471] {taskinstance.py:1358} INFO - 
--------------------------------------------------------------------------------
[2024-02-01 14:14:20,480] {taskinstance.py:1377} INFO - Executing <Task(PythonOperator): create_ddl_postgres> on 2024-02-01 14:14:06.218797+00:00
[2024-02-01 14:14:20,484] {standard_task_runner.py:52} INFO - Started process 5177 to run task
[2024-02-01 14:14:20,486] {standard_task_runner.py:79} INFO - Running: ['***', 'tasks', 'run', 'etl_postgresql', 'create_ddl_postgres', 'manual__2024-02-01T14:14:06.218797+00:00', '--job-id', '283', '--raw', '--subdir', 'DAGS_FOLDER/etl_dag.py', '--cfg-path', '/tmp/tmp_jj6i6_z', '--error-file', '/tmp/tmp2csldxkb']
[2024-02-01 14:14:20,488] {standard_task_runner.py:80} INFO - Job 283: Subtask create_ddl_postgres
[2024-02-01 14:14:20,527] {task_command.py:369} INFO - Running <TaskInstance: etl_postgresql.create_ddl_postgres manual__2024-02-01T14:14:06.218797+00:00 [running]> on host 0cb2a3b23a40
[2024-02-01 14:14:20,577] {taskinstance.py:1571} INFO - Exporting the following env vars:
AIRFLOW_CTX_DAG_OWNER=***
AIRFLOW_CTX_DAG_ID=etl_postgresql
AIRFLOW_CTX_TASK_ID=create_ddl_postgres
AIRFLOW_CTX_EXECUTION_DATE=2024-02-01T14:14:06.218797+00:00
AIRFLOW_CTX_TRY_NUMBER=1
AIRFLOW_CTX_DAG_RUN_ID=manual__2024-02-01T14:14:06.218797+00:00
[2024-02-01 14:14:23,515] {logging_mixin.py:115} INFO - Successfully install sqlalchemy
[2024-02-01 14:14:26,468] {logging_mixin.py:115} INFO - Successfully install sqlalchemy
[2024-02-01 14:14:26,521] {logging_mixin.py:115} INFO - success migrate table
[2024-02-01 14:14:26,521] {python.py:173} INFO - Done. Returned value was: None
[2024-02-01 14:14:26,531] {taskinstance.py:1400} INFO - Marking task as SUCCESS. dag_id=etl_postgresql, task_id=create_ddl_postgres, execution_date=20240201T141406, start_date=20240201T141420, end_date=20240201T141426
[2024-02-01 14:14:26,558] {local_task_job.py:156} INFO - Task exited with return code 0
[2024-02-01 14:14:26,586] {local_task_job.py:273} INFO - 1 downstream tasks scheduled from follow-on schedule check
