[2024-02-02 04:13:49,634] {taskinstance.py:1159} INFO - Dependencies all met for <TaskInstance: etl_postgresql.aggregate_province_daily manual__2024-02-02T04:13:21.812451+00:00 [queued]>
[2024-02-02 04:13:49,639] {taskinstance.py:1159} INFO - Dependencies all met for <TaskInstance: etl_postgresql.aggregate_province_daily manual__2024-02-02T04:13:21.812451+00:00 [queued]>
[2024-02-02 04:13:49,639] {taskinstance.py:1356} INFO - 
--------------------------------------------------------------------------------
[2024-02-02 04:13:49,640] {taskinstance.py:1357} INFO - Starting attempt 1 of 2
[2024-02-02 04:13:49,640] {taskinstance.py:1358} INFO - 
--------------------------------------------------------------------------------
[2024-02-02 04:13:49,647] {taskinstance.py:1377} INFO - Executing <Task(PythonOperator): aggregate_province_daily> on 2024-02-02 04:13:21.812451+00:00
[2024-02-02 04:13:49,650] {standard_task_runner.py:52} INFO - Started process 937 to run task
[2024-02-02 04:13:49,653] {standard_task_runner.py:79} INFO - Running: ['***', 'tasks', 'run', 'etl_postgresql', 'aggregate_province_daily', 'manual__2024-02-02T04:13:21.812451+00:00', '--job-id', '317', '--raw', '--subdir', 'DAGS_FOLDER/etl_dag.py', '--cfg-path', '/tmp/tmpk63bo34o', '--error-file', '/tmp/tmp4i5zfy9s']
[2024-02-02 04:13:49,654] {standard_task_runner.py:80} INFO - Job 317: Subtask aggregate_province_daily
[2024-02-02 04:13:49,689] {task_command.py:369} INFO - Running <TaskInstance: etl_postgresql.aggregate_province_daily manual__2024-02-02T04:13:21.812451+00:00 [running]> on host c3bb523480bf
[2024-02-02 04:13:49,744] {taskinstance.py:1571} INFO - Exporting the following env vars:
AIRFLOW_CTX_DAG_OWNER=***
AIRFLOW_CTX_DAG_ID=etl_postgresql
AIRFLOW_CTX_TASK_ID=aggregate_province_daily
AIRFLOW_CTX_EXECUTION_DATE=2024-02-02T04:13:21.812451+00:00
AIRFLOW_CTX_TRY_NUMBER=1
AIRFLOW_CTX_DAG_RUN_ID=manual__2024-02-02T04:13:21.812451+00:00
[2024-02-02 04:13:52,206] {logging_mixin.py:115} INFO - Successfully install pandas
[2024-02-02 04:13:54,928] {logging_mixin.py:115} INFO - Successfully install sqlalchemy
[2024-02-02 04:13:57,329] {logging_mixin.py:115} INFO - Successfully install pymysql
[2024-02-02 04:13:59,789] {logging_mixin.py:115} INFO - Successfully install sqlalchemy
[2024-02-02 04:13:59,899] {python.py:173} INFO - Done. Returned value was: aggregate_province_daily
[2024-02-02 04:13:59,916] {taskinstance.py:1400} INFO - Marking task as SUCCESS. dag_id=etl_postgresql, task_id=aggregate_province_daily, execution_date=20240202T041321, start_date=20240202T041349, end_date=20240202T041359
[2024-02-02 04:13:59,950] {local_task_job.py:156} INFO - Task exited with return code 0
[2024-02-02 04:13:59,978] {local_task_job.py:273} INFO - 0 downstream tasks scheduled from follow-on schedule check
