[2024-01-31 15:22:54,367] {taskinstance.py:1159} INFO - Dependencies all met for <TaskInstance: etl_postgresql.aggregate_dim_table manual__2024-01-31T15:22:29.400693+00:00 [queued]>
[2024-01-31 15:22:54,374] {taskinstance.py:1159} INFO - Dependencies all met for <TaskInstance: etl_postgresql.aggregate_dim_table manual__2024-01-31T15:22:29.400693+00:00 [queued]>
[2024-01-31 15:22:54,374] {taskinstance.py:1356} INFO - 
--------------------------------------------------------------------------------
[2024-01-31 15:22:54,374] {taskinstance.py:1357} INFO - Starting attempt 1 of 2
[2024-01-31 15:22:54,374] {taskinstance.py:1358} INFO - 
--------------------------------------------------------------------------------
[2024-01-31 15:22:54,382] {taskinstance.py:1377} INFO - Executing <Task(PythonOperator): aggregate_dim_table> on 2024-01-31 15:22:29.400693+00:00
[2024-01-31 15:22:54,386] {standard_task_runner.py:52} INFO - Started process 9726 to run task
[2024-01-31 15:22:54,388] {standard_task_runner.py:79} INFO - Running: ['***', 'tasks', 'run', 'etl_postgresql', 'aggregate_dim_table', 'manual__2024-01-31T15:22:29.400693+00:00', '--job-id', '184', '--raw', '--subdir', 'DAGS_FOLDER/etl_dag.py', '--cfg-path', '/tmp/tmphlyvygia', '--error-file', '/tmp/tmpbm0ogzm6']
[2024-01-31 15:22:54,389] {standard_task_runner.py:80} INFO - Job 184: Subtask aggregate_dim_table
[2024-01-31 15:22:54,425] {task_command.py:369} INFO - Running <TaskInstance: etl_postgresql.aggregate_dim_table manual__2024-01-31T15:22:29.400693+00:00 [running]> on host d99f9e65d396
[2024-01-31 15:22:54,474] {taskinstance.py:1571} INFO - Exporting the following env vars:
AIRFLOW_CTX_DAG_OWNER=***
AIRFLOW_CTX_DAG_ID=etl_postgresql
AIRFLOW_CTX_TASK_ID=aggregate_dim_table
AIRFLOW_CTX_EXECUTION_DATE=2024-01-31T15:22:29.400693+00:00
AIRFLOW_CTX_TRY_NUMBER=1
AIRFLOW_CTX_DAG_RUN_ID=manual__2024-01-31T15:22:29.400693+00:00
[2024-01-31 15:22:57,299] {logging_mixin.py:115} INFO - Successfully install sqlalchemy
[2024-01-31 15:23:00,129] {logging_mixin.py:115} INFO - Successfully install sqlalchemy
[2024-01-31 15:23:02,946] {logging_mixin.py:115} INFO - Successfully install pymysql
[2024-01-31 15:23:05,802] {logging_mixin.py:115} INFO - Successfully install sqlalchemy
[2024-01-31 15:23:05,839] {logging_mixin.py:115} INFO - An error occurred: 'DISTINCT staging_covid_dataset.nama_prov' is an invalid keyword argument for Province
[2024-01-31 15:23:05,840] {python.py:173} INFO - Done. Returned value was: end
[2024-01-31 15:23:05,858] {taskinstance.py:1400} INFO - Marking task as SUCCESS. dag_id=etl_postgresql, task_id=aggregate_dim_table, execution_date=20240131T152229, start_date=20240131T152254, end_date=20240131T152305
[2024-01-31 15:23:05,872] {local_task_job.py:156} INFO - Task exited with return code 0
[2024-01-31 15:23:05,892] {local_task_job.py:273} INFO - 1 downstream tasks scheduled from follow-on schedule check
