[2024-01-31 15:01:30,407] {taskinstance.py:1159} INFO - Dependencies all met for <TaskInstance: etl_postgresql.get_data_covid manual__2024-01-31T15:01:28.912806+00:00 [queued]>
[2024-01-31 15:01:30,413] {taskinstance.py:1159} INFO - Dependencies all met for <TaskInstance: etl_postgresql.get_data_covid manual__2024-01-31T15:01:28.912806+00:00 [queued]>
[2024-01-31 15:01:30,414] {taskinstance.py:1356} INFO - 
--------------------------------------------------------------------------------
[2024-01-31 15:01:30,414] {taskinstance.py:1357} INFO - Starting attempt 1 of 2
[2024-01-31 15:01:30,414] {taskinstance.py:1358} INFO - 
--------------------------------------------------------------------------------
[2024-01-31 15:01:30,423] {taskinstance.py:1377} INFO - Executing <Task(PythonOperator): get_data_covid> on 2024-01-31 15:01:28.912806+00:00
[2024-01-31 15:01:30,427] {standard_task_runner.py:52} INFO - Started process 8887 to run task
[2024-01-31 15:01:30,431] {standard_task_runner.py:79} INFO - Running: ['***', 'tasks', 'run', 'etl_postgresql', 'get_data_covid', 'manual__2024-01-31T15:01:28.912806+00:00', '--job-id', '169', '--raw', '--subdir', 'DAGS_FOLDER/etl_dag.py', '--cfg-path', '/tmp/tmp1537e870', '--error-file', '/tmp/tmp6dsh9u5h']
[2024-01-31 15:01:30,432] {standard_task_runner.py:80} INFO - Job 169: Subtask get_data_covid
[2024-01-31 15:01:30,473] {task_command.py:369} INFO - Running <TaskInstance: etl_postgresql.get_data_covid manual__2024-01-31T15:01:28.912806+00:00 [running]> on host d99f9e65d396
[2024-01-31 15:01:30,524] {taskinstance.py:1571} INFO - Exporting the following env vars:
AIRFLOW_CTX_DAG_OWNER=***
AIRFLOW_CTX_DAG_ID=etl_postgresql
AIRFLOW_CTX_TASK_ID=get_data_covid
AIRFLOW_CTX_EXECUTION_DATE=2024-01-31T15:01:28.912806+00:00
AIRFLOW_CTX_TRY_NUMBER=1
AIRFLOW_CTX_DAG_RUN_ID=manual__2024-01-31T15:01:28.912806+00:00
[2024-01-31 15:01:33,455] {logging_mixin.py:115} INFO - Successfully install requests
[2024-01-31 15:01:33,525] {python.py:173} INFO - Done. Returned value was: get_data_covid
[2024-01-31 15:01:33,540] {taskinstance.py:1400} INFO - Marking task as SUCCESS. dag_id=etl_postgresql, task_id=get_data_covid, execution_date=20240131T150128, start_date=20240131T150130, end_date=20240131T150133
[2024-01-31 15:01:33,573] {local_task_job.py:156} INFO - Task exited with return code 0
[2024-01-31 15:01:33,601] {local_task_job.py:273} INFO - 1 downstream tasks scheduled from follow-on schedule check
