[2024-01-31 15:43:09,633] {taskinstance.py:1159} INFO - Dependencies all met for <TaskInstance: etl_postgresql.create_ddl_postgres manual__2024-01-31T15:42:51.004140+00:00 [queued]>
[2024-01-31 15:43:09,639] {taskinstance.py:1159} INFO - Dependencies all met for <TaskInstance: etl_postgresql.create_ddl_postgres manual__2024-01-31T15:42:51.004140+00:00 [queued]>
[2024-01-31 15:43:09,639] {taskinstance.py:1356} INFO - 
--------------------------------------------------------------------------------
[2024-01-31 15:43:09,640] {taskinstance.py:1357} INFO - Starting attempt 1 of 2
[2024-01-31 15:43:09,640] {taskinstance.py:1358} INFO - 
--------------------------------------------------------------------------------
[2024-01-31 15:43:09,649] {taskinstance.py:1377} INFO - Executing <Task(PythonOperator): create_ddl_postgres> on 2024-01-31 15:42:51.004140+00:00
[2024-01-31 15:43:09,652] {standard_task_runner.py:52} INFO - Started process 10738 to run task
[2024-01-31 15:43:09,655] {standard_task_runner.py:79} INFO - Running: ['***', 'tasks', 'run', 'etl_postgresql', 'create_ddl_postgres', 'manual__2024-01-31T15:42:51.004140+00:00', '--job-id', '207', '--raw', '--subdir', 'DAGS_FOLDER/etl_dag.py', '--cfg-path', '/tmp/tmptvx2ds_a', '--error-file', '/tmp/tmpulj__d4p']
[2024-01-31 15:43:09,656] {standard_task_runner.py:80} INFO - Job 207: Subtask create_ddl_postgres
[2024-01-31 15:43:09,695] {task_command.py:369} INFO - Running <TaskInstance: etl_postgresql.create_ddl_postgres manual__2024-01-31T15:42:51.004140+00:00 [running]> on host d99f9e65d396
[2024-01-31 15:43:09,744] {taskinstance.py:1571} INFO - Exporting the following env vars:
AIRFLOW_CTX_DAG_OWNER=***
AIRFLOW_CTX_DAG_ID=etl_postgresql
AIRFLOW_CTX_TASK_ID=create_ddl_postgres
AIRFLOW_CTX_EXECUTION_DATE=2024-01-31T15:42:51.004140+00:00
AIRFLOW_CTX_TRY_NUMBER=1
AIRFLOW_CTX_DAG_RUN_ID=manual__2024-01-31T15:42:51.004140+00:00
[2024-01-31 15:43:12,544] {logging_mixin.py:115} INFO - Successfully install sqlalchemy
[2024-01-31 15:43:15,521] {logging_mixin.py:115} INFO - Successfully install sqlalchemy
[2024-01-31 15:43:15,555] {logging_mixin.py:115} INFO - success migrate table
[2024-01-31 15:43:15,555] {python.py:173} INFO - Done. Returned value was: None
[2024-01-31 15:43:15,565] {taskinstance.py:1400} INFO - Marking task as SUCCESS. dag_id=etl_postgresql, task_id=create_ddl_postgres, execution_date=20240131T154251, start_date=20240131T154309, end_date=20240131T154315
[2024-01-31 15:43:15,597] {local_task_job.py:156} INFO - Task exited with return code 0
[2024-01-31 15:43:15,619] {local_task_job.py:273} INFO - 1 downstream tasks scheduled from follow-on schedule check
