[2024-01-31 14:28:35,251] {taskinstance.py:1159} INFO - Dependencies all met for <TaskInstance: etl_postgresql.import_file_to_mysql manual__2024-01-31T14:28:28.925686+00:00 [queued]>
[2024-01-31 14:28:35,257] {taskinstance.py:1159} INFO - Dependencies all met for <TaskInstance: etl_postgresql.import_file_to_mysql manual__2024-01-31T14:28:28.925686+00:00 [queued]>
[2024-01-31 14:28:35,257] {taskinstance.py:1356} INFO - 
--------------------------------------------------------------------------------
[2024-01-31 14:28:35,257] {taskinstance.py:1357} INFO - Starting attempt 1 of 2
[2024-01-31 14:28:35,258] {taskinstance.py:1358} INFO - 
--------------------------------------------------------------------------------
[2024-01-31 14:28:35,266] {taskinstance.py:1377} INFO - Executing <Task(PythonOperator): import_file_to_mysql> on 2024-01-31 14:28:28.925686+00:00
[2024-01-31 14:28:35,269] {standard_task_runner.py:52} INFO - Started process 7415 to run task
[2024-01-31 14:28:35,272] {standard_task_runner.py:79} INFO - Running: ['***', 'tasks', 'run', 'etl_postgresql', 'import_file_to_mysql', 'manual__2024-01-31T14:28:28.925686+00:00', '--job-id', '146', '--raw', '--subdir', 'DAGS_FOLDER/etl_dag.py', '--cfg-path', '/tmp/tmpzm8p7crs', '--error-file', '/tmp/tmpmc88uux5']
[2024-01-31 14:28:35,273] {standard_task_runner.py:80} INFO - Job 146: Subtask import_file_to_mysql
[2024-01-31 14:28:35,313] {task_command.py:369} INFO - Running <TaskInstance: etl_postgresql.import_file_to_mysql manual__2024-01-31T14:28:28.925686+00:00 [running]> on host d99f9e65d396
[2024-01-31 14:28:35,365] {taskinstance.py:1571} INFO - Exporting the following env vars:
AIRFLOW_CTX_DAG_OWNER=***
AIRFLOW_CTX_DAG_ID=etl_postgresql
AIRFLOW_CTX_TASK_ID=import_file_to_mysql
AIRFLOW_CTX_EXECUTION_DATE=2024-01-31T14:28:28.925686+00:00
AIRFLOW_CTX_TRY_NUMBER=1
AIRFLOW_CTX_DAG_RUN_ID=manual__2024-01-31T14:28:28.925686+00:00
[2024-01-31 14:28:36,145] {logging_mixin.py:115} INFO - Error install json
[2024-01-31 14:28:38,983] {logging_mixin.py:115} INFO - Successfully install pandas
[2024-01-31 14:28:41,801] {logging_mixin.py:115} INFO - Successfully install pymysql
[2024-01-31 14:28:42,182] {python.py:173} INFO - Done. Returned value was: import to mysql
[2024-01-31 14:28:42,199] {taskinstance.py:1400} INFO - Marking task as SUCCESS. dag_id=etl_postgresql, task_id=import_file_to_mysql, execution_date=20240131T142828, start_date=20240131T142835, end_date=20240131T142842
[2024-01-31 14:28:42,221] {local_task_job.py:156} INFO - Task exited with return code 0
[2024-01-31 14:28:42,245] {local_task_job.py:273} INFO - 1 downstream tasks scheduled from follow-on schedule check
