[2024-02-02 04:05:10,384] {taskinstance.py:1159} INFO - Dependencies all met for <TaskInstance: etl_postgresql.aggregate_district_monthly manual__2024-02-02T04:04:42.454291+00:00 [queued]>
[2024-02-02 04:05:10,390] {taskinstance.py:1159} INFO - Dependencies all met for <TaskInstance: etl_postgresql.aggregate_district_monthly manual__2024-02-02T04:04:42.454291+00:00 [queued]>
[2024-02-02 04:05:10,390] {taskinstance.py:1356} INFO - 
--------------------------------------------------------------------------------
[2024-02-02 04:05:10,390] {taskinstance.py:1357} INFO - Starting attempt 1 of 2
[2024-02-02 04:05:10,390] {taskinstance.py:1358} INFO - 
--------------------------------------------------------------------------------
[2024-02-02 04:05:10,398] {taskinstance.py:1377} INFO - Executing <Task(PythonOperator): aggregate_district_monthly> on 2024-02-02 04:04:42.454291+00:00
[2024-02-02 04:05:10,401] {standard_task_runner.py:52} INFO - Started process 578 to run task
[2024-02-02 04:05:10,403] {standard_task_runner.py:79} INFO - Running: ['***', 'tasks', 'run', 'etl_postgresql', 'aggregate_district_monthly', 'manual__2024-02-02T04:04:42.454291+00:00', '--job-id', '309', '--raw', '--subdir', 'DAGS_FOLDER/etl_dag.py', '--cfg-path', '/tmp/tmpzkr3x5sr', '--error-file', '/tmp/tmpi8ce_sly']
[2024-02-02 04:05:10,404] {standard_task_runner.py:80} INFO - Job 309: Subtask aggregate_district_monthly
[2024-02-02 04:05:10,440] {task_command.py:369} INFO - Running <TaskInstance: etl_postgresql.aggregate_district_monthly manual__2024-02-02T04:04:42.454291+00:00 [running]> on host c3bb523480bf
[2024-02-02 04:05:10,487] {taskinstance.py:1571} INFO - Exporting the following env vars:
AIRFLOW_CTX_DAG_OWNER=***
AIRFLOW_CTX_DAG_ID=etl_postgresql
AIRFLOW_CTX_TASK_ID=aggregate_district_monthly
AIRFLOW_CTX_EXECUTION_DATE=2024-02-02T04:04:42.454291+00:00
AIRFLOW_CTX_TRY_NUMBER=1
AIRFLOW_CTX_DAG_RUN_ID=manual__2024-02-02T04:04:42.454291+00:00
[2024-02-02 04:05:12,899] {logging_mixin.py:115} INFO - Successfully install pandas
[2024-02-02 04:05:15,615] {logging_mixin.py:115} INFO - Successfully install sqlalchemy
[2024-02-02 04:05:18,128] {logging_mixin.py:115} INFO - Successfully install pymysql
[2024-02-02 04:05:20,588] {logging_mixin.py:115} INFO - Successfully install sqlalchemy
[2024-02-02 04:05:20,705] {python.py:173} INFO - Done. Returned value was: aggregate_district_monthly
[2024-02-02 04:05:20,722] {taskinstance.py:1400} INFO - Marking task as SUCCESS. dag_id=etl_postgresql, task_id=aggregate_district_monthly, execution_date=20240202T040442, start_date=20240202T040510, end_date=20240202T040520
[2024-02-02 04:05:20,768] {local_task_job.py:156} INFO - Task exited with return code 0
[2024-02-02 04:05:20,787] {local_task_job.py:273} INFO - 0 downstream tasks scheduled from follow-on schedule check
